Fri, 21 Jul 2023 13:58:51 GMT - INFO - Connected to database - 
Fri, 21 Jul 2023 13:58:57 GMT - INFO - Processed block - 7212961 - 0x12201ea7fdb917b0de196f20efb83c785ed95392295288ff2f122e13843987723c0a - 
Fri, 21 Jul 2023 13:58:57 GMT - INFO - Updated pixels map - 
Fri, 21 Jul 2023 13:59:00 GMT - INFO - Processed block - 7212962 - 0x1220a7bf42e860956a19d971e1525636f57caa9b8094b35a60cdf2091ab32d979289 - 
Fri, 21 Jul 2023 13:59:01 GMT - INFO - Processed block - 7212963 - 0x12207850af2e760ff878780f1a188e362e5011ed7b39e82fd7a3c1607d8b0f9dcb6c - 
Fri, 21 Jul 2023 13:59:02 GMT - INFO - Processed block - 7212964 - 0x1220aa8e62bddb00ebb4f6223710136157ad6c5d559368bdc026c7c87bfb2d90cc30 - 
Fri, 21 Jul 2023 13:59:02 GMT - INFO - Updated pixels map - 
Fri, 21 Jul 2023 13:59:02 GMT - INFO - Processed block - 7212965 - 0x122084c28007e649e83764a5e33b668ed4b4ce0e6f9d8b7e1d29874d99738371bc24 - 
Fri, 21 Jul 2023 13:59:07 GMT - INFO - Updated pixels map - 
Fri, 21 Jul 2023 13:59:10 GMT - INFO - Processed block - 7212966 - 0x1220b3881d89933d09e017c65ede4ccaf6ae4d5a5fd9bf0ea5047cf62de6ca85ab30 - 
Fri, 21 Jul 2023 13:59:12 GMT - INFO - Updated pixels map - 
Fri, 21 Jul 2023 13:59:17 GMT - INFO - Updated pixels map - 
Fri, 21 Jul 2023 13:59:20 GMT - INFO - _@::1 - New connection to Websocket - 
Fri, 21 Jul 2023 13:59:20 GMT - INFO - Processed block - 7212967 - 0x122085b1ce8a06be3446435617691472c9741677eeb27bb89399b49acaf6840a50f4 - 
Fri, 21 Jul 2023 13:59:21 GMT - INFO - Processed block - 7212968 - 0x122055a57f4dfbff564dc5e35eeaa9afcbbc65df4d21793383078d5a4e8a7af8e079 - 
Fri, 21 Jul 2023 13:59:22 GMT - INFO - Updated pixels map - 
Fri, 21 Jul 2023 13:59:25 GMT - INFO - Processed block - 7212969 - 0x1220432f4ed9a12fd872e64da05eb8f21c8ce23c4e9220142389a7787b05d5867738 - 
Fri, 21 Jul 2023 13:59:25 GMT - INFO - Processed block - 7212970 - 0x1220e9122570a86d92a4db22e89b26b2749343951286dbaa53159f9ccf6a972939ae - 
Fri, 21 Jul 2023 13:59:27 GMT - INFO - Updated pixels map - 
Fri, 21 Jul 2023 13:59:29 GMT - INFO - Processed block - 7212971 - 0x12202dcd9d9ce69f2d04fff062ff1f9fc7d7a04615e8c1d41dbe40a5eff567f50c06 - 
Fri, 21 Jul 2023 13:59:32 GMT - INFO - Updated pixels map - 
Fri, 21 Jul 2023 13:59:37 GMT - INFO - Updated pixels map - 
Fri, 21 Jul 2023 13:59:42 GMT - INFO - Updated pixels map - 
Fri, 21 Jul 2023 13:59:43 GMT - INFO - Processed block - 7212972 - 0x12202112fd59a914eedb0a2389034bafa6c29590322c447e4a66871db6aff2ba1293 - 
Fri, 21 Jul 2023 13:59:43 GMT - INFO - Processed block - 7212973 - 0x1220e1dd7d5ff47c3f32e465e1ca61c336be5d91e91ed9b0df84d9fad8b16c906610 - 
Fri, 21 Jul 2023 13:59:44 GMT - INFO - Processed block - 7212974 - 0x122068c17804d66983855deb1e33bf7d8ab0d5faad3b7740c81c723b45f89a8b4991 - 
Fri, 21 Jul 2023 13:59:47 GMT - INFO - Updated pixels map - 
Fri, 21 Jul 2023 13:59:47 GMT - INFO - Processed block - 7212975 - 0x1220c0b5b4129d3d4333a0c0ae9bd61e85419dbcd412f0459997ec76aaee516f19e7 - 
Fri, 21 Jul 2023 13:59:48 GMT - INFO - Processed block - 7212976 - 0x1220d4951abaf2a107352d3d31a6a10ba87553f3b1f9338096abac7b5a09bf2edaa4 - 
Fri, 21 Jul 2023 13:59:49 GMT - INFO - Processed block - 7212977 - 0x1220e746c51c816eb3c3cae5168eda9900730850e18cfe8535dc2a8fc67868f1c71a - 
Fri, 21 Jul 2023 13:59:49 GMT - INFO - Processed block - 7212978 - 0x12208a9963c2c3e4f1ae66f6f04811d7b3bb0119c51fd7712b1ac118a68936b60647 - 
Fri, 21 Jul 2023 13:59:52 GMT - INFO - Updated pixels map - 
Fri, 21 Jul 2023 13:59:53 GMT - INFO - Processed block - 7212979 - 0x1220dc2b8daa5e99a5534c3aeed34011cf6780552c84b5fbf972af668b1db0109f92 - 
Fri, 21 Jul 2023 13:59:54 GMT - INFO - Processed block - 7212980 - 0x1220c107398a454820e7c746d40f3887283c1d4a7ae0e61da80970062b05c735e8d6 - 
Fri, 21 Jul 2023 13:59:57 GMT - INFO - Updated pixels map - 
Fri, 21 Jul 2023 13:59:57 GMT - INFO - Processed block - 7212981 - 0x12206742e9579701955f07de52eac6906b1f4eabb09523ff30723bbb199f598f7ac4 - 
Fri, 21 Jul 2023 14:00:02 GMT - INFO - Updated pixels map - 
Fri, 21 Jul 2023 14:00:04 GMT - INFO - Processed block - 7212982 - 0x1220d0d1a0ad615f3cf1f8a8fd88f19c48b8e97edc28369620416176c03fec3d7969 - 
Fri, 21 Jul 2023 14:00:07 GMT - INFO - Updated pixels map - 
Fri, 21 Jul 2023 14:00:08 GMT - INFO - Processed block - 7212983 - 0x1220b1e4b81109456ab4f25d9334c7a68fbfdee82efbd78878efcb8d7ecf1bf87428 - 
Fri, 21 Jul 2023 14:00:09 GMT - INFO - Processed block - 7212984 - 0x122063f2f3a4de886276255b23263501c9892636887e1ab293c3e893093c4b62b109 - 
Fri, 21 Jul 2023 14:00:09 GMT - INFO - Processed block - 7212985 - 0x1220e725c2fc31e81458307fcea28a24b4d3a09fa9ea86209f9643e640d55c205cfb - 
Fri, 21 Jul 2023 14:00:10 GMT - INFO - Processed block - 7212986 - 0x12202390f963adab81c57cad65216a41505ffb50830114c550bf3bcb0d3f4ec7b4ae - 
Fri, 21 Jul 2023 14:00:12 GMT - INFO - Updated pixels map - 
Fri, 21 Jul 2023 14:00:14 GMT - INFO - Processed block - 7212987 - 0x1220f8b56da565b8abb39b3002ca1d5953e366e6b0dfcf8dbba298a52658692dfd1c - 
Fri, 21 Jul 2023 14:00:14 GMT - INFO - Processed block - 7212988 - 0x1220a544486ae324a359b48fa435209d20d41fc339b39edc654fd2ba43fdb36572b3 - 
Fri, 21 Jul 2023 14:00:15 GMT - INFO - Processed block - 7212989 - 0x122010b0c86246035dbfe6d22ed6e3a8be55eb4511c370d86be498b5ca7b8e505d32 - 
Fri, 21 Jul 2023 14:00:15 GMT - INFO - Processed block - 7212990 - 0x1220321e2594f5b4ea87439c0eae9fbd158daf7e0befa7bd2d82df35701010b6856e - 
Fri, 21 Jul 2023 14:00:16 GMT - INFO - _@::1 - Disconnected from Websocket - transport close - 
Fri, 21 Jul 2023 14:00:17 GMT - INFO - Updated pixels map - 
Fri, 21 Jul 2023 14:00:17 GMT - INFO - _@::1 - New connection to Websocket - 
Fri, 21 Jul 2023 14:00:19 GMT - INFO - Processed block - 7212991 - 0x1220e4fe6e2d7b0f254d708cbe88da659de6a42e739e0982793ea065cccb50241206 - 
Fri, 21 Jul 2023 14:00:22 GMT - INFO - Updated pixels map - 
Fri, 21 Jul 2023 14:00:26 GMT - INFO - Processed block - 7212992 - 0x12200d0b21554c1daaf4f596b1e607387e26a73cc7e0521549abc76ee82721cdc797 - 
Fri, 21 Jul 2023 14:00:26 GMT - INFO - Processed block - 7212993 - 0x12203c4ca791f1f3172b26546e8c24d079c426a8b8b8bb5ecdabb4ab0b8e3626e1e8 - 
Fri, 21 Jul 2023 14:00:27 GMT - INFO - Updated pixels map - 
Fri, 21 Jul 2023 14:00:30 GMT - INFO - Processed block - 7212994 - 0x122049a60e8061f02730db74fa6542aa20088204b9a39142b2f36070ff942d20ca69 - 
Fri, 21 Jul 2023 14:00:32 GMT - INFO - Updated pixels map - 
Fri, 21 Jul 2023 14:00:34 GMT - INFO - Processed block - 7212995 - 0x12205327b73ef5734968de368e304dd007c6e688d62cc191aa0fe80704e304376dd2 - 
Fri, 21 Jul 2023 14:00:37 GMT - INFO - Updated pixels map - 
Fri, 21 Jul 2023 14:00:38 GMT - INFO - Processed block - 7212996 - 0x1220577a641189b0bbe772fbfadf0bdaf558d439361a65b3c1fed551522afcbd5cf5 - 
Fri, 21 Jul 2023 14:00:38 GMT - INFO - Processed block - 7212997 - 0x12207ec8a589a0808e406af162b32de64be43ccf2aaae7bf89cb6a70e1f4f5bfeea7 - 
Fri, 21 Jul 2023 14:00:39 GMT - INFO - Processed block - 7212998 - 0x122021a763b7de61aad7543ecaf3a5a8b9f1aba9032e148cde86c519b8a3b3230b03 - 
Fri, 21 Jul 2023 14:00:42 GMT - INFO - Updated pixels map - 
Fri, 21 Jul 2023 14:00:43 GMT - INFO - Processed block - 7212999 - 0x122056e6be25cf98d603f4c903cfcacdbbef33120e62f1459aa48ee5027ff8586c28 - 
Fri, 21 Jul 2023 14:00:43 GMT - INFO - Processed block - 7213000 - 0x122000105ae97791c2740756259e8200c063b6b8707dc68a08bd9bbd03434b6b9d40 - 
Fri, 21 Jul 2023 14:00:44 GMT - INFO - Processed block - 7213001 - 0x1220791c8455f6b85c8d38be5913911607a01e1701b1870901fd8d658b50db23a591 - 
Fri, 21 Jul 2023 14:00:47 GMT - INFO - Updated pixels map - 
Fri, 21 Jul 2023 14:00:51 GMT - INFO - Processed block - 7213002 - 0x12204ad63aa8d0d28d962b882077c1467515336f7c85484dde1295205d4b28ae7380 - 
Fri, 21 Jul 2023 14:00:52 GMT - INFO - Updated pixels map - 
Fri, 21 Jul 2023 14:00:56 GMT - INFO - Processed block - 7213003 - 0x12202b86608283117b724726d8c8318a2738f6e39d373eb42384c71855f5fe4bedd2 - 
Fri, 21 Jul 2023 14:00:57 GMT - INFO - Updated pixels map - 
Fri, 21 Jul 2023 14:01:02 GMT - INFO - Updated pixels map - 
Fri, 21 Jul 2023 14:01:03 GMT - INFO - Processed block - 7213004 - 0x12206c77fda7de186215865f92b77daffa4a1e701e5e7f1b1b416d372252abced44d - 
Fri, 21 Jul 2023 14:01:03 GMT - INFO - Processed block - 7213005 - 0x1220ddd10c405c1d7a3ff3033b7d45c940b000622e78b86b73e74c8d084ab8efae40 - 
Fri, 21 Jul 2023 14:01:07 GMT - INFO - Updated pixels map - 
Fri, 21 Jul 2023 14:01:07 GMT - INFO - Processed block - 7213006 - 0x1220324878d5bc4e3c808c957f17aabebfd98d1cf56b4e55fa3cb16d26e773611d7d - 
Fri, 21 Jul 2023 14:01:08 GMT - INFO - Processed block - 7213007 - 0x12209045e605197d5f720eb4687d1b25765686017730f36eb239ce665d0976552b48 - 
