Sun, 18 Jun 2023 13:31:08 GMT - INFO - Connected to database - 
Sun, 18 Jun 2023 13:31:10 GMT - INFO - Contract transactions history updated - 
Sun, 18 Jun 2023 13:31:10 GMT - INFO - Contract transactions history updated - 
Sun, 18 Jun 2023 13:31:12 GMT - INFO - Contract transactions history updated - 
Sun, 18 Jun 2023 13:31:12 GMT - INFO - Contract transactions history updated - 
Sun, 18 Jun 2023 13:31:13 GMT - INFO - Updated pixels map - 
Sun, 18 Jun 2023 13:31:14 GMT - INFO - Contract transactions history updated - 
Sun, 18 Jun 2023 13:31:14 GMT - INFO - Contract transactions history updated - 
Sun, 18 Jun 2023 13:31:15 GMT - INFO - Contract transactions history updated - 
Sun, 18 Jun 2023 13:31:16 GMT - INFO - Contract transactions history updated - 
Sun, 18 Jun 2023 13:31:18 GMT - INFO - Contract transactions history updated - 
Sun, 18 Jun 2023 13:31:18 GMT - INFO - Updated pixels map - 
Sun, 18 Jun 2023 13:31:19 GMT - INFO - Contract transactions history updated - 
Sun, 18 Jun 2023 13:31:19 GMT - INFO - Contract transactions history updated - 
Sun, 18 Jun 2023 13:31:21 GMT - INFO - Contract transactions history updated - 
Sun, 18 Jun 2023 13:31:21 GMT - INFO - Contract transactions history updated - 
Sun, 18 Jun 2023 13:31:22 GMT - INFO - Contract transactions history updated - 
Sun, 18 Jun 2023 13:31:23 GMT - INFO - Updated pixels map - 
Sun, 18 Jun 2023 13:31:24 GMT - INFO - Contract transactions history updated - 
Sun, 18 Jun 2023 13:31:25 GMT - INFO - Contract transactions history updated - 
Sun, 18 Jun 2023 13:31:26 GMT - INFO - Contract transactions history updated - 
Sun, 18 Jun 2023 13:31:26 GMT - INFO - Contract transactions history updated - 
Sun, 18 Jun 2023 13:31:27 GMT - INFO - _@::1 - New connection to Websocket - 
Sun, 18 Jun 2023 13:31:28 GMT - INFO - Contract transactions history updated - 
Sun, 18 Jun 2023 13:31:28 GMT - INFO - Updated pixels map - 
Sun, 18 Jun 2023 13:31:28 GMT - INFO - Contract transactions history updated - 
Sun, 18 Jun 2023 13:31:30 GMT - INFO - Contract transactions history updated - 
Sun, 18 Jun 2023 13:31:30 GMT - INFO - Contract transactions history updated - 
Sun, 18 Jun 2023 13:31:32 GMT - INFO - Contract transactions history updated - 
Sun, 18 Jun 2023 13:31:33 GMT - INFO - Contract transactions history updated - 
Sun, 18 Jun 2023 13:31:33 GMT - INFO - Updated pixels map - 
Sun, 18 Jun 2023 13:31:34 GMT - INFO - Contract transactions history updated - 
Sun, 18 Jun 2023 13:31:35 GMT - INFO - Contract transactions history updated - 
Sun, 18 Jun 2023 13:31:36 GMT - INFO - Contract transactions history updated - 
Sun, 18 Jun 2023 13:31:37 GMT - INFO - Contract transactions history updated - 
Sun, 18 Jun 2023 13:31:38 GMT - INFO - Contract transactions history updated - 
Sun, 18 Jun 2023 13:31:38 GMT - INFO - Updated pixels map - 
Sun, 18 Jun 2023 13:31:39 GMT - INFO - Contract transactions history updated - 
Sun, 18 Jun 2023 13:31:40 GMT - INFO - Contract transactions history updated - 
Sun, 18 Jun 2023 13:31:41 GMT - INFO - Contract transactions history updated - 
Sun, 18 Jun 2023 13:31:42 GMT - INFO - Contract transactions history updated - 
Sun, 18 Jun 2023 13:31:43 GMT - INFO - Contract transactions history updated - 
Sun, 18 Jun 2023 13:31:43 GMT - INFO - Updated pixels map - 
Sun, 18 Jun 2023 13:31:44 GMT - INFO - Contract transactions history updated - 
Sun, 18 Jun 2023 13:31:45 GMT - INFO - Contract transactions history updated - 
Sun, 18 Jun 2023 13:31:46 GMT - INFO - Contract transactions history updated - 
Sun, 18 Jun 2023 13:31:47 GMT - INFO - Contract transactions history updated - 
Sun, 18 Jun 2023 13:31:48 GMT - INFO - Contract transactions history updated - 
Sun, 18 Jun 2023 13:31:48 GMT - INFO - Updated pixels map - 
Sun, 18 Jun 2023 13:31:49 GMT - INFO - Contract transactions history updated - 
Sun, 18 Jun 2023 13:31:50 GMT - INFO - Contract transactions history updated - 
Sun, 18 Jun 2023 13:31:51 GMT - INFO - Contract transactions history updated - 
Sun, 18 Jun 2023 13:31:52 GMT - INFO - Contract transactions history updated - 
Sun, 18 Jun 2023 13:31:53 GMT - INFO - Contract transactions history updated - 
Sun, 18 Jun 2023 13:31:53 GMT - INFO - Updated pixels map - 
Sun, 18 Jun 2023 13:31:54 GMT - INFO - Contract transactions history updated - 
Sun, 18 Jun 2023 13:31:55 GMT - INFO - Contract transactions history updated - 
Sun, 18 Jun 2023 13:31:56 GMT - INFO - Contract transactions history updated - 
Sun, 18 Jun 2023 13:31:57 GMT - INFO - Contract transactions history updated - 
Sun, 18 Jun 2023 13:31:58 GMT - INFO - Contract transactions history updated - 
Sun, 18 Jun 2023 13:31:58 GMT - INFO - Updated pixels map - 
Sun, 18 Jun 2023 13:31:59 GMT - INFO - Contract transactions history updated - 
Sun, 18 Jun 2023 13:32:00 GMT - INFO - Contract transactions history updated - 
Sun, 18 Jun 2023 13:32:01 GMT - INFO - Contract transactions history updated - 
Sun, 18 Jun 2023 13:32:02 GMT - INFO - Contract transactions history updated - 
Sun, 18 Jun 2023 13:32:03 GMT - INFO - Contract transactions history updated - 
Sun, 18 Jun 2023 13:32:03 GMT - INFO - Updated pixels map - 
Sun, 18 Jun 2023 13:32:04 GMT - INFO - Contract transactions history updated - 
Sun, 18 Jun 2023 13:32:05 GMT - INFO - Contract transactions history updated - 
Sun, 18 Jun 2023 13:32:06 GMT - INFO - Contract transactions history updated - 
Sun, 18 Jun 2023 13:32:07 GMT - INFO - Contract transactions history updated - 
Sun, 18 Jun 2023 13:32:08 GMT - INFO - Contract transactions history updated - 
Sun, 18 Jun 2023 13:32:08 GMT - INFO - Updated pixels map - 
Sun, 18 Jun 2023 13:32:09 GMT - INFO - Contract transactions history updated - 
Sun, 18 Jun 2023 13:32:10 GMT - INFO - Contract transactions history updated - 
Sun, 18 Jun 2023 13:32:11 GMT - INFO - Contract transactions history updated - 
Sun, 18 Jun 2023 13:32:12 GMT - INFO - Contract transactions history updated - 
Sun, 18 Jun 2023 13:32:13 GMT - INFO - Contract transactions history updated - 
Sun, 18 Jun 2023 13:32:13 GMT - INFO - Updated pixels map - 
Sun, 18 Jun 2023 13:32:14 GMT - INFO - Contract transactions history updated - 
Sun, 18 Jun 2023 13:32:15 GMT - INFO - Contract transactions history updated - 
Sun, 18 Jun 2023 13:32:16 GMT - INFO - Contract transactions history updated - 
Sun, 18 Jun 2023 13:32:17 GMT - INFO - Contract transactions history updated - 
Sun, 18 Jun 2023 13:32:18 GMT - INFO - Contract transactions history updated - 
Sun, 18 Jun 2023 13:32:18 GMT - INFO - Updated pixels map - 
Sun, 18 Jun 2023 13:32:19 GMT - INFO - Contract transactions history updated - 
Sun, 18 Jun 2023 13:32:20 GMT - INFO - Contract transactions history updated - 
Sun, 18 Jun 2023 13:32:21 GMT - INFO - Contract transactions history updated - 
Sun, 18 Jun 2023 13:32:22 GMT - INFO - Contract transactions history updated - 
Sun, 18 Jun 2023 13:32:23 GMT - INFO - Contract transactions history updated - 
Sun, 18 Jun 2023 13:32:23 GMT - INFO - Updated pixels map - 
Sun, 18 Jun 2023 13:32:24 GMT - INFO - Contract transactions history updated - 
Sun, 18 Jun 2023 13:32:25 GMT - INFO - Contract transactions history updated - 
Sun, 18 Jun 2023 13:32:26 GMT - INFO - Contract transactions history updated - 
Sun, 18 Jun 2023 13:32:27 GMT - INFO - Contract transactions history updated - 
Sun, 18 Jun 2023 13:32:28 GMT - INFO - Contract transactions history updated - 
Sun, 18 Jun 2023 13:32:28 GMT - INFO - Updated pixels map - 
Sun, 18 Jun 2023 13:32:29 GMT - INFO - Contract transactions history updated - 
Sun, 18 Jun 2023 13:32:30 GMT - INFO - Contract transactions history updated - 
Sun, 18 Jun 2023 13:32:31 GMT - INFO - Contract transactions history updated - 
Sun, 18 Jun 2023 13:32:32 GMT - INFO - Contract transactions history updated - 
Sun, 18 Jun 2023 13:32:33 GMT - INFO - Contract transactions history updated - 
Sun, 18 Jun 2023 13:32:33 GMT - INFO - Updated pixels map - 
Sun, 18 Jun 2023 13:32:34 GMT - INFO - Contract transactions history updated - 
Sun, 18 Jun 2023 13:32:35 GMT - INFO - Contract transactions history updated - 
Sun, 18 Jun 2023 13:32:36 GMT - INFO - Contract transactions history updated - 
Sun, 18 Jun 2023 13:32:37 GMT - INFO - Contract transactions history updated - 
Sun, 18 Jun 2023 13:32:38 GMT - INFO - Contract transactions history updated - 
Sun, 18 Jun 2023 13:32:38 GMT - INFO - Updated pixels map - 
Sun, 18 Jun 2023 13:32:39 GMT - INFO - Contract transactions history updated - 
Sun, 18 Jun 2023 13:32:40 GMT - INFO - Contract transactions history updated - 
Sun, 18 Jun 2023 13:32:41 GMT - INFO - Contract transactions history updated - 
Sun, 18 Jun 2023 13:32:42 GMT - INFO - Contract transactions history updated - 
Sun, 18 Jun 2023 13:32:43 GMT - INFO - Contract transactions history updated - 
Sun, 18 Jun 2023 13:32:43 GMT - INFO - Updated pixels map - 
Sun, 18 Jun 2023 13:32:44 GMT - INFO - Contract transactions history updated - 
Sun, 18 Jun 2023 13:32:45 GMT - INFO - Contract transactions history updated - 
Sun, 18 Jun 2023 13:32:46 GMT - INFO - Contract transactions history updated - 
Sun, 18 Jun 2023 13:32:48 GMT - INFO - Contract transactions history updated - 
Sun, 18 Jun 2023 13:32:48 GMT - INFO - Contract transactions history updated - 
Sun, 18 Jun 2023 13:32:48 GMT - INFO - Updated pixels map - 
Sun, 18 Jun 2023 13:32:49 GMT - INFO - Contract transactions history updated - 
Sun, 18 Jun 2023 13:32:50 GMT - INFO - Contract transactions history updated - 
Sun, 18 Jun 2023 13:32:51 GMT - INFO - Contract transactions history updated - 
Sun, 18 Jun 2023 13:32:52 GMT - INFO - Contract transactions history updated - 
Sun, 18 Jun 2023 13:32:53 GMT - INFO - Updated pixels map - 
Sun, 18 Jun 2023 13:32:53 GMT - INFO - Contract transactions history updated - 
Sun, 18 Jun 2023 13:32:54 GMT - INFO - Contract transactions history updated - 
Sun, 18 Jun 2023 13:32:55 GMT - INFO - Contract transactions history updated - 
Sun, 18 Jun 2023 13:32:56 GMT - INFO - Contract transactions history updated - 
Sun, 18 Jun 2023 13:32:57 GMT - INFO - Contract transactions history updated - 
Sun, 18 Jun 2023 13:32:58 GMT - INFO - Updated pixels map - 
Sun, 18 Jun 2023 13:32:58 GMT - INFO - Contract transactions history updated - 
Sun, 18 Jun 2023 13:32:59 GMT - INFO - Contract transactions history updated - 
Sun, 18 Jun 2023 13:33:00 GMT - INFO - Contract transactions history updated - 
Sun, 18 Jun 2023 13:33:01 GMT - INFO - Contract transactions history updated - 
Sun, 18 Jun 2023 13:33:02 GMT - INFO - Contract transactions history updated - 
Sun, 18 Jun 2023 13:33:03 GMT - INFO - Updated pixels map - 
Sun, 18 Jun 2023 13:33:04 GMT - INFO - Contract transactions history updated - 
Sun, 18 Jun 2023 13:33:04 GMT - INFO - Contract transactions history updated - 
Sun, 18 Jun 2023 13:33:05 GMT - INFO - Contract transactions history updated - 
Sun, 18 Jun 2023 13:33:07 GMT - INFO - Contract transactions history updated - 
Sun, 18 Jun 2023 13:33:07 GMT - INFO - Contract transactions history updated - 
Sun, 18 Jun 2023 13:33:08 GMT - INFO - Updated pixels map - 
Sun, 18 Jun 2023 13:33:09 GMT - INFO - Contract transactions history updated - 
Sun, 18 Jun 2023 13:33:09 GMT - INFO - Contract transactions history updated - 
Sun, 18 Jun 2023 13:33:10 GMT - INFO - Contract transactions history updated - 
Sun, 18 Jun 2023 13:33:11 GMT - INFO - Contract transactions history updated - 
Sun, 18 Jun 2023 13:33:12 GMT - INFO - Contract transactions history updated - 
Sun, 18 Jun 2023 13:33:13 GMT - INFO - Updated pixels map - 
Sun, 18 Jun 2023 13:33:13 GMT - INFO - Contract transactions history updated - 
Sun, 18 Jun 2023 13:33:15 GMT - INFO - Contract transactions history updated - 
Sun, 18 Jun 2023 13:33:15 GMT - INFO - Contract transactions history updated - 
Sun, 18 Jun 2023 13:33:16 GMT - INFO - Contract transactions history updated - 
Sun, 18 Jun 2023 13:33:17 GMT - INFO - Contract transactions history updated - 
Sun, 18 Jun 2023 13:33:18 GMT - INFO - Updated pixels map - 
Sun, 18 Jun 2023 13:33:18 GMT - INFO - Contract transactions history updated - 
Sun, 18 Jun 2023 13:33:20 GMT - INFO - Contract transactions history updated - 
Sun, 18 Jun 2023 13:33:20 GMT - INFO - Contract transactions history updated - 
Sun, 18 Jun 2023 13:33:22 GMT - INFO - Contract transactions history updated - 
Sun, 18 Jun 2023 13:33:22 GMT - INFO - Contract transactions history updated - 
Sun, 18 Jun 2023 13:33:23 GMT - INFO - Updated pixels map - 
Sun, 18 Jun 2023 13:33:23 GMT - INFO - Contract transactions history updated - 
Sun, 18 Jun 2023 13:33:25 GMT - INFO - Contract transactions history updated - 
Sun, 18 Jun 2023 13:33:26 GMT - INFO - Contract transactions history updated - 
Sun, 18 Jun 2023 13:33:26 GMT - INFO - Contract transactions history updated - 
Sun, 18 Jun 2023 13:33:28 GMT - INFO - Contract transactions history updated - 
Sun, 18 Jun 2023 13:33:28 GMT - INFO - Updated pixels map - 
Sun, 18 Jun 2023 13:33:28 GMT - INFO - Contract transactions history updated - 
Sun, 18 Jun 2023 13:33:29 GMT - INFO - Contract transactions history updated - 
Sun, 18 Jun 2023 13:33:30 GMT - INFO - Contract transactions history updated - 
Sun, 18 Jun 2023 13:33:32 GMT - INFO - Contract transactions history updated - 
Sun, 18 Jun 2023 13:33:33 GMT - INFO - Contract transactions history updated - 
Sun, 18 Jun 2023 13:33:33 GMT - INFO - Updated pixels map - 
Sun, 18 Jun 2023 13:33:33 GMT - INFO - Contract transactions history updated - 
Sun, 18 Jun 2023 13:33:34 GMT - INFO - Contract transactions history updated - 
Sun, 18 Jun 2023 13:33:35 GMT - INFO - Contract transactions history updated - 
Sun, 18 Jun 2023 13:33:37 GMT - INFO - Contract transactions history updated - 
Sun, 18 Jun 2023 13:33:38 GMT - INFO - Contract transactions history updated - 
Sun, 18 Jun 2023 13:33:38 GMT - INFO - Updated pixels map - 
Sun, 18 Jun 2023 13:33:38 GMT - INFO - Contract transactions history updated - 
Sun, 18 Jun 2023 13:33:40 GMT - INFO - Contract transactions history updated - 
Sun, 18 Jun 2023 13:33:41 GMT - INFO - Contract transactions history updated - 
Sun, 18 Jun 2023 13:33:42 GMT - INFO - Contract transactions history updated - 
Sun, 18 Jun 2023 13:33:43 GMT - INFO - Contract transactions history updated - 
Sun, 18 Jun 2023 13:33:43 GMT - INFO - Updated pixels map - 
Sun, 18 Jun 2023 13:33:44 GMT - INFO - Contract transactions history updated - 
Sun, 18 Jun 2023 13:33:45 GMT - INFO - Contract transactions history updated - 
Sun, 18 Jun 2023 13:33:46 GMT - INFO - Contract transactions history updated - 
Sun, 18 Jun 2023 13:33:47 GMT - INFO - Contract transactions history updated - 
Sun, 18 Jun 2023 13:33:48 GMT - INFO - Contract transactions history updated - 
Sun, 18 Jun 2023 13:33:48 GMT - INFO - Updated pixels map - 
Sun, 18 Jun 2023 13:33:49 GMT - INFO - Contract transactions history updated - 
Sun, 18 Jun 2023 13:33:50 GMT - INFO - Contract transactions history updated - 
Sun, 18 Jun 2023 13:33:51 GMT - INFO - Contract transactions history updated - 
Sun, 18 Jun 2023 13:33:52 GMT - INFO - Contract transactions history updated - 
Sun, 18 Jun 2023 13:33:53 GMT - INFO - Contract transactions history updated - 
Sun, 18 Jun 2023 13:33:53 GMT - INFO - Updated pixels map - 
Sun, 18 Jun 2023 13:33:54 GMT - INFO - Contract transactions history updated - 
Sun, 18 Jun 2023 13:33:55 GMT - INFO - Contract transactions history updated - 
Sun, 18 Jun 2023 13:33:56 GMT - INFO - Contract transactions history updated - 
Sun, 18 Jun 2023 13:33:57 GMT - INFO - Contract transactions history updated - 
Sun, 18 Jun 2023 13:33:58 GMT - INFO - Contract transactions history updated - 
Sun, 18 Jun 2023 13:33:58 GMT - INFO - Updated pixels map - 
Sun, 18 Jun 2023 13:33:59 GMT - INFO - Contract transactions history updated - 
Sun, 18 Jun 2023 13:34:00 GMT - INFO - Contract transactions history updated - 
Sun, 18 Jun 2023 13:34:01 GMT - INFO - Contract transactions history updated - 
Sun, 18 Jun 2023 13:34:02 GMT - INFO - Contract transactions history updated - 
Sun, 18 Jun 2023 13:34:03 GMT - INFO - Contract transactions history updated - 
Sun, 18 Jun 2023 13:34:03 GMT - INFO - Updated pixels map - 
Sun, 18 Jun 2023 13:34:04 GMT - INFO - Contract transactions history updated - 
Sun, 18 Jun 2023 13:34:05 GMT - INFO - Contract transactions history updated - 
Sun, 18 Jun 2023 13:34:06 GMT - INFO - Contract transactions history updated - 
Sun, 18 Jun 2023 13:34:07 GMT - INFO - Contract transactions history updated - 
Sun, 18 Jun 2023 13:34:08 GMT - INFO - Contract transactions history updated - 
Sun, 18 Jun 2023 13:34:08 GMT - INFO - Updated pixels map - 
Sun, 18 Jun 2023 13:34:09 GMT - INFO - Contract transactions history updated - 
Sun, 18 Jun 2023 13:34:10 GMT - INFO - Contract transactions history updated - 
Sun, 18 Jun 2023 13:34:11 GMT - INFO - Contract transactions history updated - 
Sun, 18 Jun 2023 13:34:12 GMT - INFO - Contract transactions history updated - 
Sun, 18 Jun 2023 13:34:13 GMT - INFO - Contract transactions history updated - 
Sun, 18 Jun 2023 13:34:13 GMT - INFO - Updated pixels map - 
Sun, 18 Jun 2023 13:34:14 GMT - INFO - Contract transactions history updated - 
Sun, 18 Jun 2023 13:34:15 GMT - INFO - Contract transactions history updated - 
Sun, 18 Jun 2023 13:34:16 GMT - INFO - Contract transactions history updated - 
Sun, 18 Jun 2023 13:34:17 GMT - INFO - Contract transactions history updated - 
Sun, 18 Jun 2023 13:34:18 GMT - INFO - Contract transactions history updated - 
Sun, 18 Jun 2023 13:34:18 GMT - INFO - Updated pixels map - 
Sun, 18 Jun 2023 13:34:19 GMT - INFO - Contract transactions history updated - 
Sun, 18 Jun 2023 13:34:20 GMT - INFO - Contract transactions history updated - 
Sun, 18 Jun 2023 13:34:21 GMT - INFO - Contract transactions history updated - 
Sun, 18 Jun 2023 13:34:22 GMT - INFO - Contract transactions history updated - 
Sun, 18 Jun 2023 13:34:23 GMT - INFO - Contract transactions history updated - 
Sun, 18 Jun 2023 13:34:23 GMT - INFO - Updated pixels map - 
Sun, 18 Jun 2023 13:34:24 GMT - INFO - Contract transactions history updated - 
Sun, 18 Jun 2023 13:34:25 GMT - INFO - Contract transactions history updated - 
Sun, 18 Jun 2023 13:34:26 GMT - INFO - Contract transactions history updated - 
Sun, 18 Jun 2023 13:34:27 GMT - INFO - Contract transactions history updated - 
Sun, 18 Jun 2023 13:34:28 GMT - INFO - Contract transactions history updated - 
Sun, 18 Jun 2023 13:34:28 GMT - INFO - Updated pixels map - 
Sun, 18 Jun 2023 13:34:29 GMT - INFO - Contract transactions history updated - 
Sun, 18 Jun 2023 13:34:30 GMT - INFO - Contract transactions history updated - 
Sun, 18 Jun 2023 13:34:31 GMT - INFO - Contract transactions history updated - 
Sun, 18 Jun 2023 13:34:32 GMT - INFO - Contract transactions history updated - 
Sun, 18 Jun 2023 13:34:33 GMT - INFO - Contract transactions history updated - 
Sun, 18 Jun 2023 13:34:33 GMT - INFO - Updated pixels map - 
Sun, 18 Jun 2023 13:34:34 GMT - INFO - Contract transactions history updated - 
Sun, 18 Jun 2023 13:34:35 GMT - INFO - Contract transactions history updated - 
Sun, 18 Jun 2023 13:34:36 GMT - INFO - Contract transactions history updated - 
Sun, 18 Jun 2023 13:34:37 GMT - INFO - Contract transactions history updated - 
Sun, 18 Jun 2023 13:34:37 GMT - INFO - _@::1 - Disconnected from Websocket - transport close - 
Sun, 18 Jun 2023 13:34:38 GMT - INFO - Contract transactions history updated - 
Sun, 18 Jun 2023 13:34:38 GMT - INFO - Updated pixels map - 
Sun, 18 Jun 2023 13:34:39 GMT - INFO - _@::1 - New connection to Websocket - 
Sun, 18 Jun 2023 13:34:39 GMT - INFO - Contract transactions history updated - 
Sun, 18 Jun 2023 13:34:40 GMT - INFO - Contract transactions history updated - 
Sun, 18 Jun 2023 13:34:41 GMT - INFO - Contract transactions history updated - 
Sun, 18 Jun 2023 13:34:42 GMT - INFO - Contract transactions history updated - 
Sun, 18 Jun 2023 13:34:43 GMT - INFO - Contract transactions history updated - 
Sun, 18 Jun 2023 13:34:43 GMT - INFO - Updated pixels map - 
Sun, 18 Jun 2023 13:34:44 GMT - INFO - Contract transactions history updated - 
Sun, 18 Jun 2023 13:34:45 GMT - INFO - Contract transactions history updated - 
Sun, 18 Jun 2023 13:34:46 GMT - INFO - Contract transactions history updated - 
Sun, 18 Jun 2023 13:34:47 GMT - INFO - Contract transactions history updated - 
Sun, 18 Jun 2023 13:34:48 GMT - INFO - Contract transactions history updated - 
Sun, 18 Jun 2023 13:34:48 GMT - INFO - Updated pixels map - 
Sun, 18 Jun 2023 13:34:49 GMT - INFO - Contract transactions history updated - 
Sun, 18 Jun 2023 13:34:50 GMT - INFO - Contract transactions history updated - 
Sun, 18 Jun 2023 13:34:51 GMT - INFO - Contract transactions history updated - 
Sun, 18 Jun 2023 13:34:52 GMT - INFO - Contract transactions history updated - 
Sun, 18 Jun 2023 13:34:53 GMT - INFO - Contract transactions history updated - 
Sun, 18 Jun 2023 13:34:53 GMT - INFO - Updated pixels map - 
Sun, 18 Jun 2023 13:34:54 GMT - INFO - Contract transactions history updated - 
Sun, 18 Jun 2023 13:34:55 GMT - INFO - Contract transactions history updated - 
Sun, 18 Jun 2023 13:34:56 GMT - INFO - Contract transactions history updated - 
Sun, 18 Jun 2023 13:34:57 GMT - INFO - Contract transactions history updated - 
Sun, 18 Jun 2023 13:34:58 GMT - INFO - Contract transactions history updated - 
Sun, 18 Jun 2023 13:34:58 GMT - INFO - Updated pixels map - 
Sun, 18 Jun 2023 13:34:59 GMT - INFO - Contract transactions history updated - 
Sun, 18 Jun 2023 13:35:00 GMT - INFO - Contract transactions history updated - 
Sun, 18 Jun 2023 13:35:01 GMT - INFO - Contract transactions history updated - 
Sun, 18 Jun 2023 13:35:02 GMT - INFO - Contract transactions history updated - 
Sun, 18 Jun 2023 13:35:03 GMT - INFO - Contract transactions history updated - 
Sun, 18 Jun 2023 13:35:03 GMT - INFO - Updated pixels map - 
Sun, 18 Jun 2023 13:35:04 GMT - INFO - Contract transactions history updated - 
Sun, 18 Jun 2023 13:35:05 GMT - INFO - Contract transactions history updated - 
Sun, 18 Jun 2023 13:35:06 GMT - INFO - Contract transactions history updated - 
Sun, 18 Jun 2023 13:35:07 GMT - INFO - Contract transactions history updated - 
Sun, 18 Jun 2023 13:35:08 GMT - INFO - Contract transactions history updated - 
Sun, 18 Jun 2023 13:35:08 GMT - INFO - Updated pixels map - 
Sun, 18 Jun 2023 13:35:09 GMT - INFO - Contract transactions history updated - 
Sun, 18 Jun 2023 13:35:10 GMT - INFO - Contract transactions history updated - 
Sun, 18 Jun 2023 13:35:11 GMT - INFO - Contract transactions history updated - 
Sun, 18 Jun 2023 13:35:12 GMT - INFO - Contract transactions history updated - 
Sun, 18 Jun 2023 13:35:13 GMT - INFO - Contract transactions history updated - 
Sun, 18 Jun 2023 13:35:13 GMT - INFO - Updated pixels map - 
Sun, 18 Jun 2023 13:35:14 GMT - INFO - Contract transactions history updated - 
Sun, 18 Jun 2023 13:35:15 GMT - INFO - Contract transactions history updated - 
Sun, 18 Jun 2023 13:35:16 GMT - INFO - Contract transactions history updated - 
Sun, 18 Jun 2023 13:35:17 GMT - INFO - Contract transactions history updated - 
Sun, 18 Jun 2023 13:35:18 GMT - INFO - Contract transactions history updated - 
Sun, 18 Jun 2023 13:35:18 GMT - INFO - Updated pixels map - 
Sun, 18 Jun 2023 13:35:19 GMT - INFO - Contract transactions history updated - 
Sun, 18 Jun 2023 13:35:20 GMT - INFO - Contract transactions history updated - 
Sun, 18 Jun 2023 13:35:21 GMT - INFO - Contract transactions history updated - 
Sun, 18 Jun 2023 13:35:22 GMT - INFO - Contract transactions history updated - 
Sun, 18 Jun 2023 13:35:23 GMT - INFO - Contract transactions history updated - 
Sun, 18 Jun 2023 13:35:23 GMT - INFO - Updated pixels map - 
Sun, 18 Jun 2023 13:35:24 GMT - INFO - Contract transactions history updated - 
Sun, 18 Jun 2023 13:35:25 GMT - INFO - Contract transactions history updated - 
Sun, 18 Jun 2023 13:35:26 GMT - INFO - Contract transactions history updated - 
Sun, 18 Jun 2023 13:35:27 GMT - INFO - Contract transactions history updated - 
Sun, 18 Jun 2023 13:35:28 GMT - INFO - Contract transactions history updated - 
Sun, 18 Jun 2023 13:35:28 GMT - INFO - Updated pixels map - 
Sun, 18 Jun 2023 13:35:29 GMT - INFO - Contract transactions history updated - 
Sun, 18 Jun 2023 13:35:31 GMT - INFO - Contract transactions history updated - 
Sun, 18 Jun 2023 13:35:31 GMT - INFO - Contract transactions history updated - 
Sun, 18 Jun 2023 13:35:32 GMT - INFO - Contract transactions history updated - 
Sun, 18 Jun 2023 13:35:33 GMT - INFO - Contract transactions history updated - 
Sun, 18 Jun 2023 13:35:33 GMT - INFO - Updated pixels map - 
Sun, 18 Jun 2023 13:35:34 GMT - INFO - Contract transactions history updated - 
Sun, 18 Jun 2023 13:35:35 GMT - INFO - Contract transactions history updated - 
Sun, 18 Jun 2023 13:35:36 GMT - INFO - Contract transactions history updated - 
Sun, 18 Jun 2023 13:35:38 GMT - INFO - Contract transactions history updated - 
Sun, 18 Jun 2023 13:35:38 GMT - INFO - Contract transactions history updated - 
Sun, 18 Jun 2023 13:35:38 GMT - INFO - Updated pixels map - 
Sun, 18 Jun 2023 13:35:39 GMT - INFO - Contract transactions history updated - 
Sun, 18 Jun 2023 13:35:40 GMT - INFO - Contract transactions history updated - 
Sun, 18 Jun 2023 13:35:41 GMT - INFO - Contract transactions history updated - 
Sun, 18 Jun 2023 13:35:42 GMT - INFO - _@::1 - Disconnected from Websocket - transport close - 
Sun, 18 Jun 2023 13:35:42 GMT - INFO - Contract transactions history updated - 
Sun, 18 Jun 2023 13:35:43 GMT - INFO - Updated pixels map - 
Sun, 18 Jun 2023 13:35:44 GMT - INFO - Contract transactions history updated - 
