Connected to database
Thu, 08 Jun 2023 15:28:23 GMT - INFO - Updated pixels map - 
Thu, 08 Jun 2023 15:28:28 GMT - INFO - Updated pixels map - 
Thu, 08 Jun 2023 15:28:33 GMT - INFO - Updated pixels map - 
Thu, 08 Jun 2023 15:28:38 GMT - INFO - Updated pixels map - 
Thu, 08 Jun 2023 15:28:43 GMT - INFO - Updated pixels map - 
Thu, 08 Jun 2023 15:28:48 GMT - INFO - Updated pixels map - 
Thu, 08 Jun 2023 15:28:53 GMT - INFO - Updated pixels map - 
Thu, 08 Jun 2023 15:28:58 GMT - INFO - Updated pixels map - 
Thu, 08 Jun 2023 15:29:03 GMT - INFO - Updated pixels map - 
Thu, 08 Jun 2023 15:29:08 GMT - INFO - Updated pixels map - 
Thu, 08 Jun 2023 15:29:13 GMT - INFO - Updated pixels map - 
Thu, 08 Jun 2023 15:29:17 GMT - INFO - _@::1 - New connection to Websocket - 
Thu, 08 Jun 2023 15:29:18 GMT - INFO - Updated pixels map - 
Thu, 08 Jun 2023 15:29:23 GMT - INFO - Updated pixels map - 
Thu, 08 Jun 2023 15:29:28 GMT - INFO - Updated pixels map - 
Thu, 08 Jun 2023 15:29:33 GMT - INFO - Updated pixels map - 
Thu, 08 Jun 2023 15:29:38 GMT - INFO - Updated pixels map - 
Thu, 08 Jun 2023 15:29:43 GMT - INFO - Updated pixels map - 
Thu, 08 Jun 2023 15:29:48 GMT - INFO - Updated pixels map - 
Thu, 08 Jun 2023 15:29:53 GMT - INFO - Updated pixels map - 
Thu, 08 Jun 2023 15:29:58 GMT - INFO - Updated pixels map - 
Thu, 08 Jun 2023 15:30:03 GMT - INFO - Updated pixels map - 
Thu, 08 Jun 2023 15:30:08 GMT - INFO - Updated pixels map - 
Thu, 08 Jun 2023 15:30:13 GMT - INFO - Updated pixels map - 
Thu, 08 Jun 2023 15:30:18 GMT - INFO - Updated pixels map - 
Thu, 08 Jun 2023 15:30:23 GMT - INFO - Updated pixels map - 
Thu, 08 Jun 2023 15:30:28 GMT - INFO - Updated pixels map - 
Thu, 08 Jun 2023 15:30:33 GMT - INFO - Updated pixels map - 
Thu, 08 Jun 2023 15:30:38 GMT - INFO - Updated pixels map - 
Thu, 08 Jun 2023 15:30:43 GMT - INFO - Updated pixels map - 
Thu, 08 Jun 2023 15:30:48 GMT - INFO - Updated pixels map - 
Thu, 08 Jun 2023 15:30:53 GMT - INFO - Updated pixels map - 
Thu, 08 Jun 2023 15:30:58 GMT - INFO - Updated pixels map - 
Thu, 08 Jun 2023 15:31:03 GMT - INFO - Updated pixels map - 
Thu, 08 Jun 2023 15:31:08 GMT - INFO - Updated pixels map - 
Thu, 08 Jun 2023 15:31:13 GMT - INFO - Updated pixels map - 
Thu, 08 Jun 2023 15:31:18 GMT - INFO - Updated pixels map - 
Thu, 08 Jun 2023 15:31:23 GMT - INFO - Updated pixels map - 
Thu, 08 Jun 2023 15:31:28 GMT - INFO - Updated pixels map - 
Thu, 08 Jun 2023 15:31:33 GMT - INFO - Updated pixels map - 
Thu, 08 Jun 2023 15:31:38 GMT - INFO - Updated pixels map - 
Thu, 08 Jun 2023 15:31:43 GMT - INFO - Updated pixels map - 
Thu, 08 Jun 2023 15:31:48 GMT - INFO - Updated pixels map - 
Thu, 08 Jun 2023 15:31:53 GMT - INFO - Updated pixels map - 
Thu, 08 Jun 2023 15:31:58 GMT - INFO - Updated pixels map - 
Thu, 08 Jun 2023 15:32:03 GMT - INFO - Updated pixels map - 
Thu, 08 Jun 2023 15:32:08 GMT - INFO - Updated pixels map - 
Thu, 08 Jun 2023 15:32:13 GMT - INFO - Updated pixels map - 
Thu, 08 Jun 2023 15:32:18 GMT - INFO - Updated pixels map - 
Thu, 08 Jun 2023 15:32:23 GMT - INFO - Updated pixels map - 
Thu, 08 Jun 2023 15:32:28 GMT - INFO - Updated pixels map - 
Thu, 08 Jun 2023 15:32:33 GMT - INFO - Updated pixels map - 
Thu, 08 Jun 2023 15:32:38 GMT - INFO - Updated pixels map - 
Thu, 08 Jun 2023 15:32:43 GMT - INFO - Updated pixels map - 
Thu, 08 Jun 2023 15:32:48 GMT - INFO - Updated pixels map - 
Thu, 08 Jun 2023 15:32:53 GMT - INFO - Updated pixels map - 
Thu, 08 Jun 2023 15:32:58 GMT - INFO - Updated pixels map - 
Thu, 08 Jun 2023 15:33:03 GMT - INFO - Updated pixels map - 
Thu, 08 Jun 2023 15:33:08 GMT - INFO - Updated pixels map - 
Thu, 08 Jun 2023 15:33:13 GMT - INFO - Updated pixels map - 
Thu, 08 Jun 2023 15:33:18 GMT - INFO - Updated pixels map - 
Thu, 08 Jun 2023 15:33:23 GMT - INFO - Updated pixels map - 
Thu, 08 Jun 2023 15:33:28 GMT - INFO - Updated pixels map - 
Thu, 08 Jun 2023 15:33:33 GMT - INFO - Updated pixels map - 
Thu, 08 Jun 2023 15:33:38 GMT - INFO - Updated pixels map - 
{
  posX: '501',
  posY: '498',
  red: '0',
  green: '47',
  blue: '255',
  alpha: '255',
  owner: '18Y6B6Mhs6Uj3scCrcjk7C1sb3VXgYGHJ8'
}
Transaction 0x122011884d9af9c74ddb5386abc63b19fdad18d5e76c5958eb231308eb5c14345cb9 has been processed
Thu, 08 Jun 2023 15:33:43 GMT - INFO - Updated pixels map - 
Thu, 08 Jun 2023 15:33:48 GMT - INFO - Updated pixels map - 
Thu, 08 Jun 2023 15:33:53 GMT - INFO - Updated pixels map - 
Thu, 08 Jun 2023 15:33:58 GMT - INFO - Updated pixels map - 
Thu, 08 Jun 2023 15:34:03 GMT - INFO - Updated pixels map - 
Thu, 08 Jun 2023 15:34:08 GMT - INFO - Updated pixels map - 
Thu, 08 Jun 2023 15:34:13 GMT - INFO - Updated pixels map - 
Thu, 08 Jun 2023 15:34:18 GMT - INFO - Updated pixels map - 
Thu, 08 Jun 2023 15:34:23 GMT - INFO - Updated pixels map - 
Thu, 08 Jun 2023 15:34:28 GMT - INFO - Updated pixels map - 
Thu, 08 Jun 2023 15:34:33 GMT - INFO - Updated pixels map - 
Thu, 08 Jun 2023 15:34:38 GMT - INFO - Updated pixels map - 
Thu, 08 Jun 2023 15:34:43 GMT - INFO - Updated pixels map - 
Thu, 08 Jun 2023 15:34:48 GMT - INFO - Updated pixels map - 
Thu, 08 Jun 2023 15:34:53 GMT - INFO - Updated pixels map - 
Thu, 08 Jun 2023 15:34:58 GMT - INFO - Updated pixels map - 
Thu, 08 Jun 2023 15:35:03 GMT - INFO - Updated pixels map - 
Thu, 08 Jun 2023 15:35:08 GMT - INFO - Updated pixels map - 
Thu, 08 Jun 2023 15:35:13 GMT - INFO - Updated pixels map - 
Thu, 08 Jun 2023 15:35:18 GMT - INFO - Updated pixels map - 
Thu, 08 Jun 2023 15:35:23 GMT - INFO - Updated pixels map - 
Thu, 08 Jun 2023 15:35:28 GMT - INFO - Updated pixels map - 
Thu, 08 Jun 2023 15:35:33 GMT - INFO - Updated pixels map - 
{
  posX: '501',
  posY: '498',
  red: '41',
  green: '255',
  blue: '0',
  alpha: '255',
  owner: '18Y6B6Mhs6Uj3scCrcjk7C1sb3VXgYGHJ8'
}
Transaction 0x12202472706ff0ed5e24a58486ace15c1a7c8806e7af71574afe39b88e47a0a73b80 has been processed
Thu, 08 Jun 2023 15:35:38 GMT - INFO - Updated pixels map - 
Thu, 08 Jun 2023 15:35:43 GMT - INFO - Updated pixels map - 
Thu, 08 Jun 2023 15:35:48 GMT - INFO - Updated pixels map - 
Thu, 08 Jun 2023 15:35:53 GMT - INFO - Updated pixels map - 
Thu, 08 Jun 2023 15:35:58 GMT - INFO - Updated pixels map - 
Thu, 08 Jun 2023 15:36:03 GMT - INFO - Updated pixels map - 
Thu, 08 Jun 2023 15:36:08 GMT - INFO - Updated pixels map - 
Thu, 08 Jun 2023 15:36:13 GMT - INFO - Updated pixels map - 
Thu, 08 Jun 2023 15:36:18 GMT - INFO - Updated pixels map - 
Thu, 08 Jun 2023 15:36:23 GMT - INFO - Updated pixels map - 
Thu, 08 Jun 2023 15:36:28 GMT - INFO - Updated pixels map - 
Thu, 08 Jun 2023 15:36:33 GMT - INFO - Updated pixels map - 
Thu, 08 Jun 2023 15:36:38 GMT - INFO - Updated pixels map - 
Thu, 08 Jun 2023 15:36:43 GMT - INFO - Updated pixels map - 
Thu, 08 Jun 2023 15:36:48 GMT - INFO - Updated pixels map - 
Thu, 08 Jun 2023 15:36:53 GMT - INFO - Updated pixels map - 
Thu, 08 Jun 2023 15:36:58 GMT - INFO - Updated pixels map - 
Thu, 08 Jun 2023 15:37:03 GMT - INFO - Updated pixels map - 
Thu, 08 Jun 2023 15:37:08 GMT - INFO - Updated pixels map - 
Thu, 08 Jun 2023 15:37:13 GMT - INFO - Updated pixels map - 
Thu, 08 Jun 2023 15:37:18 GMT - INFO - Updated pixels map - 
Thu, 08 Jun 2023 15:37:23 GMT - INFO - Updated pixels map - 
Thu, 08 Jun 2023 15:37:28 GMT - INFO - Updated pixels map - 
