Mon, 12 Jun 2023 16:10:48 GMT - INFO - Connected to database - 
Mon, 12 Jun 2023 16:10:49 GMT - INFO - Contract transactions history updated - 
Mon, 12 Jun 2023 16:10:50 GMT - INFO - Contract transactions history updated - 
Mon, 12 Jun 2023 16:10:51 GMT - INFO - Contract transactions history updated - 
Mon, 12 Jun 2023 16:10:53 GMT - INFO - Contract transactions history updated - 
Mon, 12 Jun 2023 16:10:53 GMT - INFO - Updated pixels map - 
Mon, 12 Jun 2023 16:10:54 GMT - INFO - Contract transactions history updated - 
Mon, 12 Jun 2023 16:10:58 GMT - INFO - Contract transactions history updated - 
Mon, 12 Jun 2023 16:10:58 GMT - INFO - Contract transactions history updated - 
Mon, 12 Jun 2023 16:10:58 GMT - INFO - Updated pixels map - 
Mon, 12 Jun 2023 16:10:58 GMT - INFO - Contract transactions history updated - 
Mon, 12 Jun 2023 16:11:00 GMT - INFO - Contract transactions history updated - 
Mon, 12 Jun 2023 16:11:00 GMT - INFO - Contract transactions history updated - 
Mon, 12 Jun 2023 16:11:00 GMT - INFO - Contract transactions history updated - 
Mon, 12 Jun 2023 16:11:02 GMT - INFO - Contract transactions history updated - 
Mon, 12 Jun 2023 16:11:02 GMT - INFO - Contract transactions history updated - 
Mon, 12 Jun 2023 16:11:03 GMT - INFO - Contract transactions history updated - 
Mon, 12 Jun 2023 16:11:03 GMT - INFO - Contract transactions history updated - 
Mon, 12 Jun 2023 16:11:03 GMT - INFO - Updated pixels map - 
Mon, 12 Jun 2023 16:11:04 GMT - INFO - Contract transactions history updated - 
Mon, 12 Jun 2023 16:11:04 GMT - INFO - _@::1 - New connection to Websocket - 
Mon, 12 Jun 2023 16:11:06 GMT - INFO - Contract transactions history updated - 
Mon, 12 Jun 2023 16:11:06 GMT - INFO - Contract transactions history updated - 
Mon, 12 Jun 2023 16:11:08 GMT - INFO - Contract transactions history updated - 
Mon, 12 Jun 2023 16:11:08 GMT - INFO - Updated pixels map - 
Mon, 12 Jun 2023 16:11:09 GMT - INFO - Contract transactions history updated - 
Mon, 12 Jun 2023 16:11:10 GMT - INFO - Contract transactions history updated - 
Mon, 12 Jun 2023 16:11:11 GMT - INFO - Contract transactions history updated - 
Mon, 12 Jun 2023 16:11:11 GMT - INFO - Contract transactions history updated - 
Mon, 12 Jun 2023 16:11:12 GMT - INFO - Contract transactions history updated - 
Mon, 12 Jun 2023 16:11:13 GMT - INFO - Updated pixels map - 
Mon, 12 Jun 2023 16:11:14 GMT - INFO - Contract transactions history updated - 
Mon, 12 Jun 2023 16:11:14 GMT - INFO - Contract transactions history updated - 
Mon, 12 Jun 2023 16:11:15 GMT - INFO - _@::1 - Disconnected from Websocket - transport close - 
Mon, 12 Jun 2023 16:11:15 GMT - INFO - Contract transactions history updated - 
Mon, 12 Jun 2023 16:11:16 GMT - INFO - Contract transactions history updated - 
Mon, 12 Jun 2023 16:11:18 GMT - INFO - Contract transactions history updated - 
Mon, 12 Jun 2023 16:11:19 GMT - INFO - Updated pixels map - 
Mon, 12 Jun 2023 16:11:19 GMT - INFO - Contract transactions history updated - 
Mon, 12 Jun 2023 16:11:20 GMT - INFO - Contract transactions history updated - 
Mon, 12 Jun 2023 16:11:21 GMT - INFO - Contract transactions history updated - 
Mon, 12 Jun 2023 16:11:22 GMT - INFO - Contract transactions history updated - 
Mon, 12 Jun 2023 16:11:22 GMT - INFO - Contract transactions history updated - 
Mon, 12 Jun 2023 16:11:24 GMT - INFO - Updated pixels map - 
Mon, 12 Jun 2023 16:11:24 GMT - INFO - Contract transactions history updated - 
Mon, 12 Jun 2023 16:11:24 GMT - INFO - Contract transactions history updated - 
Mon, 12 Jun 2023 16:11:26 GMT - INFO - Contract transactions history updated - 
Mon, 12 Jun 2023 16:11:26 GMT - INFO - Contract transactions history updated - 
Mon, 12 Jun 2023 16:11:28 GMT - INFO - Contract transactions history updated - 
Mon, 12 Jun 2023 16:11:29 GMT - INFO - Updated pixels map - 
Mon, 12 Jun 2023 16:11:29 GMT - INFO - Contract transactions history updated - 
Mon, 12 Jun 2023 16:11:30 GMT - INFO - Contract transactions history updated - 
Mon, 12 Jun 2023 16:11:31 GMT - INFO - Contract transactions history updated - 
Mon, 12 Jun 2023 16:11:32 GMT - INFO - Contract transactions history updated - 
