Sat, 10 Jun 2023 15:36:18 GMT - INFO - Connected to database - 
Sat, 10 Jun 2023 15:36:20 GMT - INFO - Contract transactions history updated - 
Sat, 10 Jun 2023 15:36:20 GMT - INFO - New transaction to process - 0x1220f8c7d9779f0fc567f418ea83955e94dccbd02af3fb2ce21199836bf5e100752b - kanvascontract.transfer_event - 
Sat, 10 Jun 2023 15:36:20 GMT - INFO - Balance updated - 1LeWGhDVD8g5rGCL4aDegEf9fKyTL1KhsS - 100400000000 - 
Sat, 10 Jun 2023 15:36:20 GMT - INFO - Pixels visibility updated - 1LeWGhDVD8g5rGCL4aDegEf9fKyTL1KhsS - 0 - 
Sat, 10 Jun 2023 15:36:20 GMT - INFO - Balance updated - 18Y6B6Mhs6Uj3scCrcjk7C1sb3VXgYGHJ8 - 600000000 - 
Sat, 10 Jun 2023 15:36:20 GMT - INFO - Pixels visibility updated - 18Y6B6Mhs6Uj3scCrcjk7C1sb3VXgYGHJ8 - 0 - 
Sat, 10 Jun 2023 15:36:20 GMT - INFO - New transaction to process - 0x122070a8a02f776c953e0439a2fb4706d2267dfe06f2995feeb5d4b7e8d820b1cc25 - kanvascontract.transfer_event - 
Sat, 10 Jun 2023 15:36:20 GMT - INFO - Balance updated - 18Y6B6Mhs6Uj3scCrcjk7C1sb3VXgYGHJ8 - 500000000 - 
Sat, 10 Jun 2023 15:36:20 GMT - INFO - Pixels visibility updated - 18Y6B6Mhs6Uj3scCrcjk7C1sb3VXgYGHJ8 - 1 - 
Sat, 10 Jun 2023 15:36:20 GMT - INFO - Balance updated - 1LeWGhDVD8g5rGCL4aDegEf9fKyTL1KhsS - 100500000000 - 
Sat, 10 Jun 2023 15:36:20 GMT - INFO - Pixels visibility updated - 1LeWGhDVD8g5rGCL4aDegEf9fKyTL1KhsS - 0 - 
Sat, 10 Jun 2023 15:36:20 GMT - INFO - New transaction to process - 0x1220aac9649a7c4c1c9fb135fcf9628c2c874f841dcb3eec74f7cfcabcb61dcfa1f5 - kanvascontract.transfer_event - 
Sat, 10 Jun 2023 15:36:20 GMT - INFO - Balance updated - 18Y6B6Mhs6Uj3scCrcjk7C1sb3VXgYGHJ8 - 800000000 - 
Sat, 10 Jun 2023 15:36:20 GMT - INFO - Pixels visibility updated - 18Y6B6Mhs6Uj3scCrcjk7C1sb3VXgYGHJ8 - 0 - 
Sat, 10 Jun 2023 15:36:20 GMT - INFO - Balance updated - 1LeWGhDVD8g5rGCL4aDegEf9fKyTL1KhsS - 100200000000 - 
Sat, 10 Jun 2023 15:36:20 GMT - INFO - Pixels visibility updated - 1LeWGhDVD8g5rGCL4aDegEf9fKyTL1KhsS - 0 - 
Sat, 10 Jun 2023 15:36:20 GMT - INFO - New transaction to process - 0x12202472706ff0ed5e24a58486ace15c1a7c8806e7af71574afe39b88e47a0a73b80 - kanvascontract.pixel_placed_event - 
Sat, 10 Jun 2023 15:36:20 GMT - INFO - New pixel placed - 501 - 498 - 18Y6B6Mhs6Uj3scCrcjk7C1sb3VXgYGHJ8 - 
Sat, 10 Jun 2023 15:36:20 GMT - INFO - Pixel amount updated - 18Y6B6Mhs6Uj3scCrcjk7C1sb3VXgYGHJ8 - 7 - 
Sat, 10 Jun 2023 15:36:20 GMT - INFO - Pixel amount updated - 18Y6B6Mhs6Uj3scCrcjk7C1sb3VXgYGHJ8 - 6 - 
Sat, 10 Jun 2023 15:36:20 GMT - INFO - New transaction to process - 0x122011884d9af9c74ddb5386abc63b19fdad18d5e76c5958eb231308eb5c14345cb9 - kanvascontract.pixel_placed_event - 
Sat, 10 Jun 2023 15:36:20 GMT - INFO - New pixel placed - 501 - 498 - 18Y6B6Mhs6Uj3scCrcjk7C1sb3VXgYGHJ8 - 
Sat, 10 Jun 2023 15:36:20 GMT - INFO - Pixel amount updated - 18Y6B6Mhs6Uj3scCrcjk7C1sb3VXgYGHJ8 - 6 - 
Sat, 10 Jun 2023 15:36:20 GMT - INFO - New transaction to process - 0x1220c2256b356467227690a0c87dc51a623a3f485c920ede89a2c4074bf48b868377 - kanvascontract.pixel_placed_event - 
Sat, 10 Jun 2023 15:36:20 GMT - INFO - New pixel placed - 521 - 479 - 18Y6B6Mhs6Uj3scCrcjk7C1sb3VXgYGHJ8 - 
Sat, 10 Jun 2023 15:36:20 GMT - INFO - Pixel amount updated - 18Y6B6Mhs6Uj3scCrcjk7C1sb3VXgYGHJ8 - 5 - 
Sat, 10 Jun 2023 15:36:20 GMT - INFO - Pixel amount updated - 1LeWGhDVD8g5rGCL4aDegEf9fKyTL1KhsS - 8 - 
Sat, 10 Jun 2023 15:36:20 GMT - INFO - New transaction to process - 0x1220bf79328b9312fed0d0b294b887a9f5b78e5867f18a33df192f516ab9eed47e01 - kanvascontract.transfer_event - 
Sat, 10 Jun 2023 15:36:20 GMT - INFO - Balance updated - 1LeWGhDVD8g5rGCL4aDegEf9fKyTL1KhsS - 99600000000 - 
Sat, 10 Jun 2023 15:36:20 GMT - INFO - Pixels visibility updated - 1LeWGhDVD8g5rGCL4aDegEf9fKyTL1KhsS - 0 - 
Sat, 10 Jun 2023 15:36:20 GMT - INFO - Balance updated - 18Y6B6Mhs6Uj3scCrcjk7C1sb3VXgYGHJ8 - 1400000000 - 
Sat, 10 Jun 2023 15:36:20 GMT - INFO - Pixels visibility updated - 18Y6B6Mhs6Uj3scCrcjk7C1sb3VXgYGHJ8 - 0 - 
Sat, 10 Jun 2023 15:36:20 GMT - INFO - New transaction to process - 0x12200f33613ea45950e984d9466662ac81dff49b93f39af19af6554cc8daf4ed7927 - kanvascontract.pixel_placed_event - 
Sat, 10 Jun 2023 15:36:20 GMT - INFO - New pixel placed - 521 - 480 - 18Y6B6Mhs6Uj3scCrcjk7C1sb3VXgYGHJ8 - 
Sat, 10 Jun 2023 15:36:20 GMT - INFO - Pixel amount updated - 18Y6B6Mhs6Uj3scCrcjk7C1sb3VXgYGHJ8 - 4 - 
Sat, 10 Jun 2023 15:36:20 GMT - INFO - New transaction to process - 0x1220bbac93e1c1255c6b31da05d92a734ddbc1fe2b5466b8893f11353ffde70a3c28 - kanvascontract.pixel_placed_event - 
Sat, 10 Jun 2023 15:36:20 GMT - INFO - New pixel placed - 521 - 479 - 1LeWGhDVD8g5rGCL4aDegEf9fKyTL1KhsS - 
Sat, 10 Jun 2023 15:36:20 GMT - INFO - Pixel amount updated - 1LeWGhDVD8g5rGCL4aDegEf9fKyTL1KhsS - 9 - 
Sat, 10 Jun 2023 15:36:21 GMT - INFO - Contract transactions history updated - 
Sat, 10 Jun 2023 15:36:22 GMT - INFO - Contract transactions history updated - 
Sat, 10 Jun 2023 15:36:23 GMT - INFO - Contract transactions history updated - 
Sat, 10 Jun 2023 15:36:23 GMT - INFO - Contract transactions history updated - 
Sat, 10 Jun 2023 15:36:24 GMT - INFO - Updated pixels map - 
Sat, 10 Jun 2023 15:36:25 GMT - INFO - Contract transactions history updated - 
Sat, 10 Jun 2023 15:36:26 GMT - INFO - Contract transactions history updated - 
Sat, 10 Jun 2023 15:36:27 GMT - INFO - Contract transactions history updated - 
Sat, 10 Jun 2023 15:36:28 GMT - INFO - Contract transactions history updated - 
