Thu, 20 Jul 2023 20:40:53 GMT - INFO - Connected to database - 
Thu, 20 Jul 2023 20:40:54 GMT - INFO - New transaction to process - 0x12204b25ca89e139f584fbe70b9e173b0bcbfe7860af11d32ac196979153a217282f - kanvascontract.pixel_placed_event - 
Thu, 20 Jul 2023 20:40:54 GMT - INFO - New pixel placed - 498 - 484 - 1LeWGhDVD8g5rGCL4aDegEf9fKyTL1KhsS - 
Thu, 20 Jul 2023 20:40:54 GMT - INFO - Pixel amount updated - 1LeWGhDVD8g5rGCL4aDegEf9fKyTL1KhsS - 15 - 
Thu, 20 Jul 2023 20:40:59 GMT - INFO - Updated pixels map - 
Thu, 20 Jul 2023 20:40:59 GMT - INFO - Processed block - 7192866 - 0x12206db021468959cb38c77e19fba8aa5253788f34158f73ec656d0bed8c1c3ebcf9 - 
Thu, 20 Jul 2023 20:41:00 GMT - INFO - _@::1 - New connection to Websocket - 
Thu, 20 Jul 2023 20:41:03 GMT - INFO - Processed block - 7192867 - 0x1220d786c180e0b7a497cc5035be4d884b016188085cf227a0cade88fcbbfa2dd470 - 
Thu, 20 Jul 2023 20:41:04 GMT - INFO - Updated pixels map - 
Thu, 20 Jul 2023 20:41:04 GMT - INFO - Processed block - 7192868 - 0x12202eb9a0b385ae682df72f84bf484ae0d3b9b776f3b3d02ec618ab3ccb09a37778 - 
Thu, 20 Jul 2023 20:41:09 GMT - INFO - Updated pixels map - 
Thu, 20 Jul 2023 20:41:11 GMT - INFO - Processed block - 7192869 - 0x1220d9a81f08f982486c66e838db962db3c2125f991a8624be34e08a5e481f9e74d9 - 
Thu, 20 Jul 2023 20:41:12 GMT - INFO - Processed block - 7192870 - 0x1220608e0e33b2354cc20d658eef3d2474e4311948d49363908d7a9c1fcd1c423151 - 
Thu, 20 Jul 2023 20:41:12 GMT - INFO - Processed block - 7192871 - 0x122096005d331e7bd2221a60beb51808daa11c6f0705d046dd6a848eadb97011f44f - 
Thu, 20 Jul 2023 20:41:13 GMT - INFO - Processed block - 7192872 - 0x12201fe16aab55afc3a4a820d8d203b2fe91ff5698287fd83d9cbe4bf11670ff5de7 - 
Thu, 20 Jul 2023 20:41:14 GMT - INFO - Updated pixels map - 
Thu, 20 Jul 2023 20:41:14 GMT - INFO - Processed block - 7192873 - 0x1220e5c756392c1e9584c66c596242f546e77214839a86334434c11b42fae09c101f - 
Thu, 20 Jul 2023 20:41:15 GMT - INFO - Processed block - 7192874 - 0x122050f610220a206b77745c8dd4b0e868e0712318dd4038330d6da72a9056b9766c - 
Thu, 20 Jul 2023 20:41:19 GMT - INFO - Updated pixels map - 
Thu, 20 Jul 2023 20:41:19 GMT - INFO - Processed block - 7192875 - 0x122067febd921346f844f9c49c8345812567cb838ee9cadc9e402c6ee0bb6041429e - 
Thu, 20 Jul 2023 20:41:20 GMT - INFO - Processed block - 7192876 - 0x122023d5d440ee703e828c809082cdd2a29d9263e0a591c5d23361fb42107f8d92af - 
Thu, 20 Jul 2023 20:41:20 GMT - INFO - New transaction to process - 0x1220024663641c9111c268f7b532c77e055da3678dd9ce4f352accd81c90b299b95a - kanvascontract.pixel_placed_event - 
Thu, 20 Jul 2023 20:41:20 GMT - INFO - New pixel placed - 499 - 484 - 1LeWGhDVD8g5rGCL4aDegEf9fKyTL1KhsS - 
Thu, 20 Jul 2023 20:41:20 GMT - INFO - Pixel amount updated - 1LeWGhDVD8g5rGCL4aDegEf9fKyTL1KhsS - 16 - 
Thu, 20 Jul 2023 20:41:20 GMT - INFO - Processed block - 7192877 - 0x1220024663641c9111c268f7b532c77e055da3678dd9ce4f352accd81c90b299b95a - 
Thu, 20 Jul 2023 20:41:24 GMT - INFO - Updated pixels map - 
Thu, 20 Jul 2023 20:41:25 GMT - INFO - Processed block - 7192878 - 0x12205377476c7f845e76b0a20b2bd99ff37054f9b5494bbb20ce2727692c0e6ab8fd - 
Thu, 20 Jul 2023 20:41:25 GMT - INFO - Processed block - 7192879 - 0x1220cbe78da850328ff716e7101fe1af1da85b3988ccbbb038c03512e2af10f302b1 - 
Thu, 20 Jul 2023 20:41:29 GMT - INFO - Updated pixels map - 
Thu, 20 Jul 2023 20:41:29 GMT - INFO - Processed block - 7192880 - 0x12200a685b3d7a8d4c9e81a4e13ccc937f3de973e2c23126bdb4c7fe860e630ef2a8 - 
Thu, 20 Jul 2023 20:41:34 GMT - INFO - Updated pixels map - 
Thu, 20 Jul 2023 20:41:34 GMT - INFO - Processed block - 7192881 - 0x12203307ac4d175bdc480e8f8ab3ca7d3dacb5f57294e1645da0580befaf10d26a18 - 
Thu, 20 Jul 2023 20:41:35 GMT - INFO - Processed block - 7192882 - 0x12203d60802528c300ad42ee832c5da6e27cd165b65a8ebe72280259e75427de0058 - 
Thu, 20 Jul 2023 20:41:39 GMT - INFO - Updated pixels map - 
Thu, 20 Jul 2023 20:41:39 GMT - INFO - Processed block - 7192883 - 0x1220e3df998eaeb93d0144eb34a105cfd0fd046d519bfe61e7d938ddc4b45db51bdf - 
Thu, 20 Jul 2023 20:41:40 GMT - INFO - Processed block - 7192884 - 0x12201528081aa379a1f99e006a9a17c656c3edec33a98ed7b09183b5bdaf0eac89e5 - 
Thu, 20 Jul 2023 20:41:44 GMT - INFO - Updated pixels map - 
Thu, 20 Jul 2023 20:41:44 GMT - INFO - Processed block - 7192885 - 0x1220b920dd0cb60e590864f2dac9dcb34da841a174f8c13d249182903b8920fff7ba - 
Thu, 20 Jul 2023 20:41:45 GMT - INFO - New transaction to process - 0x1220a9410d05d2ecd95ec7361402819c700dfc4ea4967bf755bc8074bf0638a2fc8a - kanvascontract.pixel_placed_event - 
Thu, 20 Jul 2023 20:41:45 GMT - INFO - New pixel placed - 496 - 489 - 1LeWGhDVD8g5rGCL4aDegEf9fKyTL1KhsS - 
Thu, 20 Jul 2023 20:41:45 GMT - INFO - Pixel amount updated - 1LeWGhDVD8g5rGCL4aDegEf9fKyTL1KhsS - 17 - 
Thu, 20 Jul 2023 20:41:45 GMT - INFO - Processed block - 7192886 - 0x1220a9410d05d2ecd95ec7361402819c700dfc4ea4967bf755bc8074bf0638a2fc8a - 
Thu, 20 Jul 2023 20:41:45 GMT - INFO - Processed block - 7192887 - 0x1220557e32f6d6032219c0974a5f7be718aa879ad80e9d0069ffc5f26b2c9ac89345 - 
Thu, 20 Jul 2023 20:41:46 GMT - INFO - Processed block - 7192888 - 0x1220e2ae7d941f98436b7522538ddaea40fb369387edc67f5f40568f198e0af0a371 - 
Thu, 20 Jul 2023 20:41:49 GMT - INFO - Updated pixels map - 
Thu, 20 Jul 2023 20:41:50 GMT - INFO - Processed block - 7192889 - 0x122083bfb8f9eae53e3816e515bd510f8500b0ef4164a734a2295d039014b74203d0 - 
Thu, 20 Jul 2023 20:41:50 GMT - INFO - Processed block - 7192890 - 0x12200bc3ffc8496d90454272adac8c75612067638ee8b266e026de119d20d8d2babd - 
Thu, 20 Jul 2023 20:41:51 GMT - INFO - Processed block - 7192891 - 0x122052e7977bdb9898e5760624ef2587462f7fe2eebde9632799b246bd3b2a5b5161 - 
Thu, 20 Jul 2023 20:41:52 GMT - INFO - Processed block - 7192892 - 0x12203870cb2b42e0f8285076cd4b9c587a1ef8b20c6202b31fc54d98b4ca625f3236 - 
Thu, 20 Jul 2023 20:41:54 GMT - INFO - Updated pixels map - 
Thu, 20 Jul 2023 20:41:56 GMT - INFO - Processed block - 7192893 - 0x1220cc3caf0b331d989bf95ee9779577cd6894e8f21593d407b174751fb0dc9dbb2c - 
Thu, 20 Jul 2023 20:41:59 GMT - INFO - Updated pixels map - 
Thu, 20 Jul 2023 20:42:00 GMT - INFO - Processed block - 7192894 - 0x122045edd28372914be6ebdac28ce13dd2fd609e14f5033383536c45c3ff60d2b345 - 
Thu, 20 Jul 2023 20:42:01 GMT - INFO - Processed block - 7192895 - 0x12200067efc9fab3e6070a8993cdbf09086211a5b648bbcbe56fa74eb15039dc8504 - 
Thu, 20 Jul 2023 20:42:01 GMT - INFO - Processed block - 7192896 - 0x1220d95ab606bbda56dd4f8139c1e5fdb5b0e5617a6c002fa576ada6d3fb61a61dd7 - 
Thu, 20 Jul 2023 20:42:02 GMT - INFO - Processed block - 7192897 - 0x1220f18304edade22fb61ef8a298d579da62c82d3a96da9479a77ad65d5d9677c0ce - 
Thu, 20 Jul 2023 20:42:03 GMT - INFO - Processed block - 7192898 - 0x1220190c1d494440f9bb87b6215fadef35c0d2d4bc593c58bb87c3cf01cf6aac59e5 - 
Thu, 20 Jul 2023 20:42:04 GMT - INFO - Updated pixels map - 
Thu, 20 Jul 2023 20:42:06 GMT - INFO - _@::1 - Disconnected from Websocket - transport close - 
Thu, 20 Jul 2023 20:42:07 GMT - INFO - _@::1 - New connection to Websocket - 
Thu, 20 Jul 2023 20:42:07 GMT - INFO - Processed block - 7192899 - 0x1220458ab0d027b37289de9fff405d1d7abaaa6689f219d482d743ff9242f7f49ef0 - 
Thu, 20 Jul 2023 20:42:08 GMT - INFO - Processed block - 7192900 - 0x12205fb756293ecf99ca2ece780d722de54f01c5d27f806506f09662a12c0f01c2ce - 
Thu, 20 Jul 2023 20:42:09 GMT - INFO - Updated pixels map - 
Thu, 20 Jul 2023 20:42:09 GMT - INFO - Processed block - 7192901 - 0x1220d7fb25eb1b38483b521a24aa497cc436cf1608708faaaea19e3124a5f41210a4 - 
Thu, 20 Jul 2023 20:42:10 GMT - INFO - Processed block - 7192902 - 0x1220c5c35f89643d30bfe1526f72b2ab3f1439072a0330bc1fafe22e95fa9fe64f55 - 
Thu, 20 Jul 2023 20:42:11 GMT - INFO - Processed block - 7192903 - 0x122015316d501628943ad00204eb9429a1676cadfefcdaffd3ba701d1ac8c0ed4f4c - 
Thu, 20 Jul 2023 20:42:11 GMT - INFO - Processed block - 7192904 - 0x12205f803058f6e55481cc5ca3584d930f465799d629337887701fe38acd86a4acd8 - 
Thu, 20 Jul 2023 20:42:14 GMT - INFO - Updated pixels map - 
Thu, 20 Jul 2023 20:42:15 GMT - INFO - Processed block - 7192905 - 0x122051b5c819132690fb214702b401ad5f086384a2f554444f21e7e7c2b1894f97b9 - 
Thu, 20 Jul 2023 20:42:16 GMT - INFO - Processed block - 7192906 - 0x1220ed38833d5aa13385022084da17002d7ac42cd74061a3c51f8d61a274df0dd635 - 
Thu, 20 Jul 2023 20:42:19 GMT - INFO - Updated pixels map - 
Thu, 20 Jul 2023 20:42:20 GMT - INFO - Processed block - 7192907 - 0x12200e7c75356dd70565358ab1ee2fd8959f3445d7365ed9f3aebc35073a952b05ea - 
Thu, 20 Jul 2023 20:42:24 GMT - INFO - Updated pixels map - 
Thu, 20 Jul 2023 20:42:24 GMT - INFO - Processed block - 7192908 - 0x122080d1a945dbbc30f31340a57b2d17cb751f4667a046ee0d2df7382a7b0d87e027 - 
Thu, 20 Jul 2023 20:42:29 GMT - INFO - Updated pixels map - 
Thu, 20 Jul 2023 20:42:31 GMT - INFO - Processed block - 7192909 - 0x12200e05da6e7417efe60273bc92bc8211c8e6c48b0289df83bfef409daeedc248a4 - 
Thu, 20 Jul 2023 20:42:32 GMT - INFO - Processed block - 7192910 - 0x12206a5133b7c2695015efd8d6871362f5837506e574bcf81a9fc3dc5f30c2ec7af0 - 
Thu, 20 Jul 2023 20:42:34 GMT - INFO - Updated pixels map - 
Thu, 20 Jul 2023 20:42:39 GMT - INFO - Updated pixels map - 
Thu, 20 Jul 2023 20:42:39 GMT - INFO - Processed block - 7192911 - 0x12202c2e81bf10f2e2950201c730b734113b6131c0ba734c559138d93cd2a48b1cd3 - 
Thu, 20 Jul 2023 20:42:40 GMT - INFO - Processed block - 7192912 - 0x1220c145b8f626915a6035cb558c18fb83a241b67ce50cbbabb22db5463c6f0bcbb8 - 
Thu, 20 Jul 2023 20:42:41 GMT - INFO - Processed block - 7192913 - 0x1220a3288f3398b7c2a0a47aea0cfa324b8b447cea187e434f11d6b3bb90523b0368 - 
Thu, 20 Jul 2023 20:42:44 GMT - INFO - Updated pixels map - 
Thu, 20 Jul 2023 20:42:45 GMT - INFO - Processed block - 7192914 - 0x1220e93f33efa0aa9d97a9b3649544995cfbc1e818cfedc192a49df66ac9fb5e456c - 
Thu, 20 Jul 2023 20:42:49 GMT - INFO - Updated pixels map - 
Thu, 20 Jul 2023 20:42:52 GMT - INFO - Processed block - 7192915 - 0x1220940e1fb14cd6563406e01decbaeacf84b3eef1f0268bab0d65d302144dd9223b - 
Thu, 20 Jul 2023 20:42:54 GMT - INFO - Updated pixels map - 
Thu, 20 Jul 2023 20:42:54 GMT - INFO - _@::1 - Disconnected from Websocket - transport close - 
Thu, 20 Jul 2023 20:42:56 GMT - INFO - Processed block - 7192916 - 0x1220a9013414389937410d9446eb448ad3c57d5d6660d09515b3a170b65729f4ac70 - 
Thu, 20 Jul 2023 20:42:59 GMT - INFO - Updated pixels map - 
Thu, 20 Jul 2023 20:43:00 GMT - INFO - Processed block - 7192917 - 0x1220a4e0d937acc536423870ed57816b101bd47b55b6d35836a4561f202112d6b31e - 
Thu, 20 Jul 2023 20:43:01 GMT - INFO - Processed block - 7192918 - 0x1220b22c5db46898b2625c579be71708288c69b8c31102a06d95220bb99039f8cb79 - 
Thu, 20 Jul 2023 20:43:04 GMT - INFO - Updated pixels map - 
Thu, 20 Jul 2023 20:43:05 GMT - INFO - Processed block - 7192919 - 0x1220a92894495063a32ad9e930f44c395edb9a67fe23c0a673a3ad22e0beb223affa - 
Thu, 20 Jul 2023 20:43:09 GMT - INFO - Updated pixels map - 
Thu, 20 Jul 2023 20:43:14 GMT - INFO - Updated pixels map - 
Thu, 20 Jul 2023 20:43:16 GMT - INFO - Processed block - 7192920 - 0x12203fa7e39de2e593bfaad165701db7e12c572f7e0a3d2d7632cc1e124ce94b3edc - 
Thu, 20 Jul 2023 20:43:17 GMT - INFO - Processed block - 7192921 - 0x12209dab29ef47ca51134b7f7c5231c2feccfa82bf6494b93ee04ab150fba74b1fa7 - 
Thu, 20 Jul 2023 20:43:18 GMT - INFO - Processed block - 7192922 - 0x122055c9747ae13d1f50ca5bc9ed8b55791e777896898cbaf26b7544a09616f9676e - 
Thu, 20 Jul 2023 20:43:19 GMT - INFO - Updated pixels map - 
Thu, 20 Jul 2023 20:43:22 GMT - INFO - Processed block - 7192923 - 0x1220262aa1edd5013ad4579518ec2300fd1936448e27b75ef65d5926d724f49f52b3 - 
Thu, 20 Jul 2023 20:43:23 GMT - INFO - Processed block - 7192924 - 0x1220deccddc8f0c89b8c1531da6e17ee4d3601c27942b193f4242a3d0086afddac61 - 
Thu, 20 Jul 2023 20:43:24 GMT - INFO - Updated pixels map - 
Thu, 20 Jul 2023 20:43:27 GMT - INFO - Processed block - 7192925 - 0x12206602499438ed2756e9ad6076a898cb24d188a5c20e6a662750118a22354b3407 - 
Thu, 20 Jul 2023 20:43:28 GMT - INFO - Processed block - 7192926 - 0x1220c3d0819b41d3eef28cf4cb6940ee47e58a639ee6da20561329846613068a1f93 - 
Thu, 20 Jul 2023 20:43:29 GMT - INFO - Updated pixels map - 
Thu, 20 Jul 2023 20:43:29 GMT - INFO - Processed block - 7192927 - 0x12209e2809a28f2c9eb8863af99c6621333456e814d79d01778b5117a58783fe8764 - 
Thu, 20 Jul 2023 20:43:30 GMT - INFO - Processed block - 7192928 - 0x1220e9a2672211a4f3ae0264bb793d98b93bb99ffbdf254462410358e675de4d820e - 
Thu, 20 Jul 2023 20:43:34 GMT - INFO - Updated pixels map - 
Thu, 20 Jul 2023 20:43:34 GMT - INFO - Processed block - 7192929 - 0x1220f5c57728c3fbb0fed4a250619557469461365390df5645ef6af7b2187843efa6 - 
Thu, 20 Jul 2023 20:43:38 GMT - INFO - Processed block - 7192930 - 0x12200cb0b74b336aa94ac9c1cbcf291e191cf85b77cb7a7ac7861622740633d83519 - 
Thu, 20 Jul 2023 20:43:39 GMT - INFO - Updated pixels map - 
Thu, 20 Jul 2023 20:43:39 GMT - INFO - Processed block - 7192931 - 0x1220b328322fb420e5429901d8a6f375b14c240876025b4cfc41610fe78c0c499527 - 
Thu, 20 Jul 2023 20:43:43 GMT - INFO - Processed block - 7192932 - 0x1220e979d4b4f722b19baab072f965c2e73a392f419727beccd3e8101c3525251a5a - 
Thu, 20 Jul 2023 20:43:44 GMT - INFO - Updated pixels map - 
Thu, 20 Jul 2023 20:43:44 GMT - INFO - Processed block - 7192933 - 0x1220a0a585267c685dd593b85964c4ceeb27f08d53d7d5e9e83772761f877a767ccf - 
Thu, 20 Jul 2023 20:43:45 GMT - INFO - Processed block - 7192934 - 0x1220c028775efe1f3dc1edaee3bc94d7263825251521609b71b688c1731231cfe355 - 
Thu, 20 Jul 2023 20:43:49 GMT - INFO - Updated pixels map - 
Thu, 20 Jul 2023 20:43:49 GMT - INFO - Processed block - 7192935 - 0x122081c555026bdc79468378d5ae8905563833499d31e58cced6152d080aa1e23fca - 
Thu, 20 Jul 2023 20:43:50 GMT - INFO - Processed block - 7192936 - 0x12202db51a47007b50abe8ae75ad7b13e9a87f1fa936f68f8072a4a76e98e55514fd - 
Thu, 20 Jul 2023 20:43:54 GMT - INFO - Updated pixels map - 
Thu, 20 Jul 2023 20:43:54 GMT - INFO - Processed block - 7192937 - 0x1220cd4252c0763a966250b6d5f7fe503459727bd2e2a33c21658d94d9e51c42e4e6 - 
Thu, 20 Jul 2023 20:43:55 GMT - INFO - Processed block - 7192938 - 0x12206e9801545ef17c56132aed76fb498ee37c9a82a993e11b277ba11d08df7ffba1 - 
Thu, 20 Jul 2023 20:43:59 GMT - INFO - Updated pixels map - 
