Wed, 21 Jun 2023 06:25:39 GMT - INFO - Connected to database - 
Wed, 21 Jun 2023 06:25:41 GMT - INFO - Contract transactions history updated - 
Wed, 21 Jun 2023 06:25:42 GMT - INFO - Contract transactions history updated - 
Wed, 21 Jun 2023 06:25:43 GMT - INFO - Contract transactions history updated - 
Wed, 21 Jun 2023 06:25:44 GMT - INFO - Contract transactions history updated - 
Wed, 21 Jun 2023 06:25:44 GMT - INFO - _@::1 - New connection to Websocket - 
Wed, 21 Jun 2023 06:25:45 GMT - INFO - Updated pixels map - 
Wed, 21 Jun 2023 06:25:45 GMT - INFO - Contract transactions history updated - 
Wed, 21 Jun 2023 06:25:48 GMT - INFO - Contract transactions history updated - 
Wed, 21 Jun 2023 06:25:48 GMT - INFO - Contract transactions history updated - 
Wed, 21 Jun 2023 06:25:49 GMT - INFO - Contract transactions history updated - 
Wed, 21 Jun 2023 06:25:49 GMT - INFO - Contract transactions history updated - 
Wed, 21 Jun 2023 06:25:50 GMT - INFO - Updated pixels map - 
Wed, 21 Jun 2023 06:25:50 GMT - INFO - Contract transactions history updated - 
Wed, 21 Jun 2023 06:25:51 GMT - INFO - Contract transactions history updated - 
Wed, 21 Jun 2023 06:25:52 GMT - INFO - Contract transactions history updated - 
Wed, 21 Jun 2023 06:25:53 GMT - INFO - Contract transactions history updated - 
Wed, 21 Jun 2023 06:25:54 GMT - INFO - Contract transactions history updated - 
Wed, 21 Jun 2023 06:25:55 GMT - INFO - _@::1 - Disconnected from Websocket - transport close - 
Wed, 21 Jun 2023 06:25:55 GMT - INFO - Updated pixels map - 
Wed, 21 Jun 2023 06:25:55 GMT - INFO - Contract transactions history updated - 
Wed, 21 Jun 2023 06:25:56 GMT - INFO - Contract transactions history updated - 
Wed, 21 Jun 2023 06:25:56 GMT - INFO - _@::1 - New connection to Websocket - 
Wed, 21 Jun 2023 06:25:57 GMT - INFO - Contract transactions history updated - 
Wed, 21 Jun 2023 06:25:58 GMT - INFO - Contract transactions history updated - 
Wed, 21 Jun 2023 06:25:59 GMT - INFO - Contract transactions history updated - 
Wed, 21 Jun 2023 06:26:00 GMT - INFO - Updated pixels map - 
Wed, 21 Jun 2023 06:26:00 GMT - INFO - Contract transactions history updated - 
Wed, 21 Jun 2023 06:26:00 GMT - INFO - _@::1 - Disconnected from Websocket - transport close - 
Wed, 21 Jun 2023 06:26:01 GMT - INFO - Contract transactions history updated - 
Wed, 21 Jun 2023 06:26:02 GMT - INFO - Contract transactions history updated - 
Wed, 21 Jun 2023 06:26:03 GMT - INFO - Contract transactions history updated - 
Wed, 21 Jun 2023 06:26:04 GMT - INFO - Contract transactions history updated - 
Wed, 21 Jun 2023 06:26:05 GMT - INFO - Updated pixels map - 
Wed, 21 Jun 2023 06:26:05 GMT - INFO - Contract transactions history updated - 
Wed, 21 Jun 2023 06:26:06 GMT - INFO - Contract transactions history updated - 
Wed, 21 Jun 2023 06:26:07 GMT - INFO - Contract transactions history updated - 
Wed, 21 Jun 2023 06:26:08 GMT - INFO - Contract transactions history updated - 
Wed, 21 Jun 2023 06:26:09 GMT - INFO - Contract transactions history updated - 
Wed, 21 Jun 2023 06:26:10 GMT - INFO - Updated pixels map - 
Wed, 21 Jun 2023 06:26:11 GMT - INFO - Contract transactions history updated - 
Wed, 21 Jun 2023 06:26:11 GMT - INFO - Contract transactions history updated - 
Wed, 21 Jun 2023 06:26:12 GMT - INFO - Contract transactions history updated - 
Wed, 21 Jun 2023 06:26:13 GMT - INFO - Contract transactions history updated - 
Wed, 21 Jun 2023 06:26:14 GMT - INFO - Contract transactions history updated - 
Wed, 21 Jun 2023 06:26:15 GMT - INFO - Updated pixels map - 
Wed, 21 Jun 2023 06:26:15 GMT - INFO - Contract transactions history updated - 
Wed, 21 Jun 2023 06:26:16 GMT - INFO - Contract transactions history updated - 
Wed, 21 Jun 2023 06:26:18 GMT - INFO - Contract transactions history updated - 
Wed, 21 Jun 2023 06:26:18 GMT - INFO - Contract transactions history updated - 
Wed, 21 Jun 2023 06:26:19 GMT - INFO - Contract transactions history updated - 
Wed, 21 Jun 2023 06:26:20 GMT - INFO - Updated pixels map - 
Wed, 21 Jun 2023 06:26:22 GMT - INFO - Contract transactions history updated - 
Wed, 21 Jun 2023 06:26:22 GMT - INFO - Contract transactions history updated - 
Wed, 21 Jun 2023 06:26:24 GMT - INFO - Contract transactions history updated - 
Wed, 21 Jun 2023 06:26:24 GMT - INFO - Contract transactions history updated - 
Wed, 21 Jun 2023 06:26:25 GMT - INFO - Updated pixels map - 
Wed, 21 Jun 2023 06:26:25 GMT - INFO - Contract transactions history updated - 
Wed, 21 Jun 2023 06:26:25 GMT - INFO - Contract transactions history updated - 
Wed, 21 Jun 2023 06:26:27 GMT - INFO - Contract transactions history updated - 
Wed, 21 Jun 2023 06:26:28 GMT - INFO - Contract transactions history updated - 
Wed, 21 Jun 2023 06:26:29 GMT - INFO - Contract transactions history updated - 
Wed, 21 Jun 2023 06:26:29 GMT - INFO - Contract transactions history updated - 
Wed, 21 Jun 2023 06:26:30 GMT - INFO - Updated pixels map - 
Wed, 21 Jun 2023 06:26:30 GMT - INFO - Contract transactions history updated - 
Wed, 21 Jun 2023 06:26:31 GMT - INFO - Contract transactions history updated - 
Wed, 21 Jun 2023 06:26:32 GMT - INFO - Contract transactions history updated - 
Wed, 21 Jun 2023 06:26:33 GMT - INFO - Contract transactions history updated - 
Wed, 21 Jun 2023 06:26:34 GMT - INFO - Contract transactions history updated - 
Wed, 21 Jun 2023 06:26:35 GMT - INFO - Updated pixels map - 
Wed, 21 Jun 2023 06:26:35 GMT - INFO - Contract transactions history updated - 
Wed, 21 Jun 2023 06:26:37 GMT - INFO - Contract transactions history updated - 
Wed, 21 Jun 2023 06:26:37 GMT - INFO - Contract transactions history updated - 
Wed, 21 Jun 2023 06:26:38 GMT - INFO - Contract transactions history updated - 
Wed, 21 Jun 2023 06:26:40 GMT - INFO - Contract transactions history updated - 
Wed, 21 Jun 2023 06:26:40 GMT - INFO - Updated pixels map - 
Wed, 21 Jun 2023 06:26:40 GMT - INFO - Contract transactions history updated - 
Wed, 21 Jun 2023 06:26:41 GMT - INFO - Contract transactions history updated - 
Wed, 21 Jun 2023 06:26:42 GMT - INFO - Contract transactions history updated - 
Wed, 21 Jun 2023 06:26:43 GMT - INFO - Contract transactions history updated - 
Wed, 21 Jun 2023 06:26:44 GMT - INFO - Contract transactions history updated - 
Wed, 21 Jun 2023 06:26:45 GMT - INFO - Updated pixels map - 
Wed, 21 Jun 2023 06:26:45 GMT - INFO - Contract transactions history updated - 
Wed, 21 Jun 2023 06:26:46 GMT - INFO - Contract transactions history updated - 
Wed, 21 Jun 2023 06:26:47 GMT - INFO - Contract transactions history updated - 
Wed, 21 Jun 2023 06:26:48 GMT - INFO - Contract transactions history updated - 
Wed, 21 Jun 2023 06:26:50 GMT - INFO - Updated pixels map - 
Wed, 21 Jun 2023 06:26:51 GMT - INFO - Contract transactions history updated - 
Wed, 21 Jun 2023 06:26:52 GMT - INFO - Contract transactions history updated - 
Wed, 21 Jun 2023 06:26:52 GMT - INFO - Contract transactions history updated - 
Wed, 21 Jun 2023 06:26:52 GMT - INFO - Contract transactions history updated - 
Wed, 21 Jun 2023 06:26:53 GMT - INFO - Contract transactions history updated - 
Wed, 21 Jun 2023 06:26:55 GMT - INFO - Contract transactions history updated - 
Wed, 21 Jun 2023 06:26:55 GMT - INFO - Updated pixels map - 
Wed, 21 Jun 2023 06:26:56 GMT - INFO - Contract transactions history updated - 
Wed, 21 Jun 2023 06:26:56 GMT - INFO - Contract transactions history updated - 
Wed, 21 Jun 2023 06:26:57 GMT - INFO - Contract transactions history updated - 
Wed, 21 Jun 2023 06:26:58 GMT - INFO - Contract transactions history updated - 
Wed, 21 Jun 2023 06:27:00 GMT - INFO - Contract transactions history updated - 
Wed, 21 Jun 2023 06:27:00 GMT - INFO - Updated pixels map - 
Wed, 21 Jun 2023 06:27:01 GMT - INFO - Contract transactions history updated - 
Wed, 21 Jun 2023 06:27:02 GMT - INFO - Contract transactions history updated - 
Wed, 21 Jun 2023 06:27:03 GMT - INFO - Contract transactions history updated - 
Wed, 21 Jun 2023 06:27:04 GMT - INFO - Contract transactions history updated - 
Wed, 21 Jun 2023 06:27:05 GMT - INFO - Contract transactions history updated - 
Wed, 21 Jun 2023 06:27:05 GMT - INFO - Updated pixels map - 
Wed, 21 Jun 2023 06:27:06 GMT - INFO - Contract transactions history updated - 
Wed, 21 Jun 2023 06:27:07 GMT - INFO - Contract transactions history updated - 
Wed, 21 Jun 2023 06:27:08 GMT - INFO - Contract transactions history updated - 
Wed, 21 Jun 2023 06:27:09 GMT - INFO - Contract transactions history updated - 
Wed, 21 Jun 2023 06:27:10 GMT - INFO - Contract transactions history updated - 
Wed, 21 Jun 2023 06:27:10 GMT - INFO - Updated pixels map - 
Wed, 21 Jun 2023 06:27:11 GMT - INFO - Contract transactions history updated - 
Wed, 21 Jun 2023 06:27:12 GMT - INFO - Contract transactions history updated - 
Wed, 21 Jun 2023 06:27:13 GMT - INFO - Contract transactions history updated - 
Wed, 21 Jun 2023 06:27:14 GMT - INFO - Contract transactions history updated - 
