Sun, 09 Jul 2023 17:28:19 GMT - INFO - Connected to database - 
Sun, 09 Jul 2023 17:28:21 GMT - INFO - Contract transactions history updated - 
Sun, 09 Jul 2023 17:28:22 GMT - INFO - Contract transactions history updated - 
Sun, 09 Jul 2023 17:28:23 GMT - INFO - Contract transactions history updated - 
Sun, 09 Jul 2023 17:28:24 GMT - INFO - Contract transactions history updated - 
Sun, 09 Jul 2023 17:28:25 GMT - INFO - Updated pixels map - 
Sun, 09 Jul 2023 17:28:25 GMT - INFO - Contract transactions history updated - 
Sun, 09 Jul 2023 17:28:26 GMT - INFO - Contract transactions history updated - 
Sun, 09 Jul 2023 17:28:27 GMT - INFO - Contract transactions history updated - 
Sun, 09 Jul 2023 17:28:28 GMT - INFO - Contract transactions history updated - 
Sun, 09 Jul 2023 17:28:29 GMT - INFO - Contract transactions history updated - 
Sun, 09 Jul 2023 17:28:30 GMT - INFO - Updated pixels map - 
Sun, 09 Jul 2023 17:28:30 GMT - INFO - Contract transactions history updated - 
Sun, 09 Jul 2023 17:28:31 GMT - INFO - Contract transactions history updated - 
Sun, 09 Jul 2023 17:28:32 GMT - INFO - Contract transactions history updated - 
Sun, 09 Jul 2023 17:28:33 GMT - INFO - Contract transactions history updated - 
Sun, 09 Jul 2023 17:28:34 GMT - INFO - Contract transactions history updated - 
Sun, 09 Jul 2023 17:28:35 GMT - INFO - Updated pixels map - 
Sun, 09 Jul 2023 17:28:35 GMT - INFO - Contract transactions history updated - 
Sun, 09 Jul 2023 17:28:36 GMT - INFO - Contract transactions history updated - 
Sun, 09 Jul 2023 17:28:37 GMT - INFO - Contract transactions history updated - 
Sun, 09 Jul 2023 17:28:38 GMT - INFO - Contract transactions history updated - 
Sun, 09 Jul 2023 17:28:39 GMT - INFO - Contract transactions history updated - 
Sun, 09 Jul 2023 17:28:40 GMT - INFO - Updated pixels map - 
Sun, 09 Jul 2023 17:28:40 GMT - INFO - Contract transactions history updated - 
Sun, 09 Jul 2023 17:28:41 GMT - INFO - Contract transactions history updated - 
Sun, 09 Jul 2023 17:28:42 GMT - INFO - Contract transactions history updated - 
Sun, 09 Jul 2023 17:28:43 GMT - INFO - Contract transactions history updated - 
Sun, 09 Jul 2023 17:28:44 GMT - INFO - Contract transactions history updated - 
Sun, 09 Jul 2023 17:28:45 GMT - INFO - Updated pixels map - 
Sun, 09 Jul 2023 17:28:45 GMT - INFO - Contract transactions history updated - 
Sun, 09 Jul 2023 17:28:46 GMT - INFO - Contract transactions history updated - 
Sun, 09 Jul 2023 17:28:47 GMT - INFO - Contract transactions history updated - 
Sun, 09 Jul 2023 17:28:48 GMT - INFO - Contract transactions history updated - 
Sun, 09 Jul 2023 17:28:49 GMT - INFO - Contract transactions history updated - 
Sun, 09 Jul 2023 17:28:50 GMT - INFO - Updated pixels map - 
Sun, 09 Jul 2023 17:28:50 GMT - INFO - Contract transactions history updated - 
Sun, 09 Jul 2023 17:28:51 GMT - INFO - Contract transactions history updated - 
Sun, 09 Jul 2023 17:28:52 GMT - INFO - Contract transactions history updated - 
Sun, 09 Jul 2023 17:28:53 GMT - INFO - Contract transactions history updated - 
Sun, 09 Jul 2023 17:28:54 GMT - INFO - Contract transactions history updated - 
Sun, 09 Jul 2023 17:28:55 GMT - INFO - Updated pixels map - 
Sun, 09 Jul 2023 17:28:55 GMT - INFO - Contract transactions history updated - 
Sun, 09 Jul 2023 17:28:56 GMT - INFO - Contract transactions history updated - 
Sun, 09 Jul 2023 17:28:57 GMT - INFO - Contract transactions history updated - 
Sun, 09 Jul 2023 17:28:58 GMT - INFO - Contract transactions history updated - 
Sun, 09 Jul 2023 17:28:59 GMT - INFO - Contract transactions history updated - 
Sun, 09 Jul 2023 17:29:00 GMT - INFO - Updated pixels map - 
Sun, 09 Jul 2023 17:29:00 GMT - INFO - Contract transactions history updated - 
Sun, 09 Jul 2023 17:29:01 GMT - INFO - Contract transactions history updated - 
Sun, 09 Jul 2023 17:29:02 GMT - INFO - Contract transactions history updated - 
Sun, 09 Jul 2023 17:29:03 GMT - INFO - Contract transactions history updated - 
Sun, 09 Jul 2023 17:29:04 GMT - INFO - Contract transactions history updated - 
Sun, 09 Jul 2023 17:29:05 GMT - INFO - Updated pixels map - 
Sun, 09 Jul 2023 17:29:05 GMT - INFO - Contract transactions history updated - 
Sun, 09 Jul 2023 17:29:06 GMT - INFO - Contract transactions history updated - 
Sun, 09 Jul 2023 17:29:07 GMT - INFO - Contract transactions history updated - 
Sun, 09 Jul 2023 17:29:08 GMT - INFO - Contract transactions history updated - 
Sun, 09 Jul 2023 17:29:09 GMT - INFO - Contract transactions history updated - 
Sun, 09 Jul 2023 17:29:10 GMT - INFO - Updated pixels map - 
Sun, 09 Jul 2023 17:29:10 GMT - INFO - Contract transactions history updated - 
Sun, 09 Jul 2023 17:29:11 GMT - INFO - Contract transactions history updated - 
Sun, 09 Jul 2023 17:29:12 GMT - INFO - Contract transactions history updated - 
Sun, 09 Jul 2023 17:29:13 GMT - INFO - Contract transactions history updated - 
Sun, 09 Jul 2023 17:29:14 GMT - INFO - Contract transactions history updated - 
Sun, 09 Jul 2023 17:29:15 GMT - INFO - Updated pixels map - 
Sun, 09 Jul 2023 17:29:16 GMT - INFO - Contract transactions history updated - 
Sun, 09 Jul 2023 17:29:16 GMT - INFO - Contract transactions history updated - 
Sun, 09 Jul 2023 17:29:18 GMT - INFO - Contract transactions history updated - 
Sun, 09 Jul 2023 17:29:18 GMT - INFO - Contract transactions history updated - 
Sun, 09 Jul 2023 17:29:19 GMT - INFO - Contract transactions history updated - 
Sun, 09 Jul 2023 17:29:20 GMT - INFO - Updated pixels map - 
Sun, 09 Jul 2023 17:29:20 GMT - INFO - Contract transactions history updated - 
Sun, 09 Jul 2023 17:29:21 GMT - INFO - Contract transactions history updated - 
Sun, 09 Jul 2023 17:29:22 GMT - INFO - Contract transactions history updated - 
Sun, 09 Jul 2023 17:29:23 GMT - INFO - Contract transactions history updated - 
Sun, 09 Jul 2023 17:29:24 GMT - INFO - Contract transactions history updated - 
Sun, 09 Jul 2023 17:29:25 GMT - INFO - Updated pixels map - 
Sun, 09 Jul 2023 17:29:25 GMT - INFO - Contract transactions history updated - 
Sun, 09 Jul 2023 17:29:26 GMT - INFO - Contract transactions history updated - 
Sun, 09 Jul 2023 17:29:27 GMT - INFO - Contract transactions history updated - 
Sun, 09 Jul 2023 17:29:29 GMT - INFO - Contract transactions history updated - 
Sun, 09 Jul 2023 17:29:29 GMT - INFO - Contract transactions history updated - 
Sun, 09 Jul 2023 17:29:30 GMT - INFO - Updated pixels map - 
Sun, 09 Jul 2023 17:29:30 GMT - INFO - Contract transactions history updated - 
Sun, 09 Jul 2023 17:29:32 GMT - INFO - Contract transactions history updated - 
Sun, 09 Jul 2023 17:29:32 GMT - INFO - Contract transactions history updated - 
Sun, 09 Jul 2023 17:29:33 GMT - INFO - Contract transactions history updated - 
Sun, 09 Jul 2023 17:29:35 GMT - INFO - Contract transactions history updated - 
Sun, 09 Jul 2023 17:29:35 GMT - INFO - Updated pixels map - 
Sun, 09 Jul 2023 17:29:35 GMT - INFO - Contract transactions history updated - 
Sun, 09 Jul 2023 17:29:36 GMT - INFO - Contract transactions history updated - 
Sun, 09 Jul 2023 17:29:37 GMT - INFO - Contract transactions history updated - 
Sun, 09 Jul 2023 17:29:38 GMT - INFO - Contract transactions history updated - 
Sun, 09 Jul 2023 17:29:40 GMT - INFO - Contract transactions history updated - 
Sun, 09 Jul 2023 17:29:40 GMT - INFO - Updated pixels map - 
Sun, 09 Jul 2023 17:29:40 GMT - INFO - Contract transactions history updated - 
Sun, 09 Jul 2023 17:29:41 GMT - INFO - Contract transactions history updated - 
Sun, 09 Jul 2023 17:29:43 GMT - INFO - Contract transactions history updated - 
Sun, 09 Jul 2023 17:29:44 GMT - INFO - Contract transactions history updated - 
Sun, 09 Jul 2023 17:29:44 GMT - INFO - Contract transactions history updated - 
Sun, 09 Jul 2023 17:29:45 GMT - INFO - Updated pixels map - 
Sun, 09 Jul 2023 17:29:45 GMT - INFO - Contract transactions history updated - 
Sun, 09 Jul 2023 17:29:47 GMT - INFO - Contract transactions history updated - 
Sun, 09 Jul 2023 17:29:47 GMT - INFO - Contract transactions history updated - 
Sun, 09 Jul 2023 17:29:49 GMT - INFO - Contract transactions history updated - 
Sun, 09 Jul 2023 17:29:49 GMT - INFO - Contract transactions history updated - 
Sun, 09 Jul 2023 17:29:50 GMT - INFO - Updated pixels map - 
Sun, 09 Jul 2023 17:29:50 GMT - INFO - Contract transactions history updated - 
Sun, 09 Jul 2023 17:29:51 GMT - INFO - Contract transactions history updated - 
Sun, 09 Jul 2023 17:29:53 GMT - INFO - Contract transactions history updated - 
Sun, 09 Jul 2023 17:29:55 GMT - INFO - Contract transactions history updated - 
Sun, 09 Jul 2023 17:29:55 GMT - INFO - Updated pixels map - 
Sun, 09 Jul 2023 17:29:55 GMT - INFO - Contract transactions history updated - 
Sun, 09 Jul 2023 17:29:56 GMT - INFO - Contract transactions history updated - 
Sun, 09 Jul 2023 17:29:57 GMT - INFO - Contract transactions history updated - 
Sun, 09 Jul 2023 17:29:58 GMT - INFO - Contract transactions history updated - 
Sun, 09 Jul 2023 17:29:59 GMT - INFO - Contract transactions history updated - 
Sun, 09 Jul 2023 17:30:00 GMT - INFO - Contract transactions history updated - 
Sun, 09 Jul 2023 17:30:00 GMT - INFO - Updated pixels map - 
Sun, 09 Jul 2023 17:30:01 GMT - INFO - Contract transactions history updated - 
Sun, 09 Jul 2023 17:30:02 GMT - INFO - Contract transactions history updated - 
Sun, 09 Jul 2023 17:30:03 GMT - INFO - Contract transactions history updated - 
Sun, 09 Jul 2023 17:30:03 GMT - INFO - _@::1 - New connection to Websocket - 
Sun, 09 Jul 2023 17:30:04 GMT - INFO - Contract transactions history updated - 
Sun, 09 Jul 2023 17:30:05 GMT - INFO - Contract transactions history updated - 
Sun, 09 Jul 2023 17:30:05 GMT - INFO - Updated pixels map - 
Sun, 09 Jul 2023 17:30:06 GMT - INFO - Contract transactions history updated - 
Sun, 09 Jul 2023 17:30:07 GMT - INFO - Contract transactions history updated - 
Sun, 09 Jul 2023 17:30:08 GMT - INFO - Contract transactions history updated - 
Sun, 09 Jul 2023 17:30:09 GMT - INFO - Contract transactions history updated - 
Sun, 09 Jul 2023 17:30:10 GMT - INFO - Contract transactions history updated - 
Sun, 09 Jul 2023 17:30:10 GMT - INFO - Updated pixels map - 
Sun, 09 Jul 2023 17:30:11 GMT - INFO - Contract transactions history updated - 
Sun, 09 Jul 2023 17:30:12 GMT - INFO - Contract transactions history updated - 
Sun, 09 Jul 2023 17:30:13 GMT - INFO - Contract transactions history updated - 
Sun, 09 Jul 2023 17:30:14 GMT - INFO - Contract transactions history updated - 
Sun, 09 Jul 2023 17:30:15 GMT - INFO - Updated pixels map - 
Sun, 09 Jul 2023 17:30:15 GMT - INFO - Contract transactions history updated - 
Sun, 09 Jul 2023 17:30:16 GMT - INFO - Contract transactions history updated - 
Sun, 09 Jul 2023 17:30:16 GMT - INFO - _@::1 - New wallets connected - [object Object],[object Object] - 
Sun, 09 Jul 2023 17:30:17 GMT - INFO - Contract transactions history updated - 
Sun, 09 Jul 2023 17:30:18 GMT - INFO - Contract transactions history updated - 
Sun, 09 Jul 2023 17:30:19 GMT - INFO - Contract transactions history updated - 
Sun, 09 Jul 2023 17:30:20 GMT - INFO - Contract transactions history updated - 
Sun, 09 Jul 2023 17:30:20 GMT - INFO - Updated pixels map - 
Sun, 09 Jul 2023 17:30:21 GMT - INFO - Contract transactions history updated - 
Sun, 09 Jul 2023 17:30:22 GMT - INFO - Contract transactions history updated - 
Sun, 09 Jul 2023 17:30:23 GMT - INFO - Contract transactions history updated - 
Sun, 09 Jul 2023 17:30:24 GMT - INFO - Contract transactions history updated - 
Sun, 09 Jul 2023 17:30:25 GMT - INFO - Contract transactions history updated - 
Sun, 09 Jul 2023 17:30:25 GMT - INFO - Updated pixels map - 
Sun, 09 Jul 2023 17:30:26 GMT - INFO - Contract transactions history updated - 
Sun, 09 Jul 2023 17:30:27 GMT - INFO - Contract transactions history updated - 
Sun, 09 Jul 2023 17:30:28 GMT - INFO - Contract transactions history updated - 
Sun, 09 Jul 2023 17:30:29 GMT - INFO - Contract transactions history updated - 
Sun, 09 Jul 2023 17:30:30 GMT - INFO - Contract transactions history updated - 
Sun, 09 Jul 2023 17:30:30 GMT - INFO - Updated pixels map - 
Sun, 09 Jul 2023 17:30:31 GMT - INFO - Contract transactions history updated - 
Sun, 09 Jul 2023 17:30:32 GMT - INFO - Contract transactions history updated - 
Sun, 09 Jul 2023 17:30:33 GMT - INFO - Contract transactions history updated - 
Sun, 09 Jul 2023 17:30:34 GMT - INFO - Contract transactions history updated - 
Sun, 09 Jul 2023 17:30:35 GMT - INFO - Updated pixels map - 
Sun, 09 Jul 2023 17:30:35 GMT - INFO - Contract transactions history updated - 
Sun, 09 Jul 2023 17:30:36 GMT - INFO - Contract transactions history updated - 
Sun, 09 Jul 2023 17:30:37 GMT - INFO - Contract transactions history updated - 
Sun, 09 Jul 2023 17:30:38 GMT - INFO - Contract transactions history updated - 
Sun, 09 Jul 2023 17:30:39 GMT - INFO - Contract transactions history updated - 
Sun, 09 Jul 2023 17:30:40 GMT - INFO - Contract transactions history updated - 
Sun, 09 Jul 2023 17:30:40 GMT - INFO - Updated pixels map - 
Sun, 09 Jul 2023 17:30:41 GMT - INFO - Contract transactions history updated - 
Sun, 09 Jul 2023 17:30:42 GMT - INFO - Contract transactions history updated - 
Sun, 09 Jul 2023 17:30:43 GMT - INFO - Contract transactions history updated - 
Sun, 09 Jul 2023 17:30:44 GMT - INFO - Contract transactions history updated - 
Sun, 09 Jul 2023 17:30:45 GMT - INFO - Updated pixels map - 
Sun, 09 Jul 2023 17:30:45 GMT - INFO - Contract transactions history updated - 
Sun, 09 Jul 2023 17:30:46 GMT - INFO - Contract transactions history updated - 
Sun, 09 Jul 2023 17:30:47 GMT - INFO - Contract transactions history updated - 
Sun, 09 Jul 2023 17:30:48 GMT - INFO - Contract transactions history updated - 
Sun, 09 Jul 2023 17:30:49 GMT - INFO - Contract transactions history updated - 
Sun, 09 Jul 2023 17:30:50 GMT - INFO - Updated pixels map - 
Sun, 09 Jul 2023 17:30:50 GMT - INFO - Contract transactions history updated - 
Sun, 09 Jul 2023 17:30:51 GMT - INFO - Contract transactions history updated - 
Sun, 09 Jul 2023 17:30:52 GMT - INFO - Contract transactions history updated - 
Sun, 09 Jul 2023 17:30:53 GMT - INFO - Contract transactions history updated - 
Sun, 09 Jul 2023 17:30:54 GMT - INFO - Contract transactions history updated - 
Sun, 09 Jul 2023 17:30:55 GMT - INFO - Updated pixels map - 
Sun, 09 Jul 2023 17:30:55 GMT - INFO - Contract transactions history updated - 
Sun, 09 Jul 2023 17:30:56 GMT - INFO - Contract transactions history updated - 
Sun, 09 Jul 2023 17:30:57 GMT - INFO - Contract transactions history updated - 
Sun, 09 Jul 2023 17:30:58 GMT - INFO - Contract transactions history updated - 
Sun, 09 Jul 2023 17:30:59 GMT - INFO - Contract transactions history updated - 
Sun, 09 Jul 2023 17:31:00 GMT - INFO - Updated pixels map - 
Sun, 09 Jul 2023 17:31:00 GMT - INFO - Contract transactions history updated - 
Sun, 09 Jul 2023 17:31:01 GMT - INFO - Contract transactions history updated - 
Sun, 09 Jul 2023 17:31:02 GMT - INFO - Contract transactions history updated - 
Sun, 09 Jul 2023 17:31:03 GMT - INFO - Contract transactions history updated - 
Sun, 09 Jul 2023 17:31:04 GMT - INFO - Contract transactions history updated - 
Sun, 09 Jul 2023 17:31:05 GMT - INFO - Updated pixels map - 
Sun, 09 Jul 2023 17:31:05 GMT - INFO - Contract transactions history updated - 
Sun, 09 Jul 2023 17:31:06 GMT - INFO - Contract transactions history updated - 
Sun, 09 Jul 2023 17:31:07 GMT - INFO - Contract transactions history updated - 
Sun, 09 Jul 2023 17:31:08 GMT - INFO - Contract transactions history updated - 
Sun, 09 Jul 2023 17:31:09 GMT - INFO - Contract transactions history updated - 
Sun, 09 Jul 2023 17:31:10 GMT - INFO - Updated pixels map - 
Sun, 09 Jul 2023 17:31:10 GMT - INFO - Contract transactions history updated - 
Sun, 09 Jul 2023 17:31:11 GMT - INFO - Contract transactions history updated - 
Sun, 09 Jul 2023 17:31:12 GMT - INFO - Contract transactions history updated - 
Sun, 09 Jul 2023 17:31:13 GMT - INFO - Contract transactions history updated - 
Sun, 09 Jul 2023 17:31:14 GMT - INFO - Contract transactions history updated - 
Sun, 09 Jul 2023 17:31:15 GMT - INFO - Updated pixels map - 
Sun, 09 Jul 2023 17:31:15 GMT - INFO - Contract transactions history updated - 
Sun, 09 Jul 2023 17:31:16 GMT - INFO - Contract transactions history updated - 
Sun, 09 Jul 2023 17:31:17 GMT - INFO - Contract transactions history updated - 
Sun, 09 Jul 2023 17:31:18 GMT - INFO - Contract transactions history updated - 
Sun, 09 Jul 2023 17:31:19 GMT - INFO - Contract transactions history updated - 
Sun, 09 Jul 2023 17:31:20 GMT - INFO - Updated pixels map - 
Sun, 09 Jul 2023 17:31:20 GMT - INFO - Contract transactions history updated - 
Sun, 09 Jul 2023 17:31:21 GMT - INFO - Contract transactions history updated - 
Sun, 09 Jul 2023 17:31:22 GMT - INFO - Contract transactions history updated - 
Sun, 09 Jul 2023 17:31:23 GMT - INFO - Contract transactions history updated - 
Sun, 09 Jul 2023 17:31:24 GMT - INFO - Contract transactions history updated - 
Sun, 09 Jul 2023 17:31:25 GMT - INFO - Updated pixels map - 
Sun, 09 Jul 2023 17:31:25 GMT - INFO - Contract transactions history updated - 
Sun, 09 Jul 2023 17:31:26 GMT - INFO - Contract transactions history updated - 
Sun, 09 Jul 2023 17:31:27 GMT - INFO - Contract transactions history updated - 
Sun, 09 Jul 2023 17:31:28 GMT - INFO - Contract transactions history updated - 
Sun, 09 Jul 2023 17:31:29 GMT - INFO - Contract transactions history updated - 
Sun, 09 Jul 2023 17:31:30 GMT - INFO - Updated pixels map - 
Sun, 09 Jul 2023 17:31:30 GMT - INFO - Contract transactions history updated - 
Sun, 09 Jul 2023 17:31:31 GMT - INFO - Contract transactions history updated - 
Sun, 09 Jul 2023 17:31:32 GMT - INFO - Contract transactions history updated - 
Sun, 09 Jul 2023 17:31:33 GMT - INFO - Contract transactions history updated - 
Sun, 09 Jul 2023 17:31:34 GMT - INFO - Contract transactions history updated - 
Sun, 09 Jul 2023 17:31:35 GMT - INFO - Updated pixels map - 
Sun, 09 Jul 2023 17:31:35 GMT - INFO - Contract transactions history updated - 
Sun, 09 Jul 2023 17:31:36 GMT - INFO - Contract transactions history updated - 
Sun, 09 Jul 2023 17:31:37 GMT - INFO - Contract transactions history updated - 
Sun, 09 Jul 2023 17:31:38 GMT - INFO - Contract transactions history updated - 
Sun, 09 Jul 2023 17:31:39 GMT - INFO - Contract transactions history updated - 
Sun, 09 Jul 2023 17:31:40 GMT - INFO - Updated pixels map - 
Sun, 09 Jul 2023 17:31:40 GMT - INFO - Contract transactions history updated - 
Sun, 09 Jul 2023 17:31:41 GMT - INFO - Contract transactions history updated - 
Sun, 09 Jul 2023 17:31:42 GMT - INFO - Contract transactions history updated - 
Sun, 09 Jul 2023 17:31:43 GMT - INFO - Contract transactions history updated - 
Sun, 09 Jul 2023 17:31:44 GMT - INFO - Contract transactions history updated - 
Sun, 09 Jul 2023 17:31:45 GMT - INFO - Updated pixels map - 
Sun, 09 Jul 2023 17:31:45 GMT - INFO - Contract transactions history updated - 
Sun, 09 Jul 2023 17:31:46 GMT - INFO - Contract transactions history updated - 
Sun, 09 Jul 2023 17:31:47 GMT - INFO - Contract transactions history updated - 
Sun, 09 Jul 2023 17:31:48 GMT - INFO - Contract transactions history updated - 
Sun, 09 Jul 2023 17:31:49 GMT - INFO - Contract transactions history updated - 
Sun, 09 Jul 2023 17:31:50 GMT - INFO - Updated pixels map - 
Sun, 09 Jul 2023 17:31:50 GMT - INFO - Contract transactions history updated - 
Sun, 09 Jul 2023 17:31:51 GMT - INFO - Contract transactions history updated - 
Sun, 09 Jul 2023 17:31:52 GMT - INFO - Contract transactions history updated - 
Sun, 09 Jul 2023 17:31:53 GMT - INFO - Contract transactions history updated - 
Sun, 09 Jul 2023 17:31:54 GMT - INFO - Contract transactions history updated - 
Sun, 09 Jul 2023 17:31:55 GMT - INFO - Updated pixels map - 
Sun, 09 Jul 2023 17:31:55 GMT - INFO - Contract transactions history updated - 
Sun, 09 Jul 2023 17:31:56 GMT - INFO - Contract transactions history updated - 
Sun, 09 Jul 2023 17:31:57 GMT - INFO - Contract transactions history updated - 
Sun, 09 Jul 2023 17:31:58 GMT - INFO - Contract transactions history updated - 
Sun, 09 Jul 2023 17:31:59 GMT - INFO - Contract transactions history updated - 
Sun, 09 Jul 2023 17:32:00 GMT - INFO - Updated pixels map - 
Sun, 09 Jul 2023 17:32:00 GMT - INFO - Contract transactions history updated - 
Sun, 09 Jul 2023 17:32:02 GMT - INFO - Contract transactions history updated - 
Sun, 09 Jul 2023 17:32:02 GMT - INFO - Contract transactions history updated - 
Sun, 09 Jul 2023 17:32:03 GMT - INFO - Contract transactions history updated - 
Sun, 09 Jul 2023 17:32:04 GMT - INFO - Contract transactions history updated - 
Sun, 09 Jul 2023 17:32:05 GMT - INFO - Updated pixels map - 
Sun, 09 Jul 2023 17:32:05 GMT - INFO - Contract transactions history updated - 
Sun, 09 Jul 2023 17:32:06 GMT - INFO - Contract transactions history updated - 
Sun, 09 Jul 2023 17:32:07 GMT - INFO - Contract transactions history updated - 
Sun, 09 Jul 2023 17:32:09 GMT - INFO - Contract transactions history updated - 
Sun, 09 Jul 2023 17:32:09 GMT - INFO - Contract transactions history updated - 
Sun, 09 Jul 2023 17:32:10 GMT - INFO - Updated pixels map - 
Sun, 09 Jul 2023 17:32:11 GMT - INFO - Contract transactions history updated - 
Sun, 09 Jul 2023 17:32:11 GMT - INFO - Contract transactions history updated - 
Sun, 09 Jul 2023 17:32:12 GMT - INFO - Contract transactions history updated - 
Sun, 09 Jul 2023 17:32:13 GMT - INFO - Contract transactions history updated - 
Sun, 09 Jul 2023 17:32:14 GMT - INFO - Contract transactions history updated - 
Sun, 09 Jul 2023 17:32:15 GMT - INFO - Updated pixels map - 
Sun, 09 Jul 2023 17:32:15 GMT - INFO - Contract transactions history updated - 
Sun, 09 Jul 2023 17:32:17 GMT - INFO - Contract transactions history updated - 
Sun, 09 Jul 2023 17:32:17 GMT - INFO - Contract transactions history updated - 
Sun, 09 Jul 2023 17:32:18 GMT - INFO - Contract transactions history updated - 
Sun, 09 Jul 2023 17:32:19 GMT - INFO - Contract transactions history updated - 
Sun, 09 Jul 2023 17:32:20 GMT - INFO - Updated pixels map - 
Sun, 09 Jul 2023 17:32:20 GMT - INFO - Contract transactions history updated - 
Sun, 09 Jul 2023 17:32:21 GMT - INFO - Contract transactions history updated - 
Sun, 09 Jul 2023 17:32:23 GMT - INFO - Contract transactions history updated - 
Sun, 09 Jul 2023 17:32:23 GMT - INFO - Contract transactions history updated - 
Sun, 09 Jul 2023 17:32:24 GMT - INFO - Contract transactions history updated - 
Sun, 09 Jul 2023 17:32:25 GMT - INFO - Updated pixels map - 
Sun, 09 Jul 2023 17:32:26 GMT - INFO - Contract transactions history updated - 
Sun, 09 Jul 2023 17:32:26 GMT - INFO - Contract transactions history updated - 
Sun, 09 Jul 2023 17:32:27 GMT - INFO - Contract transactions history updated - 
Sun, 09 Jul 2023 17:32:28 GMT - INFO - Contract transactions history updated - 
Sun, 09 Jul 2023 17:32:29 GMT - INFO - Contract transactions history updated - 
Sun, 09 Jul 2023 17:32:30 GMT - INFO - Updated pixels map - 
Sun, 09 Jul 2023 17:32:30 GMT - INFO - Contract transactions history updated - 
Sun, 09 Jul 2023 17:32:32 GMT - INFO - Contract transactions history updated - 
Sun, 09 Jul 2023 17:32:33 GMT - INFO - Contract transactions history updated - 
Sun, 09 Jul 2023 17:32:34 GMT - INFO - Contract transactions history updated - 
Sun, 09 Jul 2023 17:32:34 GMT - INFO - Contract transactions history updated - 
Sun, 09 Jul 2023 17:32:35 GMT - INFO - Updated pixels map - 
Sun, 09 Jul 2023 17:32:36 GMT - INFO - Contract transactions history updated - 
Sun, 09 Jul 2023 17:32:37 GMT - INFO - Contract transactions history updated - 
Sun, 09 Jul 2023 17:32:38 GMT - INFO - Contract transactions history updated - 
Sun, 09 Jul 2023 17:32:39 GMT - INFO - Contract transactions history updated - 
Sun, 09 Jul 2023 17:32:40 GMT - INFO - Contract transactions history updated - 
Sun, 09 Jul 2023 17:32:40 GMT - INFO - Updated pixels map - 
Sun, 09 Jul 2023 17:32:41 GMT - INFO - Contract transactions history updated - 
Sun, 09 Jul 2023 17:32:42 GMT - INFO - Contract transactions history updated - 
Sun, 09 Jul 2023 17:32:43 GMT - INFO - Contract transactions history updated - 
Sun, 09 Jul 2023 17:32:44 GMT - INFO - Contract transactions history updated - 
Sun, 09 Jul 2023 17:32:45 GMT - INFO - Contract transactions history updated - 
Sun, 09 Jul 2023 17:32:45 GMT - INFO - Updated pixels map - 
Sun, 09 Jul 2023 17:32:46 GMT - INFO - Contract transactions history updated - 
Sun, 09 Jul 2023 17:32:47 GMT - INFO - Contract transactions history updated - 
Sun, 09 Jul 2023 17:32:48 GMT - INFO - Contract transactions history updated - 
Sun, 09 Jul 2023 17:32:49 GMT - INFO - Contract transactions history updated - 
Sun, 09 Jul 2023 17:32:50 GMT - INFO - Contract transactions history updated - 
Sun, 09 Jul 2023 17:32:50 GMT - INFO - Updated pixels map - 
Sun, 09 Jul 2023 17:32:51 GMT - INFO - Contract transactions history updated - 
Sun, 09 Jul 2023 17:32:52 GMT - INFO - Contract transactions history updated - 
Sun, 09 Jul 2023 17:32:53 GMT - INFO - Contract transactions history updated - 
Sun, 09 Jul 2023 17:32:54 GMT - INFO - Contract transactions history updated - 
Sun, 09 Jul 2023 17:32:55 GMT - INFO - Contract transactions history updated - 
Sun, 09 Jul 2023 17:32:55 GMT - INFO - Updated pixels map - 
Sun, 09 Jul 2023 17:32:56 GMT - INFO - Contract transactions history updated - 
Sun, 09 Jul 2023 17:32:57 GMT - INFO - Contract transactions history updated - 
Sun, 09 Jul 2023 17:32:58 GMT - INFO - Contract transactions history updated - 
Sun, 09 Jul 2023 17:32:59 GMT - INFO - Contract transactions history updated - 
Sun, 09 Jul 2023 17:33:00 GMT - INFO - Contract transactions history updated - 
Sun, 09 Jul 2023 17:33:00 GMT - INFO - Updated pixels map - 
Sun, 09 Jul 2023 17:33:01 GMT - INFO - Contract transactions history updated - 
Sun, 09 Jul 2023 17:33:02 GMT - INFO - Contract transactions history updated - 
Sun, 09 Jul 2023 17:33:03 GMT - INFO - Contract transactions history updated - 
Sun, 09 Jul 2023 17:33:04 GMT - INFO - Contract transactions history updated - 
Sun, 09 Jul 2023 17:33:05 GMT - INFO - Contract transactions history updated - 
Sun, 09 Jul 2023 17:33:05 GMT - INFO - Updated pixels map - 
Sun, 09 Jul 2023 17:33:06 GMT - INFO - Contract transactions history updated - 
Sun, 09 Jul 2023 17:33:07 GMT - INFO - Contract transactions history updated - 
Sun, 09 Jul 2023 17:33:08 GMT - INFO - Contract transactions history updated - 
Sun, 09 Jul 2023 17:33:09 GMT - INFO - Contract transactions history updated - 
Sun, 09 Jul 2023 17:33:10 GMT - INFO - Contract transactions history updated - 
Sun, 09 Jul 2023 17:33:10 GMT - INFO - Updated pixels map - 
Sun, 09 Jul 2023 17:33:11 GMT - INFO - Contract transactions history updated - 
Sun, 09 Jul 2023 17:33:12 GMT - INFO - Contract transactions history updated - 
Sun, 09 Jul 2023 17:33:13 GMT - INFO - Contract transactions history updated - 
Sun, 09 Jul 2023 17:33:14 GMT - INFO - Contract transactions history updated - 
Sun, 09 Jul 2023 17:33:15 GMT - INFO - Contract transactions history updated - 
Sun, 09 Jul 2023 17:33:15 GMT - INFO - Updated pixels map - 
Sun, 09 Jul 2023 17:33:16 GMT - INFO - Contract transactions history updated - 
Sun, 09 Jul 2023 17:33:17 GMT - INFO - Contract transactions history updated - 
Sun, 09 Jul 2023 17:33:18 GMT - INFO - Contract transactions history updated - 
Sun, 09 Jul 2023 17:33:19 GMT - INFO - Contract transactions history updated - 
Sun, 09 Jul 2023 17:33:20 GMT - INFO - Contract transactions history updated - 
Sun, 09 Jul 2023 17:33:20 GMT - INFO - Updated pixels map - 
Sun, 09 Jul 2023 17:33:21 GMT - INFO - Contract transactions history updated - 
Sun, 09 Jul 2023 17:33:22 GMT - INFO - Contract transactions history updated - 
Sun, 09 Jul 2023 17:33:23 GMT - INFO - Contract transactions history updated - 
Sun, 09 Jul 2023 17:33:24 GMT - INFO - Contract transactions history updated - 
Sun, 09 Jul 2023 17:33:25 GMT - INFO - Contract transactions history updated - 
Sun, 09 Jul 2023 17:33:25 GMT - INFO - Updated pixels map - 
Sun, 09 Jul 2023 17:33:26 GMT - INFO - Contract transactions history updated - 
Sun, 09 Jul 2023 17:33:27 GMT - INFO - Contract transactions history updated - 
Sun, 09 Jul 2023 17:33:28 GMT - INFO - Contract transactions history updated - 
Sun, 09 Jul 2023 17:33:29 GMT - INFO - Contract transactions history updated - 
Sun, 09 Jul 2023 17:33:30 GMT - INFO - Contract transactions history updated - 
Sun, 09 Jul 2023 17:33:30 GMT - INFO - Updated pixels map - 
Sun, 09 Jul 2023 17:33:31 GMT - INFO - Contract transactions history updated - 
Sun, 09 Jul 2023 17:33:32 GMT - INFO - Contract transactions history updated - 
Sun, 09 Jul 2023 17:33:33 GMT - INFO - Contract transactions history updated - 
Sun, 09 Jul 2023 17:33:34 GMT - INFO - Contract transactions history updated - 
Sun, 09 Jul 2023 17:33:35 GMT - INFO - Contract transactions history updated - 
Sun, 09 Jul 2023 17:33:35 GMT - INFO - Updated pixels map - 
Sun, 09 Jul 2023 17:33:36 GMT - INFO - Contract transactions history updated - 
Sun, 09 Jul 2023 17:33:37 GMT - INFO - Contract transactions history updated - 
Sun, 09 Jul 2023 17:33:38 GMT - INFO - Contract transactions history updated - 
Sun, 09 Jul 2023 17:33:39 GMT - INFO - Contract transactions history updated - 
Sun, 09 Jul 2023 17:33:40 GMT - INFO - Contract transactions history updated - 
Sun, 09 Jul 2023 17:33:40 GMT - INFO - Updated pixels map - 
Sun, 09 Jul 2023 17:33:41 GMT - INFO - Contract transactions history updated - 
Sun, 09 Jul 2023 17:33:42 GMT - INFO - Contract transactions history updated - 
Sun, 09 Jul 2023 17:33:43 GMT - INFO - Contract transactions history updated - 
Sun, 09 Jul 2023 17:33:44 GMT - INFO - Contract transactions history updated - 
Sun, 09 Jul 2023 17:33:45 GMT - INFO - Contract transactions history updated - 
Sun, 09 Jul 2023 17:33:45 GMT - INFO - Updated pixels map - 
Sun, 09 Jul 2023 17:33:46 GMT - INFO - Contract transactions history updated - 
Sun, 09 Jul 2023 17:33:47 GMT - INFO - Contract transactions history updated - 
Sun, 09 Jul 2023 17:33:48 GMT - INFO - Contract transactions history updated - 
Sun, 09 Jul 2023 17:33:49 GMT - INFO - Contract transactions history updated - 
Sun, 09 Jul 2023 17:33:50 GMT - INFO - Updated pixels map - 
Sun, 09 Jul 2023 17:33:50 GMT - INFO - Contract transactions history updated - 
Sun, 09 Jul 2023 17:33:51 GMT - INFO - Contract transactions history updated - 
Sun, 09 Jul 2023 17:33:52 GMT - INFO - Contract transactions history updated - 
Sun, 09 Jul 2023 17:33:53 GMT - INFO - Contract transactions history updated - 
Sun, 09 Jul 2023 17:33:54 GMT - INFO - Contract transactions history updated - 
Sun, 09 Jul 2023 17:33:55 GMT - INFO - Updated pixels map - 
Sun, 09 Jul 2023 17:33:55 GMT - INFO - Contract transactions history updated - 
Sun, 09 Jul 2023 17:33:56 GMT - INFO - Contract transactions history updated - 
Sun, 09 Jul 2023 17:33:57 GMT - INFO - Contract transactions history updated - 
Sun, 09 Jul 2023 17:33:58 GMT - INFO - Contract transactions history updated - 
Sun, 09 Jul 2023 17:33:59 GMT - INFO - Contract transactions history updated - 
Sun, 09 Jul 2023 17:34:00 GMT - INFO - Updated pixels map - 
Sun, 09 Jul 2023 17:34:00 GMT - INFO - Contract transactions history updated - 
Sun, 09 Jul 2023 17:34:01 GMT - INFO - Contract transactions history updated - 
Sun, 09 Jul 2023 17:34:02 GMT - INFO - Contract transactions history updated - 
Sun, 09 Jul 2023 17:34:03 GMT - INFO - Contract transactions history updated - 
Sun, 09 Jul 2023 17:34:04 GMT - INFO - Contract transactions history updated - 
Sun, 09 Jul 2023 17:34:05 GMT - INFO - Updated pixels map - 
Sun, 09 Jul 2023 17:34:05 GMT - INFO - Contract transactions history updated - 
Sun, 09 Jul 2023 17:34:06 GMT - INFO - Contract transactions history updated - 
Sun, 09 Jul 2023 17:34:07 GMT - INFO - Contract transactions history updated - 
Sun, 09 Jul 2023 17:34:08 GMT - INFO - Contract transactions history updated - 
Sun, 09 Jul 2023 17:34:09 GMT - INFO - Contract transactions history updated - 
Sun, 09 Jul 2023 17:34:10 GMT - INFO - Updated pixels map - 
Sun, 09 Jul 2023 17:34:10 GMT - INFO - Contract transactions history updated - 
Sun, 09 Jul 2023 17:34:11 GMT - INFO - Contract transactions history updated - 
Sun, 09 Jul 2023 17:34:12 GMT - INFO - Contract transactions history updated - 
Sun, 09 Jul 2023 17:34:13 GMT - INFO - Contract transactions history updated - 
Sun, 09 Jul 2023 17:34:14 GMT - INFO - Contract transactions history updated - 
Sun, 09 Jul 2023 17:34:15 GMT - INFO - Updated pixels map - 
Sun, 09 Jul 2023 17:34:15 GMT - INFO - Contract transactions history updated - 
Sun, 09 Jul 2023 17:34:16 GMT - INFO - Contract transactions history updated - 
Sun, 09 Jul 2023 17:34:17 GMT - INFO - Contract transactions history updated - 
Sun, 09 Jul 2023 17:34:18 GMT - INFO - Contract transactions history updated - 
Sun, 09 Jul 2023 17:34:19 GMT - INFO - Contract transactions history updated - 
Sun, 09 Jul 2023 17:34:20 GMT - INFO - Updated pixels map - 
Sun, 09 Jul 2023 17:34:20 GMT - INFO - Contract transactions history updated - 
Sun, 09 Jul 2023 17:34:21 GMT - INFO - Contract transactions history updated - 
Sun, 09 Jul 2023 17:34:22 GMT - INFO - Contract transactions history updated - 
Sun, 09 Jul 2023 17:34:23 GMT - INFO - Contract transactions history updated - 
Sun, 09 Jul 2023 17:34:24 GMT - INFO - Contract transactions history updated - 
Sun, 09 Jul 2023 17:34:25 GMT - INFO - Updated pixels map - 
Sun, 09 Jul 2023 17:34:25 GMT - INFO - Contract transactions history updated - 
Sun, 09 Jul 2023 17:34:26 GMT - INFO - Contract transactions history updated - 
Sun, 09 Jul 2023 17:34:27 GMT - INFO - Contract transactions history updated - 
Sun, 09 Jul 2023 17:34:28 GMT - INFO - Contract transactions history updated - 
Sun, 09 Jul 2023 17:34:29 GMT - INFO - Contract transactions history updated - 
Sun, 09 Jul 2023 17:34:30 GMT - INFO - Updated pixels map - 
Sun, 09 Jul 2023 17:34:30 GMT - INFO - Contract transactions history updated - 
Sun, 09 Jul 2023 17:34:31 GMT - INFO - Contract transactions history updated - 
Sun, 09 Jul 2023 17:34:32 GMT - INFO - Contract transactions history updated - 
Sun, 09 Jul 2023 17:34:33 GMT - INFO - Contract transactions history updated - 
Sun, 09 Jul 2023 17:34:34 GMT - INFO - Contract transactions history updated - 
Sun, 09 Jul 2023 17:34:35 GMT - INFO - Updated pixels map - 
Sun, 09 Jul 2023 17:34:35 GMT - INFO - Contract transactions history updated - 
Sun, 09 Jul 2023 17:34:36 GMT - INFO - Contract transactions history updated - 
Sun, 09 Jul 2023 17:34:37 GMT - INFO - Contract transactions history updated - 
Sun, 09 Jul 2023 17:34:38 GMT - INFO - Contract transactions history updated - 
Sun, 09 Jul 2023 17:34:39 GMT - INFO - Contract transactions history updated - 
Sun, 09 Jul 2023 17:34:40 GMT - INFO - Updated pixels map - 
Sun, 09 Jul 2023 17:34:40 GMT - INFO - Contract transactions history updated - 
Sun, 09 Jul 2023 17:34:42 GMT - INFO - Contract transactions history updated - 
Sun, 09 Jul 2023 17:34:42 GMT - INFO - Contract transactions history updated - 
Sun, 09 Jul 2023 17:34:43 GMT - INFO - Contract transactions history updated - 
Sun, 09 Jul 2023 17:34:45 GMT - INFO - Contract transactions history updated - 
Sun, 09 Jul 2023 17:34:45 GMT - INFO - Updated pixels map - 
Sun, 09 Jul 2023 17:34:45 GMT - INFO - Contract transactions history updated - 
Sun, 09 Jul 2023 17:34:46 GMT - INFO - Contract transactions history updated - 
Sun, 09 Jul 2023 17:34:47 GMT - INFO - Contract transactions history updated - 
Sun, 09 Jul 2023 17:34:48 GMT - INFO - Contract transactions history updated - 
Sun, 09 Jul 2023 17:34:49 GMT - INFO - Contract transactions history updated - 
Sun, 09 Jul 2023 17:34:50 GMT - INFO - Updated pixels map - 
Sun, 09 Jul 2023 17:34:50 GMT - INFO - Contract transactions history updated - 
Sun, 09 Jul 2023 17:34:51 GMT - INFO - Contract transactions history updated - 
Sun, 09 Jul 2023 17:34:52 GMT - INFO - Contract transactions history updated - 
Sun, 09 Jul 2023 17:34:53 GMT - INFO - Contract transactions history updated - 
Sun, 09 Jul 2023 17:34:54 GMT - INFO - Contract transactions history updated - 
Sun, 09 Jul 2023 17:34:55 GMT - INFO - Updated pixels map - 
Sun, 09 Jul 2023 17:34:56 GMT - INFO - Contract transactions history updated - 
Sun, 09 Jul 2023 17:34:56 GMT - INFO - Contract transactions history updated - 
Sun, 09 Jul 2023 17:34:57 GMT - INFO - Contract transactions history updated - 
Sun, 09 Jul 2023 17:34:59 GMT - INFO - Contract transactions history updated - 
Sun, 09 Jul 2023 17:34:59 GMT - INFO - Contract transactions history updated - 
Sun, 09 Jul 2023 17:35:00 GMT - INFO - Updated pixels map - 
Sun, 09 Jul 2023 17:35:00 GMT - INFO - Contract transactions history updated - 
Sun, 09 Jul 2023 17:35:01 GMT - INFO - Contract transactions history updated - 
Sun, 09 Jul 2023 17:35:02 GMT - INFO - Contract transactions history updated - 
Sun, 09 Jul 2023 17:35:04 GMT - INFO - Contract transactions history updated - 
Sun, 09 Jul 2023 17:35:04 GMT - INFO - Contract transactions history updated - 
Sun, 09 Jul 2023 17:35:05 GMT - INFO - Updated pixels map - 
Sun, 09 Jul 2023 17:35:05 GMT - INFO - Contract transactions history updated - 
Sun, 09 Jul 2023 17:35:07 GMT - INFO - Contract transactions history updated - 
Sun, 09 Jul 2023 17:35:08 GMT - INFO - Contract transactions history updated - 
Sun, 09 Jul 2023 17:35:09 GMT - INFO - Contract transactions history updated - 
Sun, 09 Jul 2023 17:35:10 GMT - INFO - Contract transactions history updated - 
Sun, 09 Jul 2023 17:35:10 GMT - INFO - Updated pixels map - 
Sun, 09 Jul 2023 17:35:11 GMT - INFO - Contract transactions history updated - 
Sun, 09 Jul 2023 17:35:12 GMT - INFO - Contract transactions history updated - 
Sun, 09 Jul 2023 17:35:13 GMT - INFO - Contract transactions history updated - 
Sun, 09 Jul 2023 17:35:14 GMT - INFO - Contract transactions history updated - 
Sun, 09 Jul 2023 17:35:15 GMT - INFO - Contract transactions history updated - 
Sun, 09 Jul 2023 17:35:15 GMT - INFO - Updated pixels map - 
Sun, 09 Jul 2023 17:35:16 GMT - INFO - Contract transactions history updated - 
Sun, 09 Jul 2023 17:35:17 GMT - INFO - Contract transactions history updated - 
Sun, 09 Jul 2023 17:35:18 GMT - INFO - Contract transactions history updated - 
Sun, 09 Jul 2023 17:35:19 GMT - INFO - Contract transactions history updated - 
Sun, 09 Jul 2023 17:35:20 GMT - INFO - Contract transactions history updated - 
Sun, 09 Jul 2023 17:35:20 GMT - INFO - Updated pixels map - 
Sun, 09 Jul 2023 17:35:21 GMT - INFO - Contract transactions history updated - 
Sun, 09 Jul 2023 17:35:22 GMT - INFO - Contract transactions history updated - 
Sun, 09 Jul 2023 17:35:23 GMT - INFO - Contract transactions history updated - 
Sun, 09 Jul 2023 17:35:24 GMT - INFO - Contract transactions history updated - 
Sun, 09 Jul 2023 17:35:25 GMT - INFO - Contract transactions history updated - 
Sun, 09 Jul 2023 17:35:25 GMT - INFO - Updated pixels map - 
Sun, 09 Jul 2023 17:35:26 GMT - INFO - Contract transactions history updated - 
Sun, 09 Jul 2023 17:35:27 GMT - INFO - Contract transactions history updated - 
Sun, 09 Jul 2023 17:35:28 GMT - INFO - Contract transactions history updated - 
Sun, 09 Jul 2023 17:35:29 GMT - INFO - Contract transactions history updated - 
Sun, 09 Jul 2023 17:35:30 GMT - INFO - Contract transactions history updated - 
Sun, 09 Jul 2023 17:35:30 GMT - INFO - Updated pixels map - 
Sun, 09 Jul 2023 17:35:31 GMT - INFO - Contract transactions history updated - 
Sun, 09 Jul 2023 17:35:32 GMT - INFO - Contract transactions history updated - 
Sun, 09 Jul 2023 17:35:33 GMT - INFO - Contract transactions history updated - 
Sun, 09 Jul 2023 17:35:34 GMT - INFO - Contract transactions history updated - 
Sun, 09 Jul 2023 17:35:35 GMT - INFO - Contract transactions history updated - 
Sun, 09 Jul 2023 17:35:35 GMT - INFO - Updated pixels map - 
Sun, 09 Jul 2023 17:35:36 GMT - INFO - Contract transactions history updated - 
Sun, 09 Jul 2023 17:35:37 GMT - INFO - Contract transactions history updated - 
Sun, 09 Jul 2023 17:35:38 GMT - INFO - Contract transactions history updated - 
Sun, 09 Jul 2023 17:35:39 GMT - INFO - Contract transactions history updated - 
Sun, 09 Jul 2023 17:35:40 GMT - INFO - Contract transactions history updated - 
Sun, 09 Jul 2023 17:35:40 GMT - INFO - Updated pixels map - 
Sun, 09 Jul 2023 17:35:41 GMT - INFO - Contract transactions history updated - 
Sun, 09 Jul 2023 17:35:42 GMT - INFO - Contract transactions history updated - 
Sun, 09 Jul 2023 17:35:43 GMT - INFO - Contract transactions history updated - 
Sun, 09 Jul 2023 17:35:44 GMT - INFO - Contract transactions history updated - 
Sun, 09 Jul 2023 17:35:45 GMT - INFO - Contract transactions history updated - 
Sun, 09 Jul 2023 17:35:45 GMT - INFO - Updated pixels map - 
Sun, 09 Jul 2023 17:35:46 GMT - INFO - Contract transactions history updated - 
Sun, 09 Jul 2023 17:35:47 GMT - INFO - Contract transactions history updated - 
Sun, 09 Jul 2023 17:35:48 GMT - INFO - Contract transactions history updated - 
Sun, 09 Jul 2023 17:35:49 GMT - INFO - Contract transactions history updated - 
Sun, 09 Jul 2023 17:35:50 GMT - INFO - Contract transactions history updated - 
Sun, 09 Jul 2023 17:35:50 GMT - INFO - Updated pixels map - 
Sun, 09 Jul 2023 17:35:51 GMT - INFO - Contract transactions history updated - 
Sun, 09 Jul 2023 17:35:52 GMT - INFO - Contract transactions history updated - 
Sun, 09 Jul 2023 17:35:53 GMT - INFO - Contract transactions history updated - 
Sun, 09 Jul 2023 17:35:54 GMT - INFO - Contract transactions history updated - 
Sun, 09 Jul 2023 17:35:55 GMT - INFO - Contract transactions history updated - 
Sun, 09 Jul 2023 17:35:55 GMT - INFO - Updated pixels map - 
Sun, 09 Jul 2023 17:35:56 GMT - INFO - Contract transactions history updated - 
Sun, 09 Jul 2023 17:35:57 GMT - INFO - Contract transactions history updated - 
Sun, 09 Jul 2023 17:35:58 GMT - INFO - Contract transactions history updated - 
Sun, 09 Jul 2023 17:35:59 GMT - INFO - Contract transactions history updated - 
Sun, 09 Jul 2023 17:36:00 GMT - INFO - Contract transactions history updated - 
Sun, 09 Jul 2023 17:36:00 GMT - INFO - Updated pixels map - 
Sun, 09 Jul 2023 17:36:01 GMT - INFO - Contract transactions history updated - 
Sun, 09 Jul 2023 17:36:02 GMT - INFO - Contract transactions history updated - 
Sun, 09 Jul 2023 17:36:03 GMT - INFO - Contract transactions history updated - 
Sun, 09 Jul 2023 17:36:04 GMT - INFO - Contract transactions history updated - 
Sun, 09 Jul 2023 17:36:05 GMT - INFO - Updated pixels map - 
Sun, 09 Jul 2023 17:36:05 GMT - INFO - Contract transactions history updated - 
Sun, 09 Jul 2023 17:36:06 GMT - INFO - Contract transactions history updated - 
Sun, 09 Jul 2023 17:36:07 GMT - INFO - Contract transactions history updated - 
Sun, 09 Jul 2023 17:36:08 GMT - INFO - Contract transactions history updated - 
Sun, 09 Jul 2023 17:36:09 GMT - INFO - Contract transactions history updated - 
Sun, 09 Jul 2023 17:36:10 GMT - INFO - Contract transactions history updated - 
Sun, 09 Jul 2023 17:36:10 GMT - INFO - Updated pixels map - 
Sun, 09 Jul 2023 17:36:11 GMT - INFO - Contract transactions history updated - 
Sun, 09 Jul 2023 17:36:12 GMT - INFO - Contract transactions history updated - 
Sun, 09 Jul 2023 17:36:13 GMT - INFO - Contract transactions history updated - 
Sun, 09 Jul 2023 17:36:14 GMT - INFO - Contract transactions history updated - 
Sun, 09 Jul 2023 17:36:15 GMT - INFO - Contract transactions history updated - 
Sun, 09 Jul 2023 17:36:15 GMT - INFO - Updated pixels map - 
Sun, 09 Jul 2023 17:36:16 GMT - INFO - Contract transactions history updated - 
Sun, 09 Jul 2023 17:36:17 GMT - INFO - Contract transactions history updated - 
Sun, 09 Jul 2023 17:36:18 GMT - INFO - Contract transactions history updated - 
Sun, 09 Jul 2023 17:36:19 GMT - INFO - Contract transactions history updated - 
Sun, 09 Jul 2023 17:36:20 GMT - INFO - Contract transactions history updated - 
Sun, 09 Jul 2023 17:36:20 GMT - INFO - Updated pixels map - 
Sun, 09 Jul 2023 17:36:21 GMT - INFO - Contract transactions history updated - 
Sun, 09 Jul 2023 17:36:22 GMT - INFO - Contract transactions history updated - 
Sun, 09 Jul 2023 17:36:23 GMT - INFO - Contract transactions history updated - 
Sun, 09 Jul 2023 17:36:24 GMT - INFO - Contract transactions history updated - 
Sun, 09 Jul 2023 17:36:25 GMT - INFO - Contract transactions history updated - 
Sun, 09 Jul 2023 17:36:25 GMT - INFO - Updated pixels map - 
Sun, 09 Jul 2023 17:36:26 GMT - INFO - Contract transactions history updated - 
Sun, 09 Jul 2023 17:36:27 GMT - INFO - Contract transactions history updated - 
Sun, 09 Jul 2023 17:36:28 GMT - INFO - Contract transactions history updated - 
Sun, 09 Jul 2023 17:36:29 GMT - INFO - Contract transactions history updated - 
Sun, 09 Jul 2023 17:36:30 GMT - INFO - Contract transactions history updated - 
Sun, 09 Jul 2023 17:36:30 GMT - INFO - Updated pixels map - 
Sun, 09 Jul 2023 17:36:31 GMT - INFO - Contract transactions history updated - 
Sun, 09 Jul 2023 17:36:32 GMT - INFO - Contract transactions history updated - 
Sun, 09 Jul 2023 17:36:33 GMT - INFO - Contract transactions history updated - 
Sun, 09 Jul 2023 17:36:34 GMT - INFO - Contract transactions history updated - 
Sun, 09 Jul 2023 17:36:35 GMT - INFO - Contract transactions history updated - 
Sun, 09 Jul 2023 17:36:35 GMT - INFO - Updated pixels map - 
Sun, 09 Jul 2023 17:36:36 GMT - INFO - Contract transactions history updated - 
Sun, 09 Jul 2023 17:36:37 GMT - INFO - Contract transactions history updated - 
Sun, 09 Jul 2023 17:36:38 GMT - INFO - Contract transactions history updated - 
Sun, 09 Jul 2023 17:36:39 GMT - INFO - Contract transactions history updated - 
Sun, 09 Jul 2023 17:36:40 GMT - INFO - Updated pixels map - 
Sun, 09 Jul 2023 17:36:40 GMT - INFO - Contract transactions history updated - 
Sun, 09 Jul 2023 17:36:41 GMT - INFO - Contract transactions history updated - 
Sun, 09 Jul 2023 17:36:42 GMT - INFO - Contract transactions history updated - 
Sun, 09 Jul 2023 17:36:43 GMT - INFO - Contract transactions history updated - 
Sun, 09 Jul 2023 17:36:44 GMT - INFO - Contract transactions history updated - 
Sun, 09 Jul 2023 17:36:45 GMT - INFO - Updated pixels map - 
Sun, 09 Jul 2023 17:36:45 GMT - INFO - Contract transactions history updated - 
Sun, 09 Jul 2023 17:36:46 GMT - INFO - Contract transactions history updated - 
Sun, 09 Jul 2023 17:36:47 GMT - INFO - Contract transactions history updated - 
Sun, 09 Jul 2023 17:36:48 GMT - INFO - Contract transactions history updated - 
Sun, 09 Jul 2023 17:36:49 GMT - INFO - Contract transactions history updated - 
Sun, 09 Jul 2023 17:36:50 GMT - INFO - Updated pixels map - 
Sun, 09 Jul 2023 17:36:50 GMT - INFO - Contract transactions history updated - 
Sun, 09 Jul 2023 17:36:51 GMT - INFO - Contract transactions history updated - 
Sun, 09 Jul 2023 17:36:52 GMT - INFO - Contract transactions history updated - 
Sun, 09 Jul 2023 17:36:54 GMT - INFO - Contract transactions history updated - 
Sun, 09 Jul 2023 17:36:55 GMT - INFO - Contract transactions history updated - 
Sun, 09 Jul 2023 17:36:55 GMT - INFO - Updated pixels map - 
Sun, 09 Jul 2023 17:36:55 GMT - INFO - Contract transactions history updated - 
Sun, 09 Jul 2023 17:36:56 GMT - INFO - Contract transactions history updated - 
Sun, 09 Jul 2023 17:36:57 GMT - INFO - Contract transactions history updated - 
Sun, 09 Jul 2023 17:36:58 GMT - INFO - Contract transactions history updated - 
Sun, 09 Jul 2023 17:37:00 GMT - INFO - Contract transactions history updated - 
Sun, 09 Jul 2023 17:37:00 GMT - INFO - Updated pixels map - 
Sun, 09 Jul 2023 17:37:00 GMT - INFO - Contract transactions history updated - 
Sun, 09 Jul 2023 17:37:01 GMT - INFO - Contract transactions history updated - 
Sun, 09 Jul 2023 17:37:02 GMT - INFO - Contract transactions history updated - 
Sun, 09 Jul 2023 17:37:03 GMT - INFO - Contract transactions history updated - 
Sun, 09 Jul 2023 17:37:04 GMT - INFO - Contract transactions history updated - 
Sun, 09 Jul 2023 17:37:05 GMT - INFO - Updated pixels map - 
Sun, 09 Jul 2023 17:37:05 GMT - INFO - Contract transactions history updated - 
Sun, 09 Jul 2023 17:37:06 GMT - INFO - Contract transactions history updated - 
Sun, 09 Jul 2023 17:37:07 GMT - INFO - Contract transactions history updated - 
Sun, 09 Jul 2023 17:37:08 GMT - INFO - Contract transactions history updated - 
Sun, 09 Jul 2023 17:37:09 GMT - INFO - Contract transactions history updated - 
Sun, 09 Jul 2023 17:37:10 GMT - INFO - Updated pixels map - 
Sun, 09 Jul 2023 17:37:11 GMT - INFO - Contract transactions history updated - 
Sun, 09 Jul 2023 17:37:11 GMT - INFO - Contract transactions history updated - 
Sun, 09 Jul 2023 17:37:12 GMT - INFO - Contract transactions history updated - 
Sun, 09 Jul 2023 17:37:14 GMT - INFO - Contract transactions history updated - 
Sun, 09 Jul 2023 17:37:14 GMT - INFO - Contract transactions history updated - 
Sun, 09 Jul 2023 17:37:15 GMT - INFO - Updated pixels map - 
Sun, 09 Jul 2023 17:37:15 GMT - INFO - Contract transactions history updated - 
Sun, 09 Jul 2023 17:37:17 GMT - INFO - Contract transactions history updated - 
Sun, 09 Jul 2023 17:37:18 GMT - INFO - Contract transactions history updated - 
Sun, 09 Jul 2023 17:37:18 GMT - INFO - Contract transactions history updated - 
Sun, 09 Jul 2023 17:37:20 GMT - INFO - Contract transactions history updated - 
Sun, 09 Jul 2023 17:37:20 GMT - INFO - Updated pixels map - 
Sun, 09 Jul 2023 17:37:20 GMT - INFO - Contract transactions history updated - 
Sun, 09 Jul 2023 17:37:21 GMT - INFO - Contract transactions history updated - 
Sun, 09 Jul 2023 17:37:22 GMT - INFO - Contract transactions history updated - 
Sun, 09 Jul 2023 17:37:23 GMT - INFO - Contract transactions history updated - 
Sun, 09 Jul 2023 17:37:24 GMT - INFO - Contract transactions history updated - 
Sun, 09 Jul 2023 17:37:25 GMT - INFO - Updated pixels map - 
Sun, 09 Jul 2023 17:37:26 GMT - INFO - Contract transactions history updated - 
Sun, 09 Jul 2023 17:37:27 GMT - INFO - Contract transactions history updated - 
Sun, 09 Jul 2023 17:37:28 GMT - INFO - Contract transactions history updated - 
Sun, 09 Jul 2023 17:37:28 GMT - INFO - Contract transactions history updated - 
Sun, 09 Jul 2023 17:37:29 GMT - INFO - Contract transactions history updated - 
Sun, 09 Jul 2023 17:37:30 GMT - INFO - Updated pixels map - 
Sun, 09 Jul 2023 17:37:31 GMT - INFO - Contract transactions history updated - 
Sun, 09 Jul 2023 17:37:31 GMT - INFO - Contract transactions history updated - 
Sun, 09 Jul 2023 17:37:33 GMT - INFO - Contract transactions history updated - 
Sun, 09 Jul 2023 17:37:34 GMT - INFO - Contract transactions history updated - 
Sun, 09 Jul 2023 17:37:34 GMT - INFO - Contract transactions history updated - 
Sun, 09 Jul 2023 17:37:35 GMT - INFO - Updated pixels map - 
Sun, 09 Jul 2023 17:37:36 GMT - INFO - Contract transactions history updated - 
Sun, 09 Jul 2023 17:37:36 GMT - INFO - Contract transactions history updated - 
Sun, 09 Jul 2023 17:37:38 GMT - INFO - Contract transactions history updated - 
Sun, 09 Jul 2023 17:37:38 GMT - INFO - Contract transactions history updated - 
Sun, 09 Jul 2023 17:37:40 GMT - INFO - Contract transactions history updated - 
Sun, 09 Jul 2023 17:37:40 GMT - INFO - Updated pixels map - 
Sun, 09 Jul 2023 17:37:41 GMT - INFO - Contract transactions history updated - 
Sun, 09 Jul 2023 17:37:42 GMT - INFO - Contract transactions history updated - 
Sun, 09 Jul 2023 17:37:43 GMT - INFO - Contract transactions history updated - 
Sun, 09 Jul 2023 17:37:44 GMT - INFO - Contract transactions history updated - 
Sun, 09 Jul 2023 17:37:45 GMT - INFO - Contract transactions history updated - 
Sun, 09 Jul 2023 17:37:45 GMT - INFO - Updated pixels map - 
Sun, 09 Jul 2023 17:37:46 GMT - INFO - Contract transactions history updated - 
Sun, 09 Jul 2023 17:37:47 GMT - INFO - Contract transactions history updated - 
Sun, 09 Jul 2023 17:37:48 GMT - INFO - Contract transactions history updated - 
Sun, 09 Jul 2023 17:37:49 GMT - INFO - Contract transactions history updated - 
Sun, 09 Jul 2023 17:37:50 GMT - INFO - Contract transactions history updated - 
Sun, 09 Jul 2023 17:37:50 GMT - INFO - Updated pixels map - 
Sun, 09 Jul 2023 17:37:51 GMT - INFO - Contract transactions history updated - 
Sun, 09 Jul 2023 17:37:51 GMT - INFO - Contract transactions history updated - 
Sun, 09 Jul 2023 17:37:53 GMT - INFO - Contract transactions history updated - 
Sun, 09 Jul 2023 17:37:54 GMT - INFO - Contract transactions history updated - 
Sun, 09 Jul 2023 17:37:55 GMT - INFO - Contract transactions history updated - 
Sun, 09 Jul 2023 17:37:55 GMT - INFO - Updated pixels map - 
Sun, 09 Jul 2023 17:37:56 GMT - INFO - Contract transactions history updated - 
Sun, 09 Jul 2023 17:37:57 GMT - INFO - Contract transactions history updated - 
Sun, 09 Jul 2023 17:37:58 GMT - INFO - Contract transactions history updated - 
Sun, 09 Jul 2023 17:37:59 GMT - INFO - Contract transactions history updated - 
Sun, 09 Jul 2023 17:38:00 GMT - INFO - Contract transactions history updated - 
Sun, 09 Jul 2023 17:38:00 GMT - INFO - Updated pixels map - 
Sun, 09 Jul 2023 17:38:01 GMT - INFO - Contract transactions history updated - 
Sun, 09 Jul 2023 17:38:02 GMT - INFO - Contract transactions history updated - 
Sun, 09 Jul 2023 17:38:03 GMT - INFO - Contract transactions history updated - 
Sun, 09 Jul 2023 17:38:04 GMT - INFO - Contract transactions history updated - 
Sun, 09 Jul 2023 17:38:05 GMT - INFO - Contract transactions history updated - 
Sun, 09 Jul 2023 17:38:05 GMT - INFO - Updated pixels map - 
Sun, 09 Jul 2023 17:38:06 GMT - INFO - Contract transactions history updated - 
Sun, 09 Jul 2023 17:38:07 GMT - INFO - Contract transactions history updated - 
Sun, 09 Jul 2023 17:38:08 GMT - INFO - Contract transactions history updated - 
Sun, 09 Jul 2023 17:38:09 GMT - INFO - Contract transactions history updated - 
Sun, 09 Jul 2023 17:38:10 GMT - INFO - Contract transactions history updated - 
Sun, 09 Jul 2023 17:38:10 GMT - INFO - Updated pixels map - 
Sun, 09 Jul 2023 17:38:11 GMT - INFO - Contract transactions history updated - 
Sun, 09 Jul 2023 17:38:12 GMT - INFO - Contract transactions history updated - 
Sun, 09 Jul 2023 17:38:13 GMT - INFO - Contract transactions history updated - 
Sun, 09 Jul 2023 17:38:14 GMT - INFO - Contract transactions history updated - 
Sun, 09 Jul 2023 17:38:15 GMT - INFO - Contract transactions history updated - 
Sun, 09 Jul 2023 17:38:15 GMT - INFO - Updated pixels map - 
Sun, 09 Jul 2023 17:38:16 GMT - INFO - Contract transactions history updated - 
Sun, 09 Jul 2023 17:38:17 GMT - INFO - Contract transactions history updated - 
Sun, 09 Jul 2023 17:38:18 GMT - INFO - Contract transactions history updated - 
Sun, 09 Jul 2023 17:38:19 GMT - INFO - Contract transactions history updated - 
Sun, 09 Jul 2023 17:38:20 GMT - INFO - Contract transactions history updated - 
Sun, 09 Jul 2023 17:38:20 GMT - INFO - Updated pixels map - 
Sun, 09 Jul 2023 17:38:21 GMT - INFO - Contract transactions history updated - 
Sun, 09 Jul 2023 17:38:22 GMT - INFO - Contract transactions history updated - 
Sun, 09 Jul 2023 17:38:23 GMT - INFO - Contract transactions history updated - 
Sun, 09 Jul 2023 17:38:24 GMT - INFO - Contract transactions history updated - 
Sun, 09 Jul 2023 17:38:25 GMT - INFO - Contract transactions history updated - 
Sun, 09 Jul 2023 17:38:25 GMT - INFO - Updated pixels map - 
Sun, 09 Jul 2023 17:38:26 GMT - INFO - Contract transactions history updated - 
Sun, 09 Jul 2023 17:38:27 GMT - INFO - Contract transactions history updated - 
Sun, 09 Jul 2023 17:38:28 GMT - INFO - Contract transactions history updated - 
Sun, 09 Jul 2023 17:38:29 GMT - INFO - Contract transactions history updated - 
Sun, 09 Jul 2023 17:38:30 GMT - INFO - Contract transactions history updated - 
Sun, 09 Jul 2023 17:38:30 GMT - INFO - Updated pixels map - 
Sun, 09 Jul 2023 17:38:31 GMT - INFO - Contract transactions history updated - 
Sun, 09 Jul 2023 17:38:32 GMT - INFO - Contract transactions history updated - 
Sun, 09 Jul 2023 17:38:33 GMT - INFO - Contract transactions history updated - 
Sun, 09 Jul 2023 17:38:34 GMT - INFO - Contract transactions history updated - 
Sun, 09 Jul 2023 17:38:35 GMT - INFO - Contract transactions history updated - 
Sun, 09 Jul 2023 17:38:35 GMT - INFO - Updated pixels map - 
Sun, 09 Jul 2023 17:38:36 GMT - INFO - Contract transactions history updated - 
Sun, 09 Jul 2023 17:38:37 GMT - INFO - Contract transactions history updated - 
Sun, 09 Jul 2023 17:38:38 GMT - INFO - Contract transactions history updated - 
Sun, 09 Jul 2023 17:38:39 GMT - INFO - Contract transactions history updated - 
Sun, 09 Jul 2023 17:38:40 GMT - INFO - Contract transactions history updated - 
Sun, 09 Jul 2023 17:38:40 GMT - INFO - Updated pixels map - 
Sun, 09 Jul 2023 17:38:41 GMT - INFO - Contract transactions history updated - 
Sun, 09 Jul 2023 17:38:42 GMT - INFO - Contract transactions history updated - 
Sun, 09 Jul 2023 17:38:43 GMT - INFO - Contract transactions history updated - 
Sun, 09 Jul 2023 17:38:44 GMT - INFO - Contract transactions history updated - 
Sun, 09 Jul 2023 17:38:45 GMT - INFO - Contract transactions history updated - 
Sun, 09 Jul 2023 17:38:45 GMT - INFO - Updated pixels map - 
Sun, 09 Jul 2023 17:38:46 GMT - INFO - Contract transactions history updated - 
Sun, 09 Jul 2023 17:38:47 GMT - INFO - Contract transactions history updated - 
Sun, 09 Jul 2023 17:38:48 GMT - INFO - Contract transactions history updated - 
Sun, 09 Jul 2023 17:38:49 GMT - INFO - Contract transactions history updated - 
Sun, 09 Jul 2023 17:38:50 GMT - INFO - Contract transactions history updated - 
Sun, 09 Jul 2023 17:38:50 GMT - INFO - Updated pixels map - 
Sun, 09 Jul 2023 17:38:51 GMT - INFO - Contract transactions history updated - 
Sun, 09 Jul 2023 17:38:52 GMT - INFO - Contract transactions history updated - 
Sun, 09 Jul 2023 17:38:53 GMT - INFO - Contract transactions history updated - 
Sun, 09 Jul 2023 17:38:54 GMT - INFO - Contract transactions history updated - 
Sun, 09 Jul 2023 17:38:55 GMT - INFO - Contract transactions history updated - 
Sun, 09 Jul 2023 17:38:55 GMT - INFO - Updated pixels map - 
Sun, 09 Jul 2023 17:38:56 GMT - INFO - Contract transactions history updated - 
Sun, 09 Jul 2023 17:38:57 GMT - INFO - Contract transactions history updated - 
Sun, 09 Jul 2023 17:38:58 GMT - INFO - Contract transactions history updated - 
Sun, 09 Jul 2023 17:38:59 GMT - INFO - Contract transactions history updated - 
Sun, 09 Jul 2023 17:39:00 GMT - INFO - Contract transactions history updated - 
Sun, 09 Jul 2023 17:39:00 GMT - INFO - Updated pixels map - 
Sun, 09 Jul 2023 17:39:01 GMT - INFO - Contract transactions history updated - 
Sun, 09 Jul 2023 17:39:02 GMT - INFO - Contract transactions history updated - 
Sun, 09 Jul 2023 17:39:03 GMT - INFO - Contract transactions history updated - 
Sun, 09 Jul 2023 17:39:04 GMT - INFO - Contract transactions history updated - 
Sun, 09 Jul 2023 17:39:05 GMT - INFO - Contract transactions history updated - 
Sun, 09 Jul 2023 17:39:05 GMT - INFO - Updated pixels map - 
Sun, 09 Jul 2023 17:39:06 GMT - INFO - Contract transactions history updated - 
Sun, 09 Jul 2023 17:39:07 GMT - INFO - Contract transactions history updated - 
Sun, 09 Jul 2023 17:39:08 GMT - INFO - Contract transactions history updated - 
Sun, 09 Jul 2023 17:39:09 GMT - INFO - Contract transactions history updated - 
Sun, 09 Jul 2023 17:39:10 GMT - INFO - Contract transactions history updated - 
Sun, 09 Jul 2023 17:39:10 GMT - INFO - Updated pixels map - 
Sun, 09 Jul 2023 17:39:11 GMT - INFO - Contract transactions history updated - 
Sun, 09 Jul 2023 17:39:12 GMT - INFO - Contract transactions history updated - 
Sun, 09 Jul 2023 17:39:13 GMT - INFO - Contract transactions history updated - 
Sun, 09 Jul 2023 17:39:14 GMT - INFO - Contract transactions history updated - 
Sun, 09 Jul 2023 17:39:15 GMT - INFO - Contract transactions history updated - 
Sun, 09 Jul 2023 17:39:15 GMT - INFO - Updated pixels map - 
Sun, 09 Jul 2023 17:39:16 GMT - INFO - Contract transactions history updated - 
Sun, 09 Jul 2023 17:39:17 GMT - INFO - Contract transactions history updated - 
Sun, 09 Jul 2023 17:39:18 GMT - INFO - Contract transactions history updated - 
Sun, 09 Jul 2023 17:39:19 GMT - INFO - Contract transactions history updated - 
Sun, 09 Jul 2023 17:39:20 GMT - INFO - Contract transactions history updated - 
Sun, 09 Jul 2023 17:39:20 GMT - INFO - Updated pixels map - 
Sun, 09 Jul 2023 17:39:21 GMT - INFO - Contract transactions history updated - 
Sun, 09 Jul 2023 17:39:22 GMT - INFO - Contract transactions history updated - 
Sun, 09 Jul 2023 17:39:23 GMT - INFO - Contract transactions history updated - 
Sun, 09 Jul 2023 17:39:24 GMT - INFO - Contract transactions history updated - 
Sun, 09 Jul 2023 17:39:25 GMT - INFO - Updated pixels map - 
Sun, 09 Jul 2023 17:39:25 GMT - INFO - Contract transactions history updated - 
Sun, 09 Jul 2023 17:39:26 GMT - INFO - Contract transactions history updated - 
Sun, 09 Jul 2023 17:39:27 GMT - INFO - Contract transactions history updated - 
Sun, 09 Jul 2023 17:39:28 GMT - INFO - Contract transactions history updated - 
Sun, 09 Jul 2023 17:39:29 GMT - INFO - Contract transactions history updated - 
Sun, 09 Jul 2023 17:39:30 GMT - INFO - Updated pixels map - 
Sun, 09 Jul 2023 17:39:30 GMT - INFO - Contract transactions history updated - 
Sun, 09 Jul 2023 17:39:31 GMT - INFO - Contract transactions history updated - 
Sun, 09 Jul 2023 17:39:32 GMT - INFO - Contract transactions history updated - 
Sun, 09 Jul 2023 17:39:33 GMT - INFO - Contract transactions history updated - 
Sun, 09 Jul 2023 17:39:34 GMT - INFO - Contract transactions history updated - 
Sun, 09 Jul 2023 17:39:35 GMT - INFO - Contract transactions history updated - 
Sun, 09 Jul 2023 17:39:35 GMT - INFO - Updated pixels map - 
Sun, 09 Jul 2023 17:39:36 GMT - INFO - Contract transactions history updated - 
Sun, 09 Jul 2023 17:39:37 GMT - INFO - Contract transactions history updated - 
Sun, 09 Jul 2023 17:39:38 GMT - INFO - Contract transactions history updated - 
Sun, 09 Jul 2023 17:39:40 GMT - INFO - Contract transactions history updated - 
Sun, 09 Jul 2023 17:39:40 GMT - INFO - Contract transactions history updated - 
Sun, 09 Jul 2023 17:39:40 GMT - INFO - Updated pixels map - 
Sun, 09 Jul 2023 17:39:41 GMT - INFO - Contract transactions history updated - 
Sun, 09 Jul 2023 17:39:42 GMT - INFO - Contract transactions history updated - 
Sun, 09 Jul 2023 17:39:43 GMT - INFO - Contract transactions history updated - 
Sun, 09 Jul 2023 17:39:44 GMT - INFO - Contract transactions history updated - 
Sun, 09 Jul 2023 17:39:45 GMT - INFO - Contract transactions history updated - 
Sun, 09 Jul 2023 17:39:45 GMT - INFO - Updated pixels map - 
Sun, 09 Jul 2023 17:39:47 GMT - INFO - Contract transactions history updated - 
Sun, 09 Jul 2023 17:39:48 GMT - INFO - Contract transactions history updated - 
Sun, 09 Jul 2023 17:39:48 GMT - INFO - Contract transactions history updated - 
Sun, 09 Jul 2023 17:39:49 GMT - INFO - Contract transactions history updated - 
Sun, 09 Jul 2023 17:39:50 GMT - INFO - Contract transactions history updated - 
Sun, 09 Jul 2023 17:39:50 GMT - INFO - Updated pixels map - 
Sun, 09 Jul 2023 17:39:51 GMT - INFO - Contract transactions history updated - 
Sun, 09 Jul 2023 17:39:53 GMT - INFO - Contract transactions history updated - 
Sun, 09 Jul 2023 17:39:53 GMT - INFO - Contract transactions history updated - 
Sun, 09 Jul 2023 17:39:55 GMT - INFO - Contract transactions history updated - 
Sun, 09 Jul 2023 17:39:55 GMT - INFO - Contract transactions history updated - 
Sun, 09 Jul 2023 17:39:55 GMT - INFO - Updated pixels map - 
Sun, 09 Jul 2023 17:39:56 GMT - INFO - Contract transactions history updated - 
Sun, 09 Jul 2023 17:39:58 GMT - INFO - Contract transactions history updated - 
Sun, 09 Jul 2023 17:39:58 GMT - INFO - Contract transactions history updated - 
Sun, 09 Jul 2023 17:39:59 GMT - INFO - Contract transactions history updated - 
Sun, 09 Jul 2023 17:40:00 GMT - INFO - Updated pixels map - 
Sun, 09 Jul 2023 17:40:01 GMT - INFO - Contract transactions history updated - 
Sun, 09 Jul 2023 17:40:01 GMT - INFO - Contract transactions history updated - 
Sun, 09 Jul 2023 17:40:03 GMT - INFO - Contract transactions history updated - 
Sun, 09 Jul 2023 17:40:04 GMT - INFO - Contract transactions history updated - 
Sun, 09 Jul 2023 17:40:04 GMT - INFO - Contract transactions history updated - 
Sun, 09 Jul 2023 17:40:05 GMT - INFO - Contract transactions history updated - 
Sun, 09 Jul 2023 17:40:05 GMT - INFO - Updated pixels map - 
Sun, 09 Jul 2023 17:40:07 GMT - INFO - Contract transactions history updated - 
Sun, 09 Jul 2023 17:40:08 GMT - INFO - Contract transactions history updated - 
Sun, 09 Jul 2023 17:40:08 GMT - INFO - Contract transactions history updated - 
Sun, 09 Jul 2023 17:40:10 GMT - INFO - Contract transactions history updated - 
Sun, 09 Jul 2023 17:40:10 GMT - INFO - Updated pixels map - 
Sun, 09 Jul 2023 17:40:11 GMT - INFO - Contract transactions history updated - 
Sun, 09 Jul 2023 17:40:12 GMT - INFO - Contract transactions history updated - 
Sun, 09 Jul 2023 17:40:13 GMT - INFO - Contract transactions history updated - 
Sun, 09 Jul 2023 17:40:13 GMT - INFO - Contract transactions history updated - 
Sun, 09 Jul 2023 17:40:15 GMT - INFO - Contract transactions history updated - 
Sun, 09 Jul 2023 17:40:16 GMT - INFO - Updated pixels map - 
Sun, 09 Jul 2023 17:40:16 GMT - INFO - Contract transactions history updated - 
Sun, 09 Jul 2023 17:40:17 GMT - INFO - Contract transactions history updated - 
Sun, 09 Jul 2023 17:40:18 GMT - INFO - Contract transactions history updated - 
Sun, 09 Jul 2023 17:40:19 GMT - INFO - Contract transactions history updated - 
Sun, 09 Jul 2023 17:40:20 GMT - INFO - Contract transactions history updated - 
Sun, 09 Jul 2023 17:40:21 GMT - INFO - Updated pixels map - 
Sun, 09 Jul 2023 17:40:21 GMT - INFO - Contract transactions history updated - 
Sun, 09 Jul 2023 17:40:22 GMT - INFO - Contract transactions history updated - 
Sun, 09 Jul 2023 17:40:23 GMT - INFO - Contract transactions history updated - 
Sun, 09 Jul 2023 17:40:24 GMT - INFO - Contract transactions history updated - 
Sun, 09 Jul 2023 17:40:25 GMT - INFO - Contract transactions history updated - 
Sun, 09 Jul 2023 17:40:26 GMT - INFO - Updated pixels map - 
Sun, 09 Jul 2023 17:40:26 GMT - INFO - Contract transactions history updated - 
Sun, 09 Jul 2023 17:40:27 GMT - INFO - Contract transactions history updated - 
Sun, 09 Jul 2023 17:40:28 GMT - INFO - Contract transactions history updated - 
Sun, 09 Jul 2023 17:40:29 GMT - INFO - Contract transactions history updated - 
Sun, 09 Jul 2023 17:40:30 GMT - INFO - Contract transactions history updated - 
Sun, 09 Jul 2023 17:40:31 GMT - INFO - Updated pixels map - 
Sun, 09 Jul 2023 17:40:31 GMT - INFO - Contract transactions history updated - 
Sun, 09 Jul 2023 17:40:32 GMT - INFO - Contract transactions history updated - 
Sun, 09 Jul 2023 17:40:33 GMT - INFO - Contract transactions history updated - 
Sun, 09 Jul 2023 17:40:34 GMT - INFO - Contract transactions history updated - 
Sun, 09 Jul 2023 17:40:35 GMT - INFO - Contract transactions history updated - 
Sun, 09 Jul 2023 17:40:36 GMT - INFO - Updated pixels map - 
Sun, 09 Jul 2023 17:40:36 GMT - INFO - Contract transactions history updated - 
Sun, 09 Jul 2023 17:40:37 GMT - INFO - Contract transactions history updated - 
Sun, 09 Jul 2023 17:40:38 GMT - INFO - Contract transactions history updated - 
Sun, 09 Jul 2023 17:40:39 GMT - INFO - Contract transactions history updated - 
Sun, 09 Jul 2023 17:40:40 GMT - INFO - _@::1 - Disconnected from Websocket - transport close - 
Sun, 09 Jul 2023 17:40:40 GMT - INFO - Contract transactions history updated - 
Sun, 09 Jul 2023 17:40:41 GMT - INFO - Updated pixels map - 
Sun, 09 Jul 2023 17:40:41 GMT - INFO - Contract transactions history updated - 
Sun, 09 Jul 2023 17:40:41 GMT - INFO - _@::1 - New connection to Websocket - 
Sun, 09 Jul 2023 17:40:42 GMT - INFO - Contract transactions history updated - 
Sun, 09 Jul 2023 17:40:43 GMT - INFO - Contract transactions history updated - 
Sun, 09 Jul 2023 17:40:44 GMT - INFO - Contract transactions history updated - 
Sun, 09 Jul 2023 17:40:45 GMT - INFO - Contract transactions history updated - 
Sun, 09 Jul 2023 17:40:46 GMT - INFO - Updated pixels map - 
Sun, 09 Jul 2023 17:40:46 GMT - INFO - Contract transactions history updated - 
Sun, 09 Jul 2023 17:40:47 GMT - INFO - Contract transactions history updated - 
Sun, 09 Jul 2023 17:40:48 GMT - INFO - Contract transactions history updated - 
Sun, 09 Jul 2023 17:40:49 GMT - INFO - Contract transactions history updated - 
Sun, 09 Jul 2023 17:40:50 GMT - INFO - Contract transactions history updated - 
Sun, 09 Jul 2023 17:40:51 GMT - INFO - Updated pixels map - 
Sun, 09 Jul 2023 17:40:51 GMT - INFO - Contract transactions history updated - 
Sun, 09 Jul 2023 17:40:52 GMT - INFO - Contract transactions history updated - 
Sun, 09 Jul 2023 17:40:53 GMT - INFO - Contract transactions history updated - 
Sun, 09 Jul 2023 17:40:54 GMT - INFO - Contract transactions history updated - 
Sun, 09 Jul 2023 17:40:55 GMT - INFO - Contract transactions history updated - 
Sun, 09 Jul 2023 17:40:56 GMT - INFO - Updated pixels map - 
Sun, 09 Jul 2023 17:40:56 GMT - INFO - Contract transactions history updated - 
Sun, 09 Jul 2023 17:40:57 GMT - INFO - Contract transactions history updated - 
Sun, 09 Jul 2023 17:40:58 GMT - INFO - Contract transactions history updated - 
Sun, 09 Jul 2023 17:40:59 GMT - INFO - Contract transactions history updated - 
Sun, 09 Jul 2023 17:41:00 GMT - INFO - Contract transactions history updated - 
Sun, 09 Jul 2023 17:41:01 GMT - INFO - Updated pixels map - 
Sun, 09 Jul 2023 17:41:01 GMT - INFO - Contract transactions history updated - 
Sun, 09 Jul 2023 17:41:02 GMT - INFO - Contract transactions history updated - 
Sun, 09 Jul 2023 17:41:03 GMT - INFO - Contract transactions history updated - 
Sun, 09 Jul 2023 17:41:04 GMT - INFO - Contract transactions history updated - 
Sun, 09 Jul 2023 17:41:05 GMT - INFO - Contract transactions history updated - 
Sun, 09 Jul 2023 17:41:06 GMT - INFO - Updated pixels map - 
Sun, 09 Jul 2023 17:41:06 GMT - INFO - Contract transactions history updated - 
Sun, 09 Jul 2023 17:41:07 GMT - INFO - Contract transactions history updated - 
Sun, 09 Jul 2023 17:41:08 GMT - INFO - Contract transactions history updated - 
Sun, 09 Jul 2023 17:41:09 GMT - INFO - Contract transactions history updated - 
Sun, 09 Jul 2023 17:41:10 GMT - INFO - Contract transactions history updated - 
Sun, 09 Jul 2023 17:41:11 GMT - INFO - Updated pixels map - 
Sun, 09 Jul 2023 17:41:11 GMT - INFO - Contract transactions history updated - 
Sun, 09 Jul 2023 17:41:12 GMT - INFO - Contract transactions history updated - 
Sun, 09 Jul 2023 17:41:13 GMT - INFO - Contract transactions history updated - 
Sun, 09 Jul 2023 17:41:14 GMT - INFO - Contract transactions history updated - 
Sun, 09 Jul 2023 17:41:15 GMT - INFO - Contract transactions history updated - 
Sun, 09 Jul 2023 17:41:16 GMT - INFO - Updated pixels map - 
Sun, 09 Jul 2023 17:41:16 GMT - INFO - Contract transactions history updated - 
Sun, 09 Jul 2023 17:41:17 GMT - INFO - Contract transactions history updated - 
Sun, 09 Jul 2023 17:41:18 GMT - INFO - Contract transactions history updated - 
Sun, 09 Jul 2023 17:41:19 GMT - INFO - Contract transactions history updated - 
Sun, 09 Jul 2023 17:41:20 GMT - INFO - Contract transactions history updated - 
Sun, 09 Jul 2023 17:41:21 GMT - INFO - Updated pixels map - 
Sun, 09 Jul 2023 17:41:21 GMT - INFO - Contract transactions history updated - 
Sun, 09 Jul 2023 17:41:22 GMT - INFO - Contract transactions history updated - 
Sun, 09 Jul 2023 17:41:23 GMT - INFO - Contract transactions history updated - 
Sun, 09 Jul 2023 17:41:24 GMT - INFO - Contract transactions history updated - 
Sun, 09 Jul 2023 17:41:25 GMT - INFO - Contract transactions history updated - 
Sun, 09 Jul 2023 17:41:26 GMT - INFO - Updated pixels map - 
Sun, 09 Jul 2023 17:41:26 GMT - INFO - Contract transactions history updated - 
Sun, 09 Jul 2023 17:41:27 GMT - INFO - Contract transactions history updated - 
Sun, 09 Jul 2023 17:41:28 GMT - INFO - Contract transactions history updated - 
Sun, 09 Jul 2023 17:41:29 GMT - INFO - Contract transactions history updated - 
Sun, 09 Jul 2023 17:41:30 GMT - INFO - Contract transactions history updated - 
Sun, 09 Jul 2023 17:41:31 GMT - INFO - Updated pixels map - 
Sun, 09 Jul 2023 17:41:31 GMT - INFO - Contract transactions history updated - 
Sun, 09 Jul 2023 17:41:32 GMT - INFO - _@::1 - Disconnected from Websocket - transport close - 
Sun, 09 Jul 2023 17:41:32 GMT - INFO - Contract transactions history updated - 
Sun, 09 Jul 2023 17:41:33 GMT - INFO - Contract transactions history updated - 
Sun, 09 Jul 2023 17:41:33 GMT - INFO - _@::1 - New connection to Websocket - 
Sun, 09 Jul 2023 17:41:34 GMT - INFO - Contract transactions history updated - 
Sun, 09 Jul 2023 17:41:35 GMT - INFO - Contract transactions history updated - 
Sun, 09 Jul 2023 17:41:36 GMT - INFO - Updated pixels map - 
Sun, 09 Jul 2023 17:41:36 GMT - INFO - Contract transactions history updated - 
Sun, 09 Jul 2023 17:41:37 GMT - INFO - Contract transactions history updated - 
Sun, 09 Jul 2023 17:41:38 GMT - INFO - Contract transactions history updated - 
Sun, 09 Jul 2023 17:41:39 GMT - INFO - Contract transactions history updated - 
Sun, 09 Jul 2023 17:41:40 GMT - INFO - Contract transactions history updated - 
Sun, 09 Jul 2023 17:41:41 GMT - INFO - Updated pixels map - 
Sun, 09 Jul 2023 17:41:41 GMT - INFO - Contract transactions history updated - 
Sun, 09 Jul 2023 17:41:42 GMT - INFO - Contract transactions history updated - 
Sun, 09 Jul 2023 17:41:43 GMT - INFO - Contract transactions history updated - 
Sun, 09 Jul 2023 17:41:44 GMT - INFO - Contract transactions history updated - 
Sun, 09 Jul 2023 17:41:45 GMT - INFO - Contract transactions history updated - 
Sun, 09 Jul 2023 17:41:46 GMT - INFO - Updated pixels map - 
Sun, 09 Jul 2023 17:41:46 GMT - INFO - Contract transactions history updated - 
Sun, 09 Jul 2023 17:41:47 GMT - INFO - Contract transactions history updated - 
Sun, 09 Jul 2023 17:41:48 GMT - INFO - Contract transactions history updated - 
Sun, 09 Jul 2023 17:41:49 GMT - INFO - Contract transactions history updated - 
Sun, 09 Jul 2023 17:41:50 GMT - INFO - Contract transactions history updated - 
Sun, 09 Jul 2023 17:41:51 GMT - INFO - Updated pixels map - 
Sun, 09 Jul 2023 17:41:51 GMT - INFO - Contract transactions history updated - 
Sun, 09 Jul 2023 17:41:52 GMT - INFO - Contract transactions history updated - 
Sun, 09 Jul 2023 17:41:53 GMT - INFO - Contract transactions history updated - 
Sun, 09 Jul 2023 17:41:54 GMT - INFO - Contract transactions history updated - 
Sun, 09 Jul 2023 17:41:55 GMT - INFO - Contract transactions history updated - 
Sun, 09 Jul 2023 17:41:56 GMT - INFO - Updated pixels map - 
Sun, 09 Jul 2023 17:41:56 GMT - INFO - Contract transactions history updated - 
Sun, 09 Jul 2023 17:41:57 GMT - INFO - Contract transactions history updated - 
Sun, 09 Jul 2023 17:41:58 GMT - INFO - Contract transactions history updated - 
Sun, 09 Jul 2023 17:41:59 GMT - INFO - Contract transactions history updated - 
Sun, 09 Jul 2023 17:42:00 GMT - INFO - Contract transactions history updated - 
Sun, 09 Jul 2023 17:42:01 GMT - INFO - Updated pixels map - 
Sun, 09 Jul 2023 17:42:01 GMT - INFO - Contract transactions history updated - 
Sun, 09 Jul 2023 17:42:02 GMT - INFO - Contract transactions history updated - 
Sun, 09 Jul 2023 17:42:03 GMT - INFO - Contract transactions history updated - 
Sun, 09 Jul 2023 17:42:04 GMT - INFO - Contract transactions history updated - 
Sun, 09 Jul 2023 17:42:05 GMT - INFO - Contract transactions history updated - 
Sun, 09 Jul 2023 17:42:06 GMT - INFO - Updated pixels map - 
Sun, 09 Jul 2023 17:42:06 GMT - INFO - Contract transactions history updated - 
Sun, 09 Jul 2023 17:42:07 GMT - INFO - Contract transactions history updated - 
Sun, 09 Jul 2023 17:42:08 GMT - INFO - _@::1 - Disconnected from Websocket - transport close - 
Sun, 09 Jul 2023 17:42:08 GMT - INFO - Contract transactions history updated - 
Sun, 09 Jul 2023 17:42:09 GMT - INFO - Contract transactions history updated - 
Sun, 09 Jul 2023 17:42:10 GMT - INFO - _@::1 - New connection to Websocket - 
Sun, 09 Jul 2023 17:42:10 GMT - INFO - Contract transactions history updated - 
Sun, 09 Jul 2023 17:42:11 GMT - INFO - Updated pixels map - 
Sun, 09 Jul 2023 17:42:11 GMT - INFO - Contract transactions history updated - 
Sun, 09 Jul 2023 17:42:12 GMT - INFO - Contract transactions history updated - 
Sun, 09 Jul 2023 17:42:13 GMT - INFO - Contract transactions history updated - 
Sun, 09 Jul 2023 17:42:14 GMT - INFO - Contract transactions history updated - 
Sun, 09 Jul 2023 17:42:15 GMT - INFO - Contract transactions history updated - 
Sun, 09 Jul 2023 17:42:16 GMT - INFO - Updated pixels map - 
Sun, 09 Jul 2023 17:42:16 GMT - INFO - Contract transactions history updated - 
Sun, 09 Jul 2023 17:42:17 GMT - INFO - Contract transactions history updated - 
Sun, 09 Jul 2023 17:42:18 GMT - INFO - Contract transactions history updated - 
Sun, 09 Jul 2023 17:42:19 GMT - INFO - Contract transactions history updated - 
Sun, 09 Jul 2023 17:42:20 GMT - INFO - Contract transactions history updated - 
Sun, 09 Jul 2023 17:42:21 GMT - INFO - Updated pixels map - 
Sun, 09 Jul 2023 17:42:21 GMT - INFO - Contract transactions history updated - 
Sun, 09 Jul 2023 17:42:22 GMT - INFO - Contract transactions history updated - 
Sun, 09 Jul 2023 17:42:23 GMT - INFO - Contract transactions history updated - 
Sun, 09 Jul 2023 17:42:24 GMT - INFO - Contract transactions history updated - 
Sun, 09 Jul 2023 17:42:25 GMT - INFO - Contract transactions history updated - 
Sun, 09 Jul 2023 17:42:26 GMT - INFO - Updated pixels map - 
Sun, 09 Jul 2023 17:42:26 GMT - INFO - Contract transactions history updated - 
