Sat, 22 Jul 2023 12:25:01 GMT - INFO - Connected to database - 
Sat, 22 Jul 2023 12:25:06 GMT - INFO - Processed block - 7239124 - 0x122044e31a0ae463675961130266dd5ffee518402cb84a5f9abcc34b925f4d5e7bc6 - 
Sat, 22 Jul 2023 12:25:06 GMT - INFO - Updated pixels map - 
Sat, 22 Jul 2023 12:25:11 GMT - INFO - Updated pixels map - 
Sat, 22 Jul 2023 12:25:14 GMT - INFO - Processed block - 7239125 - 0x122008675a1de072ff0922ce36253aa111607a1d575a1cb7889f6abd8d9750ee104a - 
Sat, 22 Jul 2023 12:25:16 GMT - INFO - Updated pixels map - 
Sat, 22 Jul 2023 12:25:18 GMT - INFO - Processed block - 7239126 - 0x1220a46b68b7b68e187013d84ec9633ff6e6b33bbadcc7413b658cbd57fab4520361 - 
Sat, 22 Jul 2023 12:25:21 GMT - INFO - Updated pixels map - 
Sat, 22 Jul 2023 12:25:23 GMT - INFO - Processed block - 7239127 - 0x122088fbfee3f69b517b1d43f07490ffcbb6efd734873ef5965b86d67c926bb73c49 - 
Sat, 22 Jul 2023 12:25:23 GMT - INFO - Processed block - 7239128 - 0x12203cc14e35b3135ce1d93992ebc436913d5727a656a895048b83c8323eaff708ae - 
Sat, 22 Jul 2023 12:25:24 GMT - INFO - Processed block - 7239129 - 0x12201cefa522089c70ed13f8de968a6d12fe35d78a9c49ec3bddd24a7979bf7104c4 - 
Sat, 22 Jul 2023 12:25:26 GMT - INFO - Updated pixels map - 
Sat, 22 Jul 2023 12:25:29 GMT - INFO - Processed block - 7239130 - 0x122001a1f6079beadb352bc5e85e93aa2c6def8bbd730310176ef548c28d82eacd8e - 
Sat, 22 Jul 2023 12:25:30 GMT - INFO - Processed block - 7239131 - 0x1220269238949ce574ef79aeaa23486943db710667b4cec3b07b49fa71417c5a35dd - 
Sat, 22 Jul 2023 12:25:31 GMT - INFO - Updated pixels map - 
Sat, 22 Jul 2023 12:25:34 GMT - INFO - Processed block - 7239132 - 0x122097ff574a101e4c39c1980ed5ef000b7749856d59e619eeb9b82ddd3ab5cfbce1 - 
Sat, 22 Jul 2023 12:25:36 GMT - INFO - Updated pixels map - 
Sat, 22 Jul 2023 12:25:38 GMT - INFO - Processed block - 7239133 - 0x1220f07457f550c3609f7871fe465212d3ba29e55f2ac17b08a7c21e3c362729dbaf - 
Sat, 22 Jul 2023 12:25:41 GMT - INFO - Updated pixels map - 
Sat, 22 Jul 2023 12:25:46 GMT - INFO - Updated pixels map - 
Sat, 22 Jul 2023 12:25:46 GMT - INFO - Processed block - 7239134 - 0x12208345b38c9c4a0b2e1a7b674e3cbc8b00f12cd7c861e4f4195f36f3e138afb8b4 - 
Sat, 22 Jul 2023 12:25:47 GMT - INFO - Processed block - 7239135 - 0x122067ff4a2494932bec73e45bcc13a33e205388747c18ac92068cb356685ae083c9 - 
Sat, 22 Jul 2023 12:25:47 GMT - INFO - Processed block - 7239136 - 0x12203bc7a6ad3e7b1e80db400893ab389a03e3c9f070b7c6b5d616b306e2aef0e59b - 
Sat, 22 Jul 2023 12:25:48 GMT - INFO - Processed block - 7239137 - 0x1220a99303316753b1998e67ac93cb1a1080a068993ab346179b19f92ca078e2db44 - 
Sat, 22 Jul 2023 12:25:51 GMT - INFO - Updated pixels map - 
Sat, 22 Jul 2023 12:25:53 GMT - INFO - Processed block - 7239138 - 0x12200b2b69ce768ed4f52be3fb870cc7f9332ed7c1e59fc55de23ab19ccaabdb096b - 
Sat, 22 Jul 2023 12:25:53 GMT - INFO - Processed block - 7239139 - 0x122000f36c5492f7ca0bce8b7920ee5ae113758d07a0bb2bab8d48c4e7acc2ed72f5 - 
Sat, 22 Jul 2023 12:25:54 GMT - INFO - Processed block - 7239140 - 0x1220d30e138494e930264c48a9446f9a45029ff26daebd56255b1331c87a390ae25e - 
Sat, 22 Jul 2023 12:25:56 GMT - INFO - Updated pixels map - 
Sat, 22 Jul 2023 12:26:01 GMT - INFO - Updated pixels map - 
Sat, 22 Jul 2023 12:26:02 GMT - INFO - Processed block - 7239141 - 0x122054ca4fed2573f453a62192e18db0c95d8ca579961d2ad4963a978f2b836320f3 - 
Sat, 22 Jul 2023 12:26:03 GMT - INFO - Processed block - 7239142 - 0x1220709a7335cc75b93e78f4c74f9314e10c7f8217f71f1acd78a7cbf9ec69f61fda - 
Sat, 22 Jul 2023 12:26:06 GMT - INFO - Updated pixels map - 
Sat, 22 Jul 2023 12:26:07 GMT - INFO - Processed block - 7239143 - 0x122082101c151601bbf8b464bafff2af1c63d8f550d6be9b00d93d6715f36d03107c - 
Sat, 22 Jul 2023 12:26:08 GMT - INFO - Processed block - 7239144 - 0x122059997ced54e43bda32a322d9109418856829184cd8f9f4a111a81d33dc376414 - 
Sat, 22 Jul 2023 12:26:11 GMT - INFO - Updated pixels map - 
Sat, 22 Jul 2023 12:26:12 GMT - INFO - Processed block - 7239145 - 0x1220823ce5df0cb0bd4093c482fb1595f1ee059e3d4ef417c375e7109579593328c2 - 
Sat, 22 Jul 2023 12:26:16 GMT - INFO - Updated pixels map - 
Sat, 22 Jul 2023 12:26:16 GMT - INFO - Processed block - 7239146 - 0x1220dad9295609fcefbde39080e526c4edf18a5f8589adabe8b8f639c1104bfabebd - 
Sat, 22 Jul 2023 12:26:17 GMT - INFO - Processed block - 7239147 - 0x1220599c382614702185f64d2ad96f63e189f7c7492a1d7cce593eca8ee7b0de9e11 - 
Sat, 22 Jul 2023 12:26:18 GMT - INFO - Processed block - 7239148 - 0x12205b2c261d37ddd323e3b0571d08cf516d033f5875a237ce28a14dacfe02fd5e5f - 
Sat, 22 Jul 2023 12:26:21 GMT - INFO - Updated pixels map - 
Sat, 22 Jul 2023 12:26:22 GMT - INFO - Processed block - 7239149 - 0x1220d66977cd3e4232670644e505ba9da5fda441b3deb1b0109910309cc664b008b9 - 
Sat, 22 Jul 2023 12:26:23 GMT - INFO - Processed block - 7239150 - 0x122094c6c22f021472c6454603f69fc27f33f297aa36bb6d8d32019da369bfd6e628 - 
Sat, 22 Jul 2023 12:26:23 GMT - INFO - Processed block - 7239151 - 0x122041275dd9c7321a50b0b5c7e2ae4e7bf5348fa936d4a1022ac820427612162530 - 
Sat, 22 Jul 2023 12:26:26 GMT - INFO - Updated pixels map - 
Sat, 22 Jul 2023 12:26:28 GMT - INFO - Processed block - 7239152 - 0x122035065acbaac51815c1e8b0eeeffc69141e5b2887483f005f48358ef959151850 - 
Sat, 22 Jul 2023 12:26:31 GMT - INFO - Updated pixels map - 
Sat, 22 Jul 2023 12:26:31 GMT - INFO - Processed block - 7239153 - 0x1220e6d7fe2d381f0b43ca1342d4d2bf29bf1fd23d822f5157bbfe7875df16c03db0 - 
Sat, 22 Jul 2023 12:26:36 GMT - INFO - Processed block - 7239154 - 0x12204fa6cae98219581e2a8923275227c64511f95d51b0dcc6e5239215ce8b61df4e - 
Sat, 22 Jul 2023 12:26:36 GMT - INFO - Updated pixels map - 
Sat, 22 Jul 2023 12:26:37 GMT - INFO - Processed block - 7239155 - 0x12200ee762a5afd569bbd8911d829686b5c685e9f0c0b482a8d749916f96704cdee8 - 
Sat, 22 Jul 2023 12:26:41 GMT - INFO - Updated pixels map - 
Sat, 22 Jul 2023 12:26:46 GMT - INFO - Updated pixels map - 
Sat, 22 Jul 2023 12:26:51 GMT - INFO - Updated pixels map - 
Sat, 22 Jul 2023 12:26:54 GMT - INFO - Processed block - 7239156 - 0x122021b506d62af9bc1bc98db9cd5b1541f10ab61b11954e6dd93b84a7ffcecfbaaa - 
Sat, 22 Jul 2023 12:26:55 GMT - INFO - _@::1 - New connection to Websocket - 
Sat, 22 Jul 2023 12:26:55 GMT - INFO - Processed block - 7239157 - 0x122093b5b205de7deb251cbb5cd0350368673227334c30a5ad8c32b3f3387d70119a - 
Sat, 22 Jul 2023 12:26:56 GMT - INFO - Updated pixels map - 
Sat, 22 Jul 2023 12:26:59 GMT - INFO - Processed block - 7239158 - 0x1220690af46b4de0ccb23a71fb3cefe7a6943c3c59dda5e9a68668b4527a5a92ce18 - 
Sat, 22 Jul 2023 12:27:00 GMT - INFO - Processed block - 7239159 - 0x1220769d854547d26395e8c9fb76a9c139e18d0daf1e92f4c99370efbc95ba86d49f - 
Sat, 22 Jul 2023 12:27:01 GMT - INFO - Updated pixels map - 
Sat, 22 Jul 2023 12:27:06 GMT - INFO - Updated pixels map - 
Sat, 22 Jul 2023 12:27:07 GMT - INFO - Processed block - 7239160 - 0x122060fde2e3b45493fd26bfc1d1e9c03ffec0a19d42bb67427c6b9106429b179f77 - 
Sat, 22 Jul 2023 12:27:08 GMT - INFO - Processed block - 7239161 - 0x1220a5e04bb423c8191052bd2c4514835d3004c4a1f6a6b2c78597b5c465743ed71e - 
Sat, 22 Jul 2023 12:27:11 GMT - INFO - Updated pixels map - 
Sat, 22 Jul 2023 12:27:12 GMT - INFO - Processed block - 7239162 - 0x12205d182089b887b76e6e3feb61dde98a90be0e8e09c79f9d654d7dde4bfd5a65e5 - 
Sat, 22 Jul 2023 12:27:13 GMT - INFO - Processed block - 7239163 - 0x12209e84cf3bc548877fc6c41d5872322ef6b6ddd5f9c69c1df0f7ec7ebf026e8d5b - 
Sat, 22 Jul 2023 12:27:16 GMT - INFO - Updated pixels map - 
Sat, 22 Jul 2023 12:27:17 GMT - INFO - Processed block - 7239164 - 0x12209bb7b898d7581f2ab8cdec55593153132606de8ff22a546305141487b77b6449 - 
Sat, 22 Jul 2023 12:27:17 GMT - INFO - New transaction to process - 0x12202be8f276d8f046953d930e7ba443ea4850c3d10f8150580ff1e454d09d1708de - kanvascontract.pixel_placed_event - 
Sat, 22 Jul 2023 12:27:17 GMT - INFO - New pixel placed - 494 - 486 - 1LeWGhDVD8g5rGCL4aDegEf9fKyTL1KhsS - 
Sat, 22 Jul 2023 12:27:17 GMT - INFO - Pixel amount updated - 1LeWGhDVD8g5rGCL4aDegEf9fKyTL1KhsS - 18 - 
Sat, 22 Jul 2023 12:27:17 GMT - INFO - Processed block - 7239165 - 0x12202be8f276d8f046953d930e7ba443ea4850c3d10f8150580ff1e454d09d1708de - 
Sat, 22 Jul 2023 12:27:18 GMT - INFO - Processed block - 7239166 - 0x122025cb058f82d9846c8a934236886ebabef340519d33ee806c2cd71bb218b7de2f - 
Sat, 22 Jul 2023 12:27:21 GMT - INFO - Updated pixels map - 
Sat, 22 Jul 2023 12:27:22 GMT - INFO - Processed block - 7239167 - 0x122027ca1c49be5ac8ac1db2ea0620d84bf7f392fb94c5ca04d44fa451416e5503c3 - 
Sat, 22 Jul 2023 12:27:26 GMT - INFO - Processed block - 7239168 - 0x12203a7a9658dcc92af5ae6eb43bbc95ae4e59d89ed28c3bfe8f16a017f109bb5c34 - 
Sat, 22 Jul 2023 12:27:26 GMT - INFO - Updated pixels map - 
Sat, 22 Jul 2023 12:27:26 GMT - INFO - _@::1 - Disconnected from Websocket - transport close - 
Sat, 22 Jul 2023 12:27:27 GMT - INFO - Processed block - 7239169 - 0x122044c79f4c16007e1a5410906194ed8fc1903ccc471b12a3aec052763050b53d22 - 
Sat, 22 Jul 2023 12:27:27 GMT - INFO - _@::1 - New connection to Websocket - 
Sat, 22 Jul 2023 12:27:31 GMT - INFO - Updated pixels map - 
Sat, 22 Jul 2023 12:27:36 GMT - INFO - Updated pixels map - 
Sat, 22 Jul 2023 12:27:41 GMT - INFO - Processed block - 7239170 - 0x1220e7c707d4930ff4d2738053fa60c28e99bdd69d0c31a1b6f087af5961ae2847eb - 
Sat, 22 Jul 2023 12:27:41 GMT - INFO - Updated pixels map - 
Sat, 22 Jul 2023 12:27:42 GMT - INFO - Processed block - 7239171 - 0x1220ab09bd832ac63e5807f00563378c906d472aa1733ab008e53400c3a3037d80cb - 
Sat, 22 Jul 2023 12:27:43 GMT - INFO - Processed block - 7239172 - 0x12202f9f6c4fb7a63053ffe15bc390e0b4c0cd1bf20e088621ed9de282650a26749e - 
Sat, 22 Jul 2023 12:27:46 GMT - INFO - Updated pixels map - 
Sat, 22 Jul 2023 12:27:47 GMT - INFO - Processed block - 7239173 - 0x12208e025aea08e66542038fd5e181f1d6bb3a44d37471e6a7ad8b87f1ac57f0db31 - 
Sat, 22 Jul 2023 12:27:51 GMT - INFO - Processed block - 7239174 - 0x1220af701286f0df450a3500d796be6cfe444723644971be8991f68f5a51536d0329 - 
Sat, 22 Jul 2023 12:27:51 GMT - INFO - Updated pixels map - 
Sat, 22 Jul 2023 12:27:51 GMT - INFO - Processed block - 7239175 - 0x1220d1678457880212198675102a6a01025e43e74fc44df9c12a263838bc1044f669 - 
Sat, 22 Jul 2023 12:27:56 GMT - INFO - Updated pixels map - 
Sat, 22 Jul 2023 12:27:59 GMT - INFO - Processed block - 7239176 - 0x1220cbaf3a2f91807ecd665a5d8104f54d99f4075f98f3df06f309f0897c4c217b0d - 
Sat, 22 Jul 2023 12:28:00 GMT - INFO - Processed block - 7239177 - 0x12207d6dcd6818bb25d80241ed1a7a10f2d90e9819c51c99fcbba7b379d2f17c9afd - 
Sat, 22 Jul 2023 12:28:01 GMT - INFO - Updated pixels map - 
Sat, 22 Jul 2023 12:28:04 GMT - INFO - Processed block - 7239178 - 0x1220467dc568d460d5e22d98d8d16c792ab3965a47603cfa42b1bd287bbcb3dad51f - 
Sat, 22 Jul 2023 12:28:06 GMT - INFO - Updated pixels map - 
Sat, 22 Jul 2023 12:28:09 GMT - INFO - Processed block - 7239179 - 0x122019735dee0a26d3f2034780e32052b727931556c747ce74826916a871b15cc4f9 - 
Sat, 22 Jul 2023 12:28:10 GMT - INFO - Processed block - 7239180 - 0x122098f08b135a7b3cfa13164e6dac21e15267e114381f264d030f0023ff3b3dfa93 - 
Sat, 22 Jul 2023 12:28:11 GMT - INFO - Updated pixels map - 
Sat, 22 Jul 2023 12:28:14 GMT - INFO - Processed block - 7239181 - 0x122080343a6cffd241fe6a689c025e452741e44c7c57d9fb81c640543f92c86b0145 - 
Sat, 22 Jul 2023 12:28:15 GMT - INFO - Processed block - 7239182 - 0x12201c3c74a1499722d9c0f324813ab624904e09164bffc3d4229303f464b1e3a5b3 - 
Sat, 22 Jul 2023 12:28:16 GMT - INFO - Processed block - 7239183 - 0x1220cac3ca5456bee0cd86e18a53a0ffe196f34ca81234e1603dbd066e3a9ab43b2d - 
Sat, 22 Jul 2023 12:28:16 GMT - INFO - Updated pixels map - 
Sat, 22 Jul 2023 12:28:20 GMT - INFO - Processed block - 7239184 - 0x122050621602dac47d3ed06f7b2b6787c80ed920c964a4d9f1c1ec488ff3955bdc78 - 
Sat, 22 Jul 2023 12:28:21 GMT - INFO - Processed block - 7239185 - 0x122046ae52b957f456c69904b009946829d18fc9e7d845ccb5820664681be829f055 - 
Sat, 22 Jul 2023 12:28:21 GMT - INFO - Updated pixels map - 
Sat, 22 Jul 2023 12:28:22 GMT - INFO - Processed block - 7239186 - 0x1220699846b3c344bd2afc23d28c30275d257239c09b881e66a0a06fbcc2dc715841 - 
Sat, 22 Jul 2023 12:28:23 GMT - INFO - Processed block - 7239187 - 0x12201def8c5e6cab4c4472c4fba83f17ea5470afd8d29be389720b3cef3ed3d8bc0a - 
Sat, 22 Jul 2023 12:28:26 GMT - INFO - Updated pixels map - 
Sat, 22 Jul 2023 12:28:28 GMT - INFO - Processed block - 7239188 - 0x12200bd08881137dcc76fb140e06550edef8e813e1bd5b9434c1ec9e3ddd7e7b0fb6 - 
Sat, 22 Jul 2023 12:28:31 GMT - INFO - Updated pixels map - 
Sat, 22 Jul 2023 12:28:32 GMT - INFO - Processed block - 7239189 - 0x1220e563f3e2da9141fdf73d6993e35543e60f956795c15796d1d2dafbb033125587 - 
Sat, 22 Jul 2023 12:28:32 GMT - INFO - Processed block - 7239190 - 0x122042a27be117c3d1c590c26ebe4078b33341eb83ad7d38245aaacd3542e365118c - 
Sat, 22 Jul 2023 12:28:33 GMT - INFO - Processed block - 7239191 - 0x122072aef95a67e8b8c7a1b72430a29a46fc3f77388ea8de0dd43093321467ba8629 - 
Sat, 22 Jul 2023 12:28:36 GMT - INFO - Updated pixels map - 
Sat, 22 Jul 2023 12:28:37 GMT - INFO - Processed block - 7239192 - 0x1220e5c91f90e82642d0850f8b4d8b80c78af466567ce92a6fceae3fe3784393bdbf - 
Sat, 22 Jul 2023 12:28:41 GMT - INFO - Updated pixels map - 
Sat, 22 Jul 2023 12:28:41 GMT - INFO - Processed block - 7239193 - 0x122022c4afb03186accd4b9ad15eae5200a25a425e2bfb1cfa26ad1c89e84bc5fc00 - 
Sat, 22 Jul 2023 12:28:42 GMT - INFO - Processed block - 7239194 - 0x12204dd71d19a081ca18bc3d96d5c60b7cafbacc22f3e79bfb528b2f25ee3cadc552 - 
Sat, 22 Jul 2023 12:28:43 GMT - INFO - Processed block - 7239195 - 0x12202390f3dd8c48dcd0b0c718822db981df125f33e29af9dff6ac1822eb3f310b69 - 
Sat, 22 Jul 2023 12:28:46 GMT - INFO - Updated pixels map - 
Sat, 22 Jul 2023 12:28:48 GMT - INFO - Processed block - 7239196 - 0x122045be8bbc9d8af86d2db44b00e9d6b75d7b10428dbd270e582a9f00a160b49f2a - 
Sat, 22 Jul 2023 12:28:48 GMT - INFO - Processed block - 7239197 - 0x12208a07512c2f607c83e59daadedfda28038ac28b6d7975188be745e221f9d80736 - 
Sat, 22 Jul 2023 12:28:49 GMT - INFO - Processed block - 7239198 - 0x122080bf59a813ef42f121a6cda7cdab3c56e5eabaa35c5568f9168cb078ef766df4 - 
Sat, 22 Jul 2023 12:28:50 GMT - INFO - Processed block - 7239199 - 0x122051605065bf5371eec3a905470558fc0db505351da793d381785b2aa79d4b8c9c - 
Sat, 22 Jul 2023 12:28:51 GMT - INFO - Updated pixels map - 
Sat, 22 Jul 2023 12:28:54 GMT - INFO - Processed block - 7239200 - 0x12205946e032e3a1b1231aefeb9656e742937bc34e52f4b933627bcfb001c3362341 - 
Sat, 22 Jul 2023 12:28:55 GMT - INFO - Processed block - 7239201 - 0x122079099d68ef04f434d387a18d2fbc427b7d3fd0f6afe691469705cf92b63449e8 - 
Sat, 22 Jul 2023 12:28:56 GMT - INFO - Updated pixels map - 
Sat, 22 Jul 2023 12:28:59 GMT - INFO - Processed block - 7239202 - 0x1220676b5b184dfba812cc80dcb719436e7885cb40bdb8b1ece34f80d89ccfa692d3 - 
Sat, 22 Jul 2023 12:29:00 GMT - INFO - Processed block - 7239203 - 0x1220cbea7ae90fab64a86af2db5a9941541a14ca6d64e5f67094abc4c7a5544ef121 - 
Sat, 22 Jul 2023 12:29:01 GMT - INFO - Updated pixels map - 
Sat, 22 Jul 2023 12:29:06 GMT - INFO - Updated pixels map - 
Sat, 22 Jul 2023 12:29:11 GMT - INFO - Updated pixels map - 
Sat, 22 Jul 2023 12:29:15 GMT - INFO - Processed block - 7239204 - 0x1220dbb766fae94dfe7fff1b73ccb136c2772c2ffaa2711e5c4022beee52deca1aa5 - 
Sat, 22 Jul 2023 12:29:16 GMT - INFO - Processed block - 7239205 - 0x122039113d3951c71e0da667a7a2a8739332db675cce8eb3e276b2a982a3d9d01e13 - 
Sat, 22 Jul 2023 12:29:16 GMT - INFO - Updated pixels map - 
Sat, 22 Jul 2023 12:29:20 GMT - INFO - Processed block - 7239206 - 0x12209522fe4ed54790e03ce1d6fa79e5adf3f5024c82421f18720108452d0bb211af - 
Sat, 22 Jul 2023 12:29:21 GMT - INFO - Processed block - 7239207 - 0x122068907d5fa66bea33c1f51be54054d36407f132c6c1a48dc7fb3a071ccddc233c - 
Sat, 22 Jul 2023 12:29:21 GMT - INFO - Updated pixels map - 
Sat, 22 Jul 2023 12:29:22 GMT - INFO - Processed block - 7239208 - 0x12201cffcaeeef8d13e14f4f712531efa45422dcdb5c261e959f20554b1407f7d8c1 - 
Sat, 22 Jul 2023 12:29:23 GMT - INFO - Processed block - 7239209 - 0x12202cda6f1387eabb0b67e0645d5238c270ea9dcd9d577a383c8378f8cd6ee6087d - 
Sat, 22 Jul 2023 12:29:26 GMT - INFO - Updated pixels map - 
Sat, 22 Jul 2023 12:29:26 GMT - INFO - Processed block - 7239210 - 0x1220c6aad6c267f879531bdf4d66e83d097887df0625b1129d903281918d71f8bd1f - 
Sat, 22 Jul 2023 12:29:27 GMT - INFO - Processed block - 7239211 - 0x1220bc580925816ddff36c1e09f0751efade46bd0c0b87ee8c00e4d09a1e9e118d21 - 
Sat, 22 Jul 2023 12:29:31 GMT - INFO - Updated pixels map - 
Sat, 22 Jul 2023 12:29:36 GMT - INFO - Updated pixels map - 
Sat, 22 Jul 2023 12:29:38 GMT - INFO - Processed block - 7239212 - 0x1220f9f4e1077248eb4c597d88fe7eada2e3f6f42d8072bb9cbef40a5aeaf629a1ac - 
Sat, 22 Jul 2023 12:29:39 GMT - INFO - Processed block - 7239213 - 0x122005e12b74ed1770013f8de6e2f253cbef95d63f0b4dd3bd7ad402237b07e6ee92 - 
Sat, 22 Jul 2023 12:29:41 GMT - INFO - Updated pixels map - 
Sat, 22 Jul 2023 12:29:43 GMT - INFO - Processed block - 7239214 - 0x1220a1469386939347934f55311618df7802ef00d7e2bf77010a0c624c09f0650e68 - 
Sat, 22 Jul 2023 12:29:44 GMT - INFO - Processed block - 7239215 - 0x1220b866f5e5bddbab0a2170aab4ef84f66379053e3a588b3f500a4acc3aa61830ea - 
Sat, 22 Jul 2023 12:29:46 GMT - INFO - Updated pixels map - 
Sat, 22 Jul 2023 12:29:48 GMT - INFO - Processed block - 7239216 - 0x1220f908261ef44b5c519d8e25922ea0385879ac3dd8542ba2cb62a3fa09c430731a - 
Sat, 22 Jul 2023 12:29:49 GMT - INFO - Processed block - 7239217 - 0x1220307d10b3987e6f034a32bb83745a10779ec6b1ccd3e1c0b5ce4133360038937c - 
Sat, 22 Jul 2023 12:29:50 GMT - INFO - Processed block - 7239218 - 0x1220fc4c196b5e0e0fc0972977113fc8b65e18ea2c6ab0b76d86a3ea67b45b92408b - 
Sat, 22 Jul 2023 12:29:51 GMT - INFO - Processed block - 7239219 - 0x1220d87e194a5a69427e885bb7c7aeef92cc4918ad6577031ecadb16c9f7b4e0504c - 
Sat, 22 Jul 2023 12:29:51 GMT - INFO - Updated pixels map - 
Sat, 22 Jul 2023 12:29:52 GMT - INFO - Processed block - 7239220 - 0x1220804ae01cb1ee7dbe75a255310cd2e247783533fdd37ca7b15cd0f6ca02b85c8e - 
Sat, 22 Jul 2023 12:29:53 GMT - INFO - Processed block - 7239221 - 0x12201a74056ddf38225c79fe1cb8fa36862d557771ef7876d43848d948a2e897f389 - 
Sat, 22 Jul 2023 12:29:56 GMT - INFO - Updated pixels map - 
Sat, 22 Jul 2023 12:29:57 GMT - INFO - Processed block - 7239222 - 0x12207a261ef961091c58b17a5cdcbe97a089bf0a7be1ce1b902c5b6c235336c7987e - 
Sat, 22 Jul 2023 12:29:58 GMT - INFO - Processed block - 7239223 - 0x12201e0325643c3d983019d4a143da7a75c018e836d6d1d54a7533bf9bde41be85a7 - 
Sat, 22 Jul 2023 12:30:01 GMT - INFO - Updated pixels map - 
Sat, 22 Jul 2023 12:30:02 GMT - INFO - Processed block - 7239224 - 0x12202a2dfaf6687e24b80d4da537986899cc0e3eb258f3e97793afcb70c22ebccbc5 - 
Sat, 22 Jul 2023 12:30:03 GMT - INFO - Processed block - 7239225 - 0x1220b2832b35cb949dfa7fad3ea3a536bbd4a9076716b3bf9c1056d8d52d6e8cfa4e - 
Sat, 22 Jul 2023 12:30:04 GMT - INFO - Processed block - 7239226 - 0x1220ae85e36c620bf0830172b2ed74aae72353532abb3b5e0d53cef1a5dd8a0fd7fe - 
Sat, 22 Jul 2023 12:30:06 GMT - INFO - Updated pixels map - 
Sat, 22 Jul 2023 12:30:08 GMT - INFO - Processed block - 7239227 - 0x12201713d72396468b2a4d8b3c8c6ff954df70071e7d2bfd12c9783e1e33c301dec9 - 
Sat, 22 Jul 2023 12:30:09 GMT - INFO - Processed block - 7239228 - 0x1220fad3ed6c13f8c18bef3c3bd8891d6d76a7b651bd612ab0b10e8037237112fc96 - 
Sat, 22 Jul 2023 12:30:10 GMT - INFO - Processed block - 7239229 - 0x1220081b550b624c28ae2b942bd01dddafae4b1fa18cf53008483c1bce4fbdd1d07a - 
Sat, 22 Jul 2023 12:30:11 GMT - INFO - Processed block - 7239230 - 0x122040480547ca953b2b07bace35b8e745ee84e0234581e3c13aab2a49450e996053 - 
Sat, 22 Jul 2023 12:30:11 GMT - INFO - Processed block - 7239231 - 0x1220b063e30c03a5e84b8a2424462f8ef8cbfa2d916759527873e089f6353d6a061f - 
Sat, 22 Jul 2023 12:30:11 GMT - INFO - Updated pixels map - 
Sat, 22 Jul 2023 12:30:16 GMT - INFO - Processed block - 7239232 - 0x122037af2600f7e995b9dd616d7573bec768dbb6f3afcd65067234d33ed571b8d6b7 - 
Sat, 22 Jul 2023 12:30:16 GMT - INFO - Updated pixels map - 
Sat, 22 Jul 2023 12:30:16 GMT - INFO - Processed block - 7239233 - 0x1220ef1220dc6db2a959470406973232f14e587d705b8729a4298cdce7a1b8acfe25 - 
Sat, 22 Jul 2023 12:30:17 GMT - INFO - Processed block - 7239234 - 0x12207d1d850c153249a93d240298782fc7b081a2be7b596fe32583bda20f79b703a0 - 
Sat, 22 Jul 2023 12:30:18 GMT - INFO - Processed block - 7239235 - 0x122079e238ba3de7515b9dfc9e1223ecb070c9c6230acfc8a38a64696698236876a9 - 
Sat, 22 Jul 2023 12:30:19 GMT - INFO - Processed block - 7239236 - 0x12205d0caa54c77ef39ebe4a2d363d5cef05f95594da00cf6994f895342eec41cd5c - 
Sat, 22 Jul 2023 12:30:21 GMT - INFO - Updated pixels map - 
Sat, 22 Jul 2023 12:30:23 GMT - INFO - Processed block - 7239237 - 0x12207b1734efc5e30289c156b495d8fa55eaca745b120de2d6e84cfaf65d6494c2d6 - 
Sat, 22 Jul 2023 12:30:24 GMT - INFO - Processed block - 7239238 - 0x1220d030acc63d05c67b6f24e16874b58ffce8f04f1adc69f2d0e1dc0901b101f93d - 
Sat, 22 Jul 2023 12:30:26 GMT - INFO - Updated pixels map - 
Sat, 22 Jul 2023 12:30:28 GMT - INFO - Processed block - 7239239 - 0x12203a7917ae608e58297613acb7475da70dbfff349648eb20ed719374b06461fa98 - 
Sat, 22 Jul 2023 12:30:29 GMT - INFO - Processed block - 7239240 - 0x12203aa7bb74a66de470ccf47ad629d64479010c80e9dab36d2aa53a51e8dc261951 - 
Sat, 22 Jul 2023 12:30:31 GMT - INFO - Updated pixels map - 
Sat, 22 Jul 2023 12:30:33 GMT - INFO - Processed block - 7239241 - 0x1220712395b8d94669f1891e56c9a0ed1f0ab49029ec192346d9220efaf859a08630 - 
Sat, 22 Jul 2023 12:30:34 GMT - INFO - Processed block - 7239242 - 0x122007f8e37b7add8034eabbd89ff9caa571797dac8f84b4346e66be41c3b7e646b7 - 
Sat, 22 Jul 2023 12:30:36 GMT - INFO - Updated pixels map - 
Sat, 22 Jul 2023 12:30:41 GMT - INFO - Updated pixels map - 
Sat, 22 Jul 2023 12:30:42 GMT - INFO - Processed block - 7239243 - 0x122029707f11db4f2898e76288f367e7e2efe208557082b29c3a657436c0f8d34415 - 
Sat, 22 Jul 2023 12:30:46 GMT - INFO - Processed block - 7239244 - 0x122003e980f541b369f4ad608cb26fc0b2a8066c419fa763b490926e675719487b3b - 
Sat, 22 Jul 2023 12:30:46 GMT - INFO - Updated pixels map - 
Sat, 22 Jul 2023 12:30:50 GMT - INFO - Processed block - 7239245 - 0x1220bed6b64a7ee872a1be08ca138422ce42bf3955c80b6f8c519fe2db9825154fb5 - 
Sat, 22 Jul 2023 12:30:51 GMT - INFO - Updated pixels map - 
Sat, 22 Jul 2023 12:30:54 GMT - INFO - Processed block - 7239246 - 0x1220860f8fdc7fc906b480f219bf3563d7b47aa4c3401bdcbda9c4a14cf14c2cd893 - 
Sat, 22 Jul 2023 12:30:56 GMT - INFO - Updated pixels map - 
Sat, 22 Jul 2023 12:31:01 GMT - INFO - Updated pixels map - 
Sat, 22 Jul 2023 12:31:02 GMT - INFO - Processed block - 7239247 - 0x1220fd19e8f1bb2cde9933b31a251db3833432bc767f41f726e0394323feac680cf3 - 
Sat, 22 Jul 2023 12:31:06 GMT - INFO - Processed block - 7239248 - 0x12204611568421ebc69c1ba8677196ae1dc9fe3fca94541878604fea5d65c9dd2052 - 
Sat, 22 Jul 2023 12:31:06 GMT - INFO - Updated pixels map - 
Sat, 22 Jul 2023 12:31:10 GMT - INFO - Processed block - 7239249 - 0x1220e07deea7cead378bd69777d810336b96e51f0074354c57ed0c3b5abc7d25d56d - 
Sat, 22 Jul 2023 12:31:11 GMT - INFO - Updated pixels map - 
Sat, 22 Jul 2023 12:31:16 GMT - INFO - Updated pixels map - 
Sat, 22 Jul 2023 12:31:18 GMT - INFO - Processed block - 7239250 - 0x1220dcf7dd4f39193399aad9a0d30448241c3d35aa4a3de0b77816c4620ecee94f95 - 
Sat, 22 Jul 2023 12:31:21 GMT - INFO - Updated pixels map - 
Sat, 22 Jul 2023 12:31:22 GMT - INFO - _@::1 - Disconnected from Websocket - transport close - 
Sat, 22 Jul 2023 12:31:22 GMT - INFO - Processed block - 7239251 - 0x1220293adeb6d805256432c92bddb0954551946368f668e51f71ff60e1cc6ecca18a - 
Sat, 22 Jul 2023 12:31:22 GMT - INFO - _@::1 - New connection to Websocket - 
Sat, 22 Jul 2023 12:31:23 GMT - INFO - Processed block - 7239252 - 0x122068a14c861fdf1e5253c1ebe23a88df7d8b98864972c0228ae4cd2e84e3c9d770 - 
Sat, 22 Jul 2023 12:31:26 GMT - INFO - Updated pixels map - 
Sat, 22 Jul 2023 12:31:27 GMT - INFO - Processed block - 7239253 - 0x122023ffd6532c0d852c1693457c22371a350e6a52074e1fd5d3557378eeafb78ef5 - 
Sat, 22 Jul 2023 12:31:28 GMT - INFO - Processed block - 7239254 - 0x12200eb08e1ab32ef8c843d94a22e6dd09782a2f36c442209b540ba3688b0b7b0afa - 
Sat, 22 Jul 2023 12:31:31 GMT - INFO - Updated pixels map - 
Sat, 22 Jul 2023 12:31:36 GMT - INFO - Updated pixels map - 
Sat, 22 Jul 2023 12:31:39 GMT - INFO - Processed block - 7239255 - 0x1220c2a678b736812e0398a189c2807810bdbb20a29a54089e4160fd96e734d28f79 - 
Sat, 22 Jul 2023 12:31:41 GMT - INFO - Updated pixels map - 
Sat, 22 Jul 2023 12:31:47 GMT - INFO - Updated pixels map - 
Sat, 22 Jul 2023 12:31:47 GMT - INFO - Processed block - 7239256 - 0x1220e52a09d0a9468b41d3afb8f43674a922cd04baf34d9a00fe5992a7221a2085e5 - 
Sat, 22 Jul 2023 12:31:47 GMT - INFO - Processed block - 7239257 - 0x1220ac4b1e5aaed1d27b81e4435cbbe5ff5579caa23b0852aa9dac806cd8f2606524 - 
Sat, 22 Jul 2023 12:31:51 GMT - INFO - Processed block - 7239258 - 0x1220cd7959428813086d767c6c74ad96e6596b4ef6cb16bd00b028d807bae21862fb - 
Sat, 22 Jul 2023 12:31:52 GMT - INFO - Updated pixels map - 
Sat, 22 Jul 2023 12:31:56 GMT - INFO - Processed block - 7239259 - 0x1220fc0ecb45e75f45634dfc053fee7616fc7f5e874a589f0efad7cca86b6b21f0e5 - 
Sat, 22 Jul 2023 12:31:57 GMT - INFO - Updated pixels map - 
Sat, 22 Jul 2023 12:31:57 GMT - INFO - Processed block - 7239260 - 0x122040cb16fa6b0246a956be9658596be24a62c5cb5ba180537ff111f3c4a06f041f - 
Sat, 22 Jul 2023 12:32:02 GMT - INFO - Updated pixels map - 
Sat, 22 Jul 2023 12:32:05 GMT - INFO - Processed block - 7239261 - 0x1220daa945d111957f39570aa3538d94bbf377f4b68055a37f234c2609ab841684f9 - 
Sat, 22 Jul 2023 12:32:07 GMT - INFO - Updated pixels map - 
Sat, 22 Jul 2023 12:32:09 GMT - INFO - Processed block - 7239262 - 0x12207ac9a233df7817a5fe82a78850477c55df3526eed945c3de9f6ce3f8943c7a9f - 
Sat, 22 Jul 2023 12:32:12 GMT - INFO - Updated pixels map - 
Sat, 22 Jul 2023 12:32:13 GMT - INFO - Processed block - 7239263 - 0x1220c9b9185bd4913be56daabd043aa701cd22ed617d703293ff5f625ea92a73a4b2 - 
Sat, 22 Jul 2023 12:32:14 GMT - INFO - Processed block - 7239264 - 0x1220075e0c390e8f015f8ff225b5377c3a288e9d22232387864f536fcfdba4c615d8 - 
Sat, 22 Jul 2023 12:32:17 GMT - INFO - Updated pixels map - 
Sat, 22 Jul 2023 12:32:18 GMT - INFO - Processed block - 7239265 - 0x1220c1f679430815bfee6813023ada7a9a547e0e1ddb250bf27d4a1a0dedbb9485e4 - 
Sat, 22 Jul 2023 12:32:19 GMT - INFO - Processed block - 7239266 - 0x122080bb9ddaf5e567ff5187c9abab4631f462c41665fed871e9e6518b57f22d83ea - 
Sat, 22 Jul 2023 12:32:22 GMT - INFO - Updated pixels map - 
Sat, 22 Jul 2023 12:32:23 GMT - INFO - Processed block - 7239267 - 0x1220950ab263a8910a6a19b14140106df1a18365f30bf752cafc7b4015f6066995b3 - 
Sat, 22 Jul 2023 12:32:27 GMT - INFO - Updated pixels map - 
Sat, 22 Jul 2023 12:32:28 GMT - INFO - Processed block - 7239268 - 0x12200d4d691587723e4d57716967b63c09d2ee15f163e744d7b479b361afb6f10a9e - 
Sat, 22 Jul 2023 12:32:28 GMT - INFO - Processed block - 7239269 - 0x1220a6ddb78819186d36ec671a86769f2605a4d967fdd872d655194a64531238d324 - 
Sat, 22 Jul 2023 12:32:29 GMT - INFO - Processed block - 7239270 - 0x12201be4890ee211c92260a09190f76d465be357abf3a5d743d08401ed141843795f - 
Sat, 22 Jul 2023 12:32:32 GMT - INFO - Updated pixels map - 
Sat, 22 Jul 2023 12:32:34 GMT - INFO - Processed block - 7239271 - 0x122011d51be203b23fcfc8fe86b4f3cf0adb3486e62949a259465487aa6e71d68d44 - 
Sat, 22 Jul 2023 12:32:34 GMT - INFO - Processed block - 7239272 - 0x122044aa40f14b54f7bf022afca86de8631b8e54fe937fe13458e479ead0c2670e15 - 
Sat, 22 Jul 2023 12:32:37 GMT - INFO - Updated pixels map - 
Sat, 22 Jul 2023 12:32:39 GMT - INFO - Processed block - 7239273 - 0x12201e5abc80df368eb28271eadf0c3743841b2e97ef8777a2ff7549fa01edf8be85 - 
Sat, 22 Jul 2023 12:32:42 GMT - INFO - Updated pixels map - 
Sat, 22 Jul 2023 12:32:47 GMT - INFO - Updated pixels map - 
Sat, 22 Jul 2023 12:32:52 GMT - INFO - Updated pixels map - 
Sat, 22 Jul 2023 12:32:56 GMT - INFO - Processed block - 7239274 - 0x1220f081430810bb91dd80cd44ef273a3e83899e9aa9e89b598a9ab25e80b359dcad - 
Sat, 22 Jul 2023 12:32:57 GMT - INFO - Updated pixels map - 
Sat, 22 Jul 2023 12:32:57 GMT - INFO - Processed block - 7239275 - 0x1220dd331f5f7d31d51ca6da49e41e9d60da8fbcb8254523220823df611df4c684da - 
Sat, 22 Jul 2023 12:33:01 GMT - INFO - Processed block - 7239276 - 0x122061815eab1a10c459a0482fc6a9e1d6862d18d1aebc597b4b495642d9050ce0e1 - 
Sat, 22 Jul 2023 12:33:02 GMT - INFO - Updated pixels map - 
Sat, 22 Jul 2023 12:33:07 GMT - INFO - Updated pixels map - 
Sat, 22 Jul 2023 12:33:12 GMT - INFO - Updated pixels map - 
Sat, 22 Jul 2023 12:33:17 GMT - INFO - Updated pixels map - 
Sat, 22 Jul 2023 12:33:19 GMT - INFO - Processed block - 7239277 - 0x1220f3f73750b21214b8558091617f2dce1f781999db37564dbb3e312b99397dc109 - 
Sat, 22 Jul 2023 12:33:22 GMT - INFO - Updated pixels map - 
Sat, 22 Jul 2023 12:33:27 GMT - INFO - Updated pixels map - 
Sat, 22 Jul 2023 12:33:30 GMT - INFO - Processed block - 7239278 - 0x1220bd08941278b205e9d738d36ddb13ad485fbc430f1c4116e3539d8049ae9c7707 - 
Sat, 22 Jul 2023 12:33:30 GMT - INFO - Processed block - 7239279 - 0x122098c12a5409c5dcde8e251305a06260f1a58bed9b243042aaa6a2a42816f62ded - 
Sat, 22 Jul 2023 12:33:31 GMT - INFO - Processed block - 7239280 - 0x1220b2aac9527caaadfdf01c4b23229632bc9fd6e7319bfe7e48bf2fbcf83f709246 - 
Sat, 22 Jul 2023 12:33:32 GMT - INFO - Updated pixels map - 
Sat, 22 Jul 2023 12:33:35 GMT - INFO - Processed block - 7239281 - 0x1220fbd367a92f1956ad4d6e8bb71ad21dfadeb70e57ef9c63eaab3aa39ef10bdc71 - 
Sat, 22 Jul 2023 12:33:37 GMT - INFO - Updated pixels map - 
Sat, 22 Jul 2023 12:33:40 GMT - INFO - Processed block - 7239282 - 0x1220d81a647117ebde047b16aa7b0d94b10f3bb6d59a5f5470899808fc37625aa5d7 - 
Sat, 22 Jul 2023 12:33:41 GMT - INFO - Processed block - 7239283 - 0x12209bee7e90118c2f20fbc82f8ee75e2b95252289121a1744b50e2acf5c95252955 - 
Sat, 22 Jul 2023 12:33:42 GMT - INFO - Updated pixels map - 
Sat, 22 Jul 2023 12:33:45 GMT - INFO - Processed block - 7239284 - 0x1220758e447cc0959be6e61fa34b535340f5943b119b6db0d9567d5b3a021cb9f2bb - 
Sat, 22 Jul 2023 12:33:47 GMT - INFO - Updated pixels map - 
Sat, 22 Jul 2023 12:33:49 GMT - INFO - Processed block - 7239285 - 0x12207036286cc63a2c9f37b7e346ab7dff460eb7929743ebb6deaf7ae062c4a78b7a - 
Sat, 22 Jul 2023 12:33:50 GMT - INFO - Processed block - 7239286 - 0x12200e200af64d79d6208820a8eb1b9ee81040978113e783b45562d46b014570553f - 
Sat, 22 Jul 2023 12:33:52 GMT - INFO - Updated pixels map - 
Sat, 22 Jul 2023 12:33:54 GMT - INFO - Processed block - 7239287 - 0x1220e21500ede5b196c2fdb635b55fb56d499b92de8d6e6f3dbe06bcdc3fe00d48b7 - 
Sat, 22 Jul 2023 12:33:57 GMT - INFO - Updated pixels map - 
Sat, 22 Jul 2023 12:34:02 GMT - INFO - Processed block - 7239288 - 0x1220eb3d65a0fa46dd1c90c3c63f3155aa3743a8fec9d8ba0cad18b71b5c05d38840 - 
Sat, 22 Jul 2023 12:34:02 GMT - INFO - Updated pixels map - 
Sat, 22 Jul 2023 12:34:03 GMT - INFO - Processed block - 7239289 - 0x12201bb08f36c085233f48b54462a0dd61222b1d57ccde68d3b8afc570d0939626c8 - 
Sat, 22 Jul 2023 12:34:03 GMT - INFO - Processed block - 7239290 - 0x12201eb92c04c47e768522ea96134a1c3ba3870dc10e473151f47ef2e43c3d14a109 - 
Sat, 22 Jul 2023 12:34:07 GMT - INFO - Updated pixels map - 
Sat, 22 Jul 2023 12:34:07 GMT - INFO - Processed block - 7239291 - 0x1220fe09529b97d948bb956e7b96ee58e596f568d4084cc3ef337e7160d81dc6977e - 
Sat, 22 Jul 2023 12:34:12 GMT - INFO - Updated pixels map - 
Sat, 22 Jul 2023 12:34:17 GMT - INFO - Updated pixels map - 
Sat, 22 Jul 2023 12:34:19 GMT - INFO - Processed block - 7239292 - 0x12203189ab7c6f35285524d9e46e56ff73d70d06d113c0613f848cfac78e814669da - 
Sat, 22 Jul 2023 12:34:22 GMT - INFO - Updated pixels map - 
Sat, 22 Jul 2023 12:34:23 GMT - INFO - Processed block - 7239293 - 0x1220aba9393d33b256e409accc002b6cc325137ae1a032746d4db2079a9271ac242a - 
Sat, 22 Jul 2023 12:34:23 GMT - INFO - Processed block - 7239294 - 0x12208e8a65f5f06e5eeca0bcd726175b465be1d6d21f5724aa7e152afe1c95c3327e - 
Sat, 22 Jul 2023 12:34:27 GMT - INFO - Updated pixels map - 
Sat, 22 Jul 2023 12:34:31 GMT - INFO - Processed block - 7239295 - 0x12201ae8d520ef11ef522690e951716e362b60c2fb44fc7a03584325c25d468ebd46 - 
Sat, 22 Jul 2023 12:34:32 GMT - INFO - Updated pixels map - 
Sat, 22 Jul 2023 12:34:37 GMT - INFO - Updated pixels map - 
Sat, 22 Jul 2023 12:34:39 GMT - INFO - Processed block - 7239296 - 0x1220a27a01f592e8c402fe3c98fd795fb8e0bf0a0ba3bc3f27c54e81910cfb243b0a - 
Sat, 22 Jul 2023 12:34:42 GMT - INFO - Updated pixels map - 
Sat, 22 Jul 2023 12:34:43 GMT - INFO - Processed block - 7239297 - 0x122050e98eb4a9b8f67661837afbae08d09a2747ad64f37bae6b0af81d08e2bf8e65 - 
Sat, 22 Jul 2023 12:34:47 GMT - INFO - Updated pixels map - 
Sat, 22 Jul 2023 12:34:52 GMT - INFO - Updated pixels map - 
Sat, 22 Jul 2023 12:34:57 GMT - INFO - Updated pixels map - 
Sat, 22 Jul 2023 12:34:57 GMT - INFO - Processed block - 7239298 - 0x12205f35bcb82650c6fe34384737190710ab1e155f4571d087f07406a92fac4d1643 - 
Sat, 22 Jul 2023 12:35:01 GMT - INFO - Processed block - 7239299 - 0x1220e07c8ac525b537af516b18401d9f8ee3ccdd016993764526391f6f473e1935d5 - 
Sat, 22 Jul 2023 12:35:02 GMT - INFO - Updated pixels map - 
Sat, 22 Jul 2023 12:35:02 GMT - INFO - Processed block - 7239300 - 0x1220ac9ecae9c487a2dfd329aaad50e012f047965baad60cb5ada7cee7a92cdc4457 - 
Sat, 22 Jul 2023 12:35:07 GMT - INFO - Updated pixels map - 
Sat, 22 Jul 2023 12:35:09 GMT - INFO - Processed block - 7239301 - 0x12208df1bb35f7269acd27aa962e4b6bf21e716f5e660a04971300a9d5ffe65c0f02 - 
Sat, 22 Jul 2023 12:35:11 GMT - INFO - Processed block - 7239302 - 0x12205e0a490dd3c07ad20186887e3370872e890fab8684f1a26de1e878df10c747cb - 
Sat, 22 Jul 2023 12:35:12 GMT - INFO - Processed block - 7239303 - 0x1220c5098502b8f0e397523ab8098a91a2a4a54f0e54c10518a871eb1badadffbd50 - 
Sat, 22 Jul 2023 12:35:12 GMT - INFO - Updated pixels map - 
Sat, 22 Jul 2023 12:35:13 GMT - INFO - Processed block - 7239304 - 0x1220d9f578e8b9e1f412b6eb0f70c6d758fd06e611069e59984ca0f203e03392927d - 
Sat, 22 Jul 2023 12:35:17 GMT - INFO - Processed block - 7239305 - 0x1220f24a0642fce47ffa7c0acd3ab2397e55810e450bbf5d12aae56902686035daa9 - 
Sat, 22 Jul 2023 12:35:17 GMT - INFO - Updated pixels map - 
Sat, 22 Jul 2023 12:35:21 GMT - INFO - Processed block - 7239306 - 0x12204258ee018626848a1f1295740168bdf35e99f54acef37b676a07bcd13612f502 - 
Sat, 22 Jul 2023 12:35:22 GMT - INFO - Updated pixels map - 
Sat, 22 Jul 2023 12:35:25 GMT - INFO - Processed block - 7239307 - 0x1220e4fd96a139892b26d20fba8b6fe5fe03b4a7878e30fdc86fb416e48100fa3601 - 
Sat, 22 Jul 2023 12:35:27 GMT - INFO - Updated pixels map - 
Sat, 22 Jul 2023 12:35:29 GMT - INFO - Processed block - 7239308 - 0x1220b35ce971f4cb32fe56efb2c1bec3c5c5cbaf1e18e6d013edafe6585e519b4aff - 
Sat, 22 Jul 2023 12:35:32 GMT - INFO - Updated pixels map - 
Sat, 22 Jul 2023 12:35:34 GMT - INFO - Processed block - 7239309 - 0x1220b417529ba78570007466533a38ff9bfe2673aac726655cd29e3ae4a0c9994e42 - 
Sat, 22 Jul 2023 12:35:37 GMT - INFO - Updated pixels map - 
Sat, 22 Jul 2023 12:35:38 GMT - INFO - Processed block - 7239310 - 0x1220db630394656f71fa78aa366fce515ca24431da3aa40bf02a24ca5702f2b97300 - 
Sat, 22 Jul 2023 12:35:39 GMT - INFO - Processed block - 7239311 - 0x12205cbbbf90144a674b62894324492797a2615922b7fc812708dbd11f49f1c9da25 - 
Sat, 22 Jul 2023 12:35:42 GMT - INFO - Updated pixels map - 
Sat, 22 Jul 2023 12:35:43 GMT - INFO - Processed block - 7239312 - 0x12202c41e22d89c86787f9b7900ebe855cf8d0c6f78316d0392d950d28447f63c57a - 
Sat, 22 Jul 2023 12:35:47 GMT - INFO - Updated pixels map - 
Sat, 22 Jul 2023 12:35:47 GMT - INFO - Processed block - 7239313 - 0x1220e24fce58326b1b20a9e91541267aef98927e698ff195169f5421a4b2d97dcf0c - 
Sat, 22 Jul 2023 12:35:51 GMT - INFO - Processed block - 7239314 - 0x122025681148080fa2daa1537cc1266f040b8b19b5a153a68b3c05cc95ffe8827750 - 
Sat, 22 Jul 2023 12:35:52 GMT - INFO - Updated pixels map - 
Sat, 22 Jul 2023 12:35:56 GMT - INFO - Processed block - 7239315 - 0x12206d4311b5203845513869162f9ef894c4d188f4efbef04fc9d4d51d55377c5d48 - 
Sat, 22 Jul 2023 12:35:57 GMT - INFO - Processed block - 7239316 - 0x1220c76f832e2aa5ecf29d4ebf5e5e82ee15b6c8fa6a8d11c6b573b59a8ba0a9cf12 - 
Sat, 22 Jul 2023 12:35:57 GMT - INFO - Updated pixels map - 
Sat, 22 Jul 2023 12:36:01 GMT - INFO - Processed block - 7239317 - 0x12203e25cd675cd9dded223de9b2b391e7cffcee50a0fa658609f5bddca689e8f8eb - 
Sat, 22 Jul 2023 12:36:02 GMT - INFO - Updated pixels map - 
Sat, 22 Jul 2023 12:36:05 GMT - INFO - Processed block - 7239318 - 0x1220a535eeff4d7c3e6cbe15908a4a83509f219ea93803657f8b1b9f85c65aa3252c - 
Sat, 22 Jul 2023 12:36:06 GMT - INFO - Processed block - 7239319 - 0x1220ed461856f822ef5588d23a7a145cce43c4a1a8a9b85d241881bc5320c535b3d4 - 
Sat, 22 Jul 2023 12:36:07 GMT - INFO - Updated pixels map - 
Sat, 22 Jul 2023 12:36:07 GMT - INFO - Processed block - 7239320 - 0x1220c42f946721bf798d9dc747b45bd0f4cc47908592a93ddfd1f6577001af580d95 - 
Sat, 22 Jul 2023 12:36:11 GMT - INFO - Processed block - 7239321 - 0x122058c0b06e83db9a6785a7bc455d7f65dd414440a5d3450161a34961f21ae7725c - 
Sat, 22 Jul 2023 12:36:12 GMT - INFO - Updated pixels map - 
Sat, 22 Jul 2023 12:36:15 GMT - INFO - Processed block - 7239322 - 0x1220fd737d49e8f0e2436d2a0f68888184cecc25c966729330c94f5b1c051c62009f - 
Sat, 22 Jul 2023 12:36:16 GMT - INFO - Processed block - 7239323 - 0x122077549cf7994135cdec952fa9651db1a3a2d67c186e2b1a91f681f1c787cfa1db - 
Sat, 22 Jul 2023 12:36:17 GMT - INFO - Updated pixels map - 
Sat, 22 Jul 2023 12:36:20 GMT - INFO - Processed block - 7239324 - 0x1220b71450cf7d0dfcc5be212c55b4bf146d83902c9ab83444191f5f0e9d5fcf6ebb - 
Sat, 22 Jul 2023 12:36:22 GMT - INFO - Updated pixels map - 
Sat, 22 Jul 2023 12:36:27 GMT - INFO - Updated pixels map - 
Sat, 22 Jul 2023 12:36:28 GMT - INFO - Processed block - 7239325 - 0x1220da2493f8a1837259a8069e9665e9e78a5873ee63a629b33f021a5118440cfc10 - 
Sat, 22 Jul 2023 12:36:29 GMT - INFO - Processed block - 7239326 - 0x1220ea5b27e14d28122315fba788422f072c6186b9a3c5d68c00729d90706f31e681 - 
Sat, 22 Jul 2023 12:36:32 GMT - INFO - Updated pixels map - 
Sat, 22 Jul 2023 12:36:37 GMT - INFO - Updated pixels map - 
Sat, 22 Jul 2023 12:36:37 GMT - INFO - Processed block - 7239327 - 0x1220150bcd3cda2b7942dcb387a1541e06f338ea20e3281fd79632ee1375eaf396f8 - 
Sat, 22 Jul 2023 12:36:41 GMT - INFO - Processed block - 7239328 - 0x12209b2c51abed3af3a51c0df4a92e940562000961f40749559b41e7582d7b170019 - 
Sat, 22 Jul 2023 12:36:42 GMT - INFO - Updated pixels map - 
Sat, 22 Jul 2023 12:36:42 GMT - INFO - Processed block - 7239329 - 0x12201b26b75572edf15ed0f36cee0ac4bc66e1ffb72e8f06ef78d4bb69fd1e2fa890 - 
Sat, 22 Jul 2023 12:36:47 GMT - INFO - Updated pixels map - 
Sat, 22 Jul 2023 12:36:52 GMT - INFO - Updated pixels map - 
Sat, 22 Jul 2023 12:36:53 GMT - INFO - Processed block - 7239330 - 0x1220dcbc1fbd36c864e849363b44a077b7458a72f2ae9ae0bd6ca12ba6b832e183f4 - 
Sat, 22 Jul 2023 12:36:57 GMT - INFO - Updated pixels map - 
Sat, 22 Jul 2023 12:37:00 GMT - INFO - Processed block - 7239331 - 0x12202efa5c877b1661bfac0862aaa249dd8b61ce01ffd8b797f1a591be251f938892 - 
Sat, 22 Jul 2023 12:37:01 GMT - INFO - Processed block - 7239332 - 0x1220a2616698f3b4de959bf36b1193c694fefbb77961d7e331f46a261d3bc3f2f96a - 
Sat, 22 Jul 2023 12:37:02 GMT - INFO - Updated pixels map - 
Sat, 22 Jul 2023 12:37:02 GMT - INFO - Processed block - 7239333 - 0x12207485128bb621abef1b388a6ce97f568d5fc284b35ec35b3d395bd6e0bbdb7a3f - 
Sat, 22 Jul 2023 12:37:06 GMT - INFO - Processed block - 7239334 - 0x12206793b666bbfdbb199a38d62adee0def9046d90f1f2f834e9cc12f24e615efe14 - 
Sat, 22 Jul 2023 12:37:07 GMT - INFO - Processed block - 7239335 - 0x1220e9762d75fc4e372116fb4a53c8fcd9bdf64aba0b5c1c62693ee7bf32ee26f545 - 
Sat, 22 Jul 2023 12:37:07 GMT - INFO - Updated pixels map - 
Sat, 22 Jul 2023 12:37:07 GMT - INFO - Processed block - 7239336 - 0x122076c2a2d921c529569ec3fdfdcc336f47427b0c93f1be96a638c9082e20c56d67 - 
Sat, 22 Jul 2023 12:37:12 GMT - INFO - Processed block - 7239337 - 0x122097742b865905340852f66cc42bd0ed6429d1b95a90b95b29051691306e001312 - 
Sat, 22 Jul 2023 12:37:12 GMT - INFO - Updated pixels map - 
Sat, 22 Jul 2023 12:37:13 GMT - INFO - Processed block - 7239338 - 0x1220ca7fa5d875f1d73500782dafba0be4b37bf717dc76babc132392da093258a071 - 
Sat, 22 Jul 2023 12:37:14 GMT - INFO - Processed block - 7239339 - 0x12204011bb1fd271123a6973270f18364f2c275ba38b4fe63f3fc6d27fee67620351 - 
Sat, 22 Jul 2023 12:37:15 GMT - INFO - _@::1 - Disconnected from Websocket - transport close - 
Sat, 22 Jul 2023 12:37:16 GMT - INFO - _@::1 - New connection to Websocket - 
Sat, 22 Jul 2023 12:37:17 GMT - INFO - Updated pixels map - 
Sat, 22 Jul 2023 12:37:18 GMT - INFO - Processed block - 7239340 - 0x12208ceaea836d68c718687f87c75e1b44cc81ccdbf6e6843a798f91ceb57d336af6 - 
Sat, 22 Jul 2023 12:37:22 GMT - INFO - Updated pixels map - 
Sat, 22 Jul 2023 12:37:22 GMT - INFO - Processed block - 7239341 - 0x1220a4eb522ee68580ef4ea625ac5b33bf03eb7ae297c9238fcab09e33783b4dbc62 - 
Sat, 22 Jul 2023 12:37:23 GMT - INFO - Processed block - 7239342 - 0x1220a0d54e346cfc03cc3139a7e090b7eb70c017c076732e7370dc49872883c36fd4 - 
Sat, 22 Jul 2023 12:37:27 GMT - INFO - Processed block - 7239343 - 0x122004b6ac14e807606ffd049a6bbda900373a21c97bf9596d5fa3fa0a2bcfee3f9d - 
Sat, 22 Jul 2023 12:37:27 GMT - INFO - Updated pixels map - 
Sat, 22 Jul 2023 12:37:28 GMT - INFO - Processed block - 7239344 - 0x1220dc7fbc1d9bca4abf9985689cb2a9f1d0d3fda1ea7e9d026180e0021941c5cfa8 - 
Sat, 22 Jul 2023 12:37:29 GMT - INFO - Processed block - 7239345 - 0x1220769d4b6241decc2b1fbb6bf57aaa9fc7c7d9320648d4951f8faa7ee0807786c8 - 
Sat, 22 Jul 2023 12:37:30 GMT - INFO - Processed block - 7239346 - 0x1220f66b0de278945fefc329fb1c786e6a52b525669355562897fb3c0cc693e0eb6f - 
Sat, 22 Jul 2023 12:37:32 GMT - INFO - Updated pixels map - 
Sat, 22 Jul 2023 12:37:33 GMT - INFO - _@::1 - Disconnected from Websocket - transport close - 
Sat, 22 Jul 2023 12:37:34 GMT - INFO - Processed block - 7239347 - 0x122075fbe366bf835136914f8692a33c977e9c17092587c3f00b96afdac2490b3adf - 
Sat, 22 Jul 2023 12:37:35 GMT - INFO - Processed block - 7239348 - 0x12207d37b4dbe73b7f9a379eaebe979e25e2acf06e84a46e43f158600d3c845ec411 - 
